<?xml version="1.0" encoding="UTF-8"?>
<testsuite name="peep.xchange.Users.UserControllerTests" tests="5" skipped="0" failures="0" errors="0" timestamp="2024-06-01T23:48:57" hostname="DREW" time="0.36">
  <properties/>
  <testcase name="testGetAllUsers()" classname="peep.xchange.Users.UserControllerTests" time="0.275"/>
  <testcase name="testUpdateUser()" classname="peep.xchange.Users.UserControllerTests" time="0.03"/>
  <testcase name="testCreateUser()" classname="peep.xchange.Users.UserControllerTests" time="0.014"/>
  <testcase name="testDeleteUser()" classname="peep.xchange.Users.UserControllerTests" time="0.021"/>
  <testcase name="testGetUserById()" classname="peep.xchange.Users.UserControllerTests" time="0.014"/>
  <system-out><![CDATA[2024-06-01T19:48:56.557-04:00  INFO 3836 --- [    Test worker] t.c.s.AnnotationConfigContextLoaderUtils : Could not detect default configuration classes for test class [peep.xchange.Users.UserControllerTests]: UserControllerTests does not declare any static, non-private, non-final, nested classes annotated with @Configuration.
2024-06-01T19:48:56.573-04:00  INFO 3836 --- [    Test worker] .b.t.c.SpringBootTestContextBootstrapper : Found @SpringBootConfiguration peep.xchange.CashCardApplication for test class peep.xchange.Users.UserControllerTests
  .   ____          _            __ _ _
 /\\ / ___'_ __ _ _(_)_ __  __ _ \ \ \ \
( ( )\___ | '_ | '_| | '_ \/ _` | \ \ \ \
 \\/  ___)| |_)| | | | | || (_| |  ) ) ) )
  '  |____| .__|_| |_|_| |_\__, | / / / /
 =========|_|==============|___/=/_/_/_/

 :: Spring Boot ::                (v3.3.0)

2024-06-01T19:48:56.594-04:00  INFO 3836 --- [    Test worker] peep.xchange.Users.UserControllerTests   : Starting UserControllerTests using Java 21.0.3 with PID 3836 (started by Dmers in C:\Users\Dmers\Code\Spring\PeepMonopoly)
2024-06-01T19:48:56.594-04:00  INFO 3836 --- [    Test worker] peep.xchange.Users.UserControllerTests   : No active profile set, falling back to 1 default profile: "default"
2024-06-01T19:48:57.094-04:00  INFO 3836 --- [    Test worker] o.s.b.a.w.s.WelcomePageHandlerMapping    : Adding welcome page: class path resource [static/index.html]
2024-06-01T19:48:57.266-04:00  WARN 3836 --- [    Test worker] .s.s.UserDetailsServiceAutoConfiguration : 

Using generated security password: 336a09eb-3701-4801-8a7d-54bcb93ecc4f

This generated password is for development use only. Your security configuration must be updated before running your application in production.

2024-06-01T19:48:57.325-04:00  INFO 3836 --- [    Test worker] r$InitializeUserDetailsManagerConfigurer : Global AuthenticationManager configured with UserDetailsService bean with name inMemoryUserDetailsManager
2024-06-01T19:48:57.363-04:00  INFO 3836 --- [    Test worker] o.s.s.web.DefaultSecurityFilterChain     : Will secure any request with [org.springframework.security.web.session.DisableEncodeUrlFilter@351aa7f, org.springframework.security.web.context.request.async.WebAsyncManagerIntegrationFilter@7a56c3c7, org.springframework.security.web.context.SecurityContextHolderFilter@3c9163df, org.springframework.security.web.header.HeaderWriterFilter@1946d235, org.springframework.web.filter.CorsFilter@4105b1d2, org.springframework.security.web.csrf.CsrfFilter@17fac5b2, org.springframework.security.web.authentication.logout.LogoutFilter@32142479, org.springframework.security.web.authentication.UsernamePasswordAuthenticationFilter@dc6c5ca, org.springframework.security.web.authentication.ui.DefaultLoginPageGeneratingFilter@475ca2c6, org.springframework.security.web.authentication.ui.DefaultLogoutPageGeneratingFilter@4f168322, org.springframework.security.web.authentication.www.BasicAuthenticationFilter@1e620fe7, org.springframework.security.web.savedrequest.RequestCacheAwareFilter@7d07e6aa, org.springframework.security.web.servletapi.SecurityContextHolderAwareRequestFilter@68a4129d, org.springframework.security.web.authentication.AnonymousAuthenticationFilter@411acaed, org.springframework.security.web.access.ExceptionTranslationFilter@75dc1d5a, org.springframework.security.web.access.intercept.AuthorizationFilter@58842f55]
2024-06-01T19:48:57.584-04:00  INFO 3836 --- [    Test worker] o.s.b.t.m.w.SpringBootMockServletContext : Initializing Spring TestDispatcherServlet ''
2024-06-01T19:48:57.584-04:00  INFO 3836 --- [    Test worker] o.s.t.web.servlet.TestDispatcherServlet  : Initializing Servlet ''
2024-06-01T19:48:57.585-04:00  INFO 3836 --- [    Test worker] o.s.t.web.servlet.TestDispatcherServlet  : Completed initialization in 1 ms
2024-06-01T19:48:57.634-04:00  INFO 3836 --- [    Test worker] peep.xchange.Users.UserControllerTests   : Started UserControllerTests in 1.055 seconds (process running for 12.792)
2024-06-01T19:48:57.796-04:00  INFO 3836 --- [    Test worker] o.s.mock.web.MockServletContext          : Initializing Spring TestDispatcherServlet ''
2024-06-01T19:48:57.796-04:00  INFO 3836 --- [    Test worker] o.s.t.web.servlet.TestDispatcherServlet  : Initializing Servlet ''
2024-06-01T19:48:57.796-04:00  INFO 3836 --- [    Test worker] o.s.t.web.servlet.TestDispatcherServlet  : Completed initialization in 0 ms
2024-06-01T19:48:57.941-04:00  INFO 3836 --- [    Test worker] o.s.mock.web.MockServletContext          : Initializing Spring TestDispatcherServlet ''
2024-06-01T19:48:57.942-04:00  INFO 3836 --- [    Test worker] o.s.t.web.servlet.TestDispatcherServlet  : Initializing Servlet ''
2024-06-01T19:48:57.942-04:00  INFO 3836 --- [    Test worker] o.s.t.web.servlet.TestDispatcherServlet  : Completed initialization in 0 ms
2024-06-01T19:48:57.973-04:00  INFO 3836 --- [    Test worker] o.s.mock.web.MockServletContext          : Initializing Spring TestDispatcherServlet ''
2024-06-01T19:48:57.973-04:00  INFO 3836 --- [    Test worker] o.s.t.web.servlet.TestDispatcherServlet  : Initializing Servlet ''
2024-06-01T19:48:57.973-04:00  INFO 3836 --- [    Test worker] o.s.t.web.servlet.TestDispatcherServlet  : Completed initialization in 0 ms
2024-06-01T19:48:57.988-04:00  INFO 3836 --- [    Test worker] o.s.mock.web.MockServletContext          : Initializing Spring TestDispatcherServlet ''
2024-06-01T19:48:57.988-04:00  INFO 3836 --- [    Test worker] o.s.t.web.servlet.TestDispatcherServlet  : Initializing Servlet ''
2024-06-01T19:48:57.988-04:00  INFO 3836 --- [    Test worker] o.s.t.web.servlet.TestDispatcherServlet  : Completed initialization in 0 ms
2024-06-01T19:48:58.009-04:00  INFO 3836 --- [    Test worker] o.s.mock.web.MockServletContext          : Initializing Spring TestDispatcherServlet ''
2024-06-01T19:48:58.009-04:00  INFO 3836 --- [    Test worker] o.s.t.web.servlet.TestDispatcherServlet  : Initializing Servlet ''
2024-06-01T19:48:58.009-04:00  INFO 3836 --- [    Test worker] o.s.t.web.servlet.TestDispatcherServlet  : Completed initialization in 0 ms
]]></system-out>
  <system-err><![CDATA[]]></system-err>
</testsuite>
