<?xml version="1.0" encoding="UTF-8"?>
<testsuite name="example.cashcard.CashCardApplicationTests" tests="16" skipped="0" failures="0" errors="0" timestamp="2024-05-23T21:11:41" hostname="DREW" time="4.388">
  <properties/>
  <testcase name="shouldReturnASortedPageOfCashCards()" classname="example.cashcard.CashCardApplicationTests" time="1.001"/>
  <testcase name="shouldNotAllowDeletionOfCashCardsTheyDoNotOwn()" classname="example.cashcard.CashCardApplicationTests" time="0.136"/>
  <testcase name="shouldDeleteAnExistingCashCard()" classname="example.cashcard.CashCardApplicationTests" time="0.147"/>
  <testcase name="shouldNotAllowAccessToCashCardsTheyDoNotOwn()" classname="example.cashcard.CashCardApplicationTests" time="0.115"/>
  <testcase name="shouldNotUpdateACashCardThatIsOwnedBySomeoneElse()" classname="example.cashcard.CashCardApplicationTests" time="0.081"/>
  <testcase name="shouldReturnACashCardWhenDataIsSaved()" classname="example.cashcard.CashCardApplicationTests" time="0.059"/>
  <testcase name="shouldNotDeleteACashCardThatDoesNotExist()" classname="example.cashcard.CashCardApplicationTests" time="0.058"/>
  <testcase name="shouldCreateANewCashCard()" classname="example.cashcard.CashCardApplicationTests" time="0.17"/>
  <testcase name="shouldRejectUsersWhoAreNotCardOwners()" classname="example.cashcard.CashCardApplicationTests" time="0.116"/>
  <testcase name="shouldReturnAPageOfCashCards()" classname="example.cashcard.CashCardApplicationTests" time="0.063"/>
  <testcase name="shouldUpdateAnExistingCashCard()" classname="example.cashcard.CashCardApplicationTests" time="0.136"/>
  <testcase name="shouldNotUpdateACashCardThatDoesNotExist()" classname="example.cashcard.CashCardApplicationTests" time="0.112"/>
  <testcase name="shouldNotReturnACashCardWhenUsingBadCredentials()" classname="example.cashcard.CashCardApplicationTests" time="0.114"/>
  <testcase name="shouldReturnAllCashCardsWhenListIsRequested()" classname="example.cashcard.CashCardApplicationTests" time="0.067"/>
  <testcase name="shouldReturnASortedPageOfCashCardsWithNoParametersAndUseDefaultValues()" classname="example.cashcard.CashCardApplicationTests" time="0.058"/>
  <testcase name="shouldNotReturnACashCardWithAnUnknownId()" classname="example.cashcard.CashCardApplicationTests" time="0.063"/>
  <system-out><![CDATA[17:11:36.401 [Test worker] INFO org.springframework.test.context.support.AnnotationConfigContextLoaderUtils -- Could not detect default configuration classes for test class [example.cashcard.CashCardApplicationTests]: CashCardApplicationTests does not declare any static, non-private, non-final, nested classes annotated with @Configuration.
17:11:36.519 [Test worker] INFO org.springframework.boot.test.context.SpringBootTestContextBootstrapper -- Found @SpringBootConfiguration example.cashcard.CashCardApplication for test class example.cashcard.CashCardApplicationTests

  .   ____          _            __ _ _
 /\\ / ___'_ __ _ _(_)_ __  __ _ \ \ \ \
( ( )\___ | '_ | '_| | '_ \/ _` | \ \ \ \
 \\/  ___)| |_)| | | | | || (_| |  ) ) ) )
  '  |____| .__|_| |_|_| |_\__, | / / / /
 =========|_|==============|___/=/_/_/_/
 :: Spring Boot ::                (v3.2.5)

2024-05-23T17:11:36.891-04:00  INFO 11736 --- [CashCard] [    Test worker] e.cashcard.CashCardApplicationTests      : Starting CashCardApplicationTests using Java 21.0.3 with PID 11736 (started by Dmers in C:\Users\Dmers\Code\Spring\cashcard)
2024-05-23T17:11:36.892-04:00  INFO 11736 --- [CashCard] [    Test worker] e.cashcard.CashCardApplicationTests      : No active profile set, falling back to 1 default profile: "default"
2024-05-23T17:11:37.708-04:00  INFO 11736 --- [CashCard] [    Test worker] .s.d.r.c.RepositoryConfigurationDelegate : Bootstrapping Spring Data JDBC repositories in DEFAULT mode.
2024-05-23T17:11:37.741-04:00  INFO 11736 --- [CashCard] [    Test worker] .s.d.r.c.RepositoryConfigurationDelegate : Finished Spring Data repository scanning in 29 ms. Found 1 JDBC repository interface.
2024-05-23T17:11:38.381-04:00  INFO 11736 --- [CashCard] [    Test worker] o.s.b.w.embedded.tomcat.TomcatWebServer  : Tomcat initialized with port 0 (http)
2024-05-23T17:11:38.391-04:00  INFO 11736 --- [CashCard] [    Test worker] o.apache.catalina.core.StandardService   : Starting service [Tomcat]
2024-05-23T17:11:38.392-04:00  INFO 11736 --- [CashCard] [    Test worker] o.apache.catalina.core.StandardEngine    : Starting Servlet engine: [Apache Tomcat/10.1.20]
2024-05-23T17:11:38.447-04:00  INFO 11736 --- [CashCard] [    Test worker] o.a.c.c.C.[Tomcat].[localhost].[/]       : Initializing Spring embedded WebApplicationContext
2024-05-23T17:11:38.448-04:00  INFO 11736 --- [CashCard] [    Test worker] w.s.c.ServletWebServerApplicationContext : Root WebApplicationContext: initialization completed in 1540 ms
2024-05-23T17:11:38.724-04:00  INFO 11736 --- [CashCard] [    Test worker] o.s.j.d.e.EmbeddedDatabaseFactory        : Starting embedded database: url='jdbc:h2:mem:4c08716c-940d-4a06-b15f-cd99279512cd;DB_CLOSE_DELAY=-1;DB_CLOSE_ON_EXIT=false', username='sa'
2024-05-23T17:11:40.201-04:00  INFO 11736 --- [CashCard] [    Test worker] o.s.b.a.e.web.EndpointLinksResolver      : Exposing 1 endpoint(s) beneath base path '/actuator'
2024-05-23T17:11:40.307-04:00  INFO 11736 --- [CashCard] [    Test worker] o.s.s.web.DefaultSecurityFilterChain     : Will secure any request with [org.springframework.security.web.session.DisableEncodeUrlFilter@43cf5bff, org.springframework.security.web.context.request.async.WebAsyncManagerIntegrationFilter@2b464384, org.springframework.security.web.context.SecurityContextHolderFilter@58b03029, org.springframework.security.web.header.HeaderWriterFilter@71df5f30, org.springframework.web.filter.CorsFilter@681b42d3, org.springframework.security.web.authentication.logout.LogoutFilter@34e07e65, org.springframework.security.web.authentication.www.BasicAuthenticationFilter@3f2ae973, org.springframework.security.web.savedrequest.RequestCacheAwareFilter@3428420d, org.springframework.security.web.servletapi.SecurityContextHolderAwareRequestFilter@523ade68, org.springframework.security.web.authentication.AnonymousAuthenticationFilter@77f7352a, org.springframework.security.web.access.ExceptionTranslationFilter@5ebe903a, org.springframework.security.web.access.intercept.AuthorizationFilter@1ab28416]
2024-05-23T17:11:40.928-04:00  INFO 11736 --- [CashCard] [    Test worker] o.s.b.w.embedded.tomcat.TomcatWebServer  : Tomcat started on port 6425 (http) with context path ''
2024-05-23T17:11:40.939-04:00  INFO 11736 --- [CashCard] [    Test worker] e.cashcard.CashCardApplicationTests      : Started CashCardApplicationTests in 4.288 seconds (process running for 5.308)
2024-05-23T17:11:41.691-04:00  INFO 11736 --- [CashCard] [o-auto-1-exec-1] o.a.c.c.C.[Tomcat].[localhost].[/]       : Initializing Spring DispatcherServlet 'dispatcherServlet'
2024-05-23T17:11:41.691-04:00  INFO 11736 --- [CashCard] [o-auto-1-exec-1] o.s.web.servlet.DispatcherServlet        : Initializing Servlet 'dispatcherServlet'
2024-05-23T17:11:41.692-04:00  INFO 11736 --- [CashCard] [o-auto-1-exec-1] o.s.web.servlet.DispatcherServlet        : Completed initialization in 1 ms
2024-05-23T17:11:42.330-04:00  INFO 11736 --- [CashCard] [    Test worker] o.s.j.d.e.EmbeddedDatabaseFactory        : Shutting down embedded database: url='jdbc:h2:mem:4c08716c-940d-4a06-b15f-cd99279512cd;DB_CLOSE_DELAY=-1;DB_CLOSE_ON_EXIT=false'

  .   ____          _            __ _ _
 /\\ / ___'_ __ _ _(_)_ __  __ _ \ \ \ \
( ( )\___ | '_ | '_| | '_ \/ _` | \ \ \ \
 \\/  ___)| |_)| | | | | || (_| |  ) ) ) )
  '  |____| .__|_| |_|_| |_\__, | / / / /
 =========|_|==============|___/=/_/_/_/
 :: Spring Boot ::                (v3.2.5)

2024-05-23T17:11:42.361-04:00  INFO 11736 --- [CashCard] [    Test worker] e.cashcard.CashCardApplicationTests      : Starting CashCardApplicationTests using Java 21.0.3 with PID 11736 (started by Dmers in C:\Users\Dmers\Code\Spring\cashcard)
2024-05-23T17:11:42.361-04:00  INFO 11736 --- [CashCard] [    Test worker] e.cashcard.CashCardApplicationTests      : No active profile set, falling back to 1 default profile: "default"
2024-05-23T17:11:42.616-04:00  INFO 11736 --- [CashCard] [    Test worker] .s.d.r.c.RepositoryConfigurationDelegate : Bootstrapping Spring Data JDBC repositories in DEFAULT mode.
2024-05-23T17:11:42.621-04:00  INFO 11736 --- [CashCard] [    Test worker] .s.d.r.c.RepositoryConfigurationDelegate : Finished Spring Data repository scanning in 4 ms. Found 1 JDBC repository interface.
2024-05-23T17:11:42.672-04:00  INFO 11736 --- [CashCard] [    Test worker] o.s.b.w.embedded.tomcat.TomcatWebServer  : Tomcat initialized with port 0 (http)
2024-05-23T17:11:42.674-04:00  INFO 11736 --- [CashCard] [    Test worker] o.apache.catalina.core.StandardService   : Starting service [Tomcat]
2024-05-23T17:11:42.674-04:00  INFO 11736 --- [CashCard] [    Test worker] o.apache.catalina.core.StandardEngine    : Starting Servlet engine: [Apache Tomcat/10.1.20]
2024-05-23T17:11:42.691-04:00  INFO 11736 --- [CashCard] [    Test worker] o.a.c.c.C.[Tomcat].[localhost].[/]       : Initializing Spring embedded WebApplicationContext
2024-05-23T17:11:42.691-04:00  INFO 11736 --- [CashCard] [    Test worker] w.s.c.ServletWebServerApplicationContext : Root WebApplicationContext: initialization completed in 328 ms
2024-05-23T17:11:42.747-04:00  INFO 11736 --- [CashCard] [    Test worker] o.s.j.d.e.EmbeddedDatabaseFactory        : Starting embedded database: url='jdbc:h2:mem:0c35715f-cfe1-4e42-afad-86a9e529ab77;DB_CLOSE_DELAY=-1;DB_CLOSE_ON_EXIT=false', username='sa'
2024-05-23T17:11:43.014-04:00  INFO 11736 --- [CashCard] [    Test worker] o.s.b.a.e.web.EndpointLinksResolver      : Exposing 1 endpoint(s) beneath base path '/actuator'
2024-05-23T17:11:43.020-04:00  INFO 11736 --- [CashCard] [    Test worker] o.s.s.web.DefaultSecurityFilterChain     : Will secure any request with [org.springframework.security.web.session.DisableEncodeUrlFilter@67c1fc9b, org.springframework.security.web.context.request.async.WebAsyncManagerIntegrationFilter@50f65fe0, org.springframework.security.web.context.SecurityContextHolderFilter@696a6506, org.springframework.security.web.header.HeaderWriterFilter@52e5ad71, org.springframework.web.filter.CorsFilter@18a538a0, org.springframework.security.web.authentication.logout.LogoutFilter@69b436a7, org.springframework.security.web.authentication.www.BasicAuthenticationFilter@2f08e6d3, org.springframework.security.web.savedrequest.RequestCacheAwareFilter@1134a934, org.springframework.security.web.servletapi.SecurityContextHolderAwareRequestFilter@2cbd855e, org.springframework.security.web.authentication.AnonymousAuthenticationFilter@70736b19, org.springframework.security.web.access.ExceptionTranslationFilter@2862bac6, org.springframework.security.web.access.intercept.AuthorizationFilter@1d2aa638]
2024-05-23T17:11:43.072-04:00  INFO 11736 --- [CashCard] [    Test worker] o.s.b.w.embedded.tomcat.TomcatWebServer  : Tomcat started on port 6428 (http) with context path ''
2024-05-23T17:11:43.082-04:00  INFO 11736 --- [CashCard] [    Test worker] e.cashcard.CashCardApplicationTests      : Started CashCardApplicationTests in 0.742 seconds (process running for 7.449)
2024-05-23T17:11:43.089-04:00  INFO 11736 --- [CashCard] [o-auto-2-exec-1] o.a.c.c.C.[Tomcat].[localhost].[/]       : Initializing Spring DispatcherServlet 'dispatcherServlet'
2024-05-23T17:11:43.089-04:00  INFO 11736 --- [CashCard] [o-auto-2-exec-1] o.s.web.servlet.DispatcherServlet        : Initializing Servlet 'dispatcherServlet'
2024-05-23T17:11:43.090-04:00  INFO 11736 --- [CashCard] [o-auto-2-exec-1] o.s.web.servlet.DispatcherServlet        : Completed initialization in 1 ms
2024-05-23T17:11:43.566-04:00  INFO 11736 --- [CashCard] [    Test worker] o.s.j.d.e.EmbeddedDatabaseFactory        : Shutting down embedded database: url='jdbc:h2:mem:0c35715f-cfe1-4e42-afad-86a9e529ab77;DB_CLOSE_DELAY=-1;DB_CLOSE_ON_EXIT=false'

  .   ____          _            __ _ _
 /\\ / ___'_ __ _ _(_)_ __  __ _ \ \ \ \
( ( )\___ | '_ | '_| | '_ \/ _` | \ \ \ \
 \\/  ___)| |_)| | | | | || (_| |  ) ) ) )
  '  |____| .__|_| |_|_| |_\__, | / / / /
 =========|_|==============|___/=/_/_/_/
 :: Spring Boot ::                (v3.2.5)

2024-05-23T17:11:43.588-04:00  INFO 11736 --- [CashCard] [    Test worker] e.cashcard.CashCardApplicationTests      : Starting CashCardApplicationTests using Java 21.0.3 with PID 11736 (started by Dmers in C:\Users\Dmers\Code\Spring\cashcard)
2024-05-23T17:11:43.588-04:00  INFO 11736 --- [CashCard] [    Test worker] e.cashcard.CashCardApplicationTests      : No active profile set, falling back to 1 default profile: "default"
2024-05-23T17:11:43.790-04:00  INFO 11736 --- [CashCard] [    Test worker] .s.d.r.c.RepositoryConfigurationDelegate : Bootstrapping Spring Data JDBC repositories in DEFAULT mode.
2024-05-23T17:11:43.794-04:00  INFO 11736 --- [CashCard] [    Test worker] .s.d.r.c.RepositoryConfigurationDelegate : Finished Spring Data repository scanning in 3 ms. Found 1 JDBC repository interface.
2024-05-23T17:11:43.838-04:00  INFO 11736 --- [CashCard] [    Test worker] o.s.b.w.embedded.tomcat.TomcatWebServer  : Tomcat initialized with port 0 (http)
2024-05-23T17:11:43.839-04:00  INFO 11736 --- [CashCard] [    Test worker] o.apache.catalina.core.StandardService   : Starting service [Tomcat]
2024-05-23T17:11:43.840-04:00  INFO 11736 --- [CashCard] [    Test worker] o.apache.catalina.core.StandardEngine    : Starting Servlet engine: [Apache Tomcat/10.1.20]
2024-05-23T17:11:43.855-04:00  INFO 11736 --- [CashCard] [    Test worker] o.a.c.c.C.[Tomcat].[localhost].[/]       : Initializing Spring embedded WebApplicationContext
2024-05-23T17:11:43.855-04:00  INFO 11736 --- [CashCard] [    Test worker] w.s.c.ServletWebServerApplicationContext : Root WebApplicationContext: initialization completed in 264 ms
2024-05-23T17:11:43.886-04:00  INFO 11736 --- [CashCard] [    Test worker] o.s.j.d.e.EmbeddedDatabaseFactory        : Starting embedded database: url='jdbc:h2:mem:428671f5-0ff4-40ad-8394-2b15a02788ab;DB_CLOSE_DELAY=-1;DB_CLOSE_ON_EXIT=false', username='sa'
2024-05-23T17:11:44.131-04:00  INFO 11736 --- [CashCard] [    Test worker] o.s.b.a.e.web.EndpointLinksResolver      : Exposing 1 endpoint(s) beneath base path '/actuator'
2024-05-23T17:11:44.136-04:00  INFO 11736 --- [CashCard] [    Test worker] o.s.s.web.DefaultSecurityFilterChain     : Will secure any request with [org.springframework.security.web.session.DisableEncodeUrlFilter@69a14512, org.springframework.security.web.context.request.async.WebAsyncManagerIntegrationFilter@4bd7e0b6, org.springframework.security.web.context.SecurityContextHolderFilter@13198b8e, org.springframework.security.web.header.HeaderWriterFilter@75392381, org.springframework.web.filter.CorsFilter@2cbc0224, org.springframework.security.web.authentication.logout.LogoutFilter@6d0d5147, org.springframework.security.web.authentication.www.BasicAuthenticationFilter@6e21b6f8, org.springframework.security.web.savedrequest.RequestCacheAwareFilter@5ae5a507, org.springframework.security.web.servletapi.SecurityContextHolderAwareRequestFilter@e8ef60b, org.springframework.security.web.authentication.AnonymousAuthenticationFilter@4fc9e73d, org.springframework.security.web.access.ExceptionTranslationFilter@66464f27, org.springframework.security.web.access.intercept.AuthorizationFilter@63f08f9f]
2024-05-23T17:11:44.175-04:00  INFO 11736 --- [CashCard] [    Test worker] o.s.b.w.embedded.tomcat.TomcatWebServer  : Tomcat started on port 6431 (http) with context path ''
2024-05-23T17:11:44.178-04:00  INFO 11736 --- [CashCard] [    Test worker] e.cashcard.CashCardApplicationTests      : Started CashCardApplicationTests in 0.608 seconds (process running for 8.546)
2024-05-23T17:11:44.184-04:00  INFO 11736 --- [CashCard] [o-auto-3-exec-1] o.a.c.c.C.[Tomcat].[localhost].[/]       : Initializing Spring DispatcherServlet 'dispatcherServlet'
2024-05-23T17:11:44.184-04:00  INFO 11736 --- [CashCard] [o-auto-3-exec-1] o.s.web.servlet.DispatcherServlet        : Initializing Servlet 'dispatcherServlet'
2024-05-23T17:11:44.184-04:00  INFO 11736 --- [CashCard] [o-auto-3-exec-1] o.s.web.servlet.DispatcherServlet        : Completed initialization in 0 ms
2024-05-23T17:11:44.494-04:00  INFO 11736 --- [CashCard] [    Test worker] o.s.j.d.e.EmbeddedDatabaseFactory        : Shutting down embedded database: url='jdbc:h2:mem:428671f5-0ff4-40ad-8394-2b15a02788ab;DB_CLOSE_DELAY=-1;DB_CLOSE_ON_EXIT=false'

  .   ____          _            __ _ _
 /\\ / ___'_ __ _ _(_)_ __  __ _ \ \ \ \
( ( )\___ | '_ | '_| | '_ \/ _` | \ \ \ \
 \\/  ___)| |_)| | | | | || (_| |  ) ) ) )
  '  |____| .__|_| |_|_| |_\__, | / / / /
 =========|_|==============|___/=/_/_/_/
 :: Spring Boot ::                (v3.2.5)

2024-05-23T17:11:44.511-04:00  INFO 11736 --- [CashCard] [    Test worker] e.cashcard.CashCardApplicationTests      : Starting CashCardApplicationTests using Java 21.0.3 with PID 11736 (started by Dmers in C:\Users\Dmers\Code\Spring\cashcard)
2024-05-23T17:11:44.511-04:00  INFO 11736 --- [CashCard] [    Test worker] e.cashcard.CashCardApplicationTests      : No active profile set, falling back to 1 default profile: "default"
2024-05-23T17:11:44.675-04:00  INFO 11736 --- [CashCard] [    Test worker] .s.d.r.c.RepositoryConfigurationDelegate : Bootstrapping Spring Data JDBC repositories in DEFAULT mode.
2024-05-23T17:11:44.680-04:00  INFO 11736 --- [CashCard] [    Test worker] .s.d.r.c.RepositoryConfigurationDelegate : Finished Spring Data repository scanning in 4 ms. Found 1 JDBC repository interface.
2024-05-23T17:11:44.720-04:00  INFO 11736 --- [CashCard] [    Test worker] o.s.b.w.embedded.tomcat.TomcatWebServer  : Tomcat initialized with port 0 (http)
2024-05-23T17:11:44.721-04:00  INFO 11736 --- [CashCard] [    Test worker] o.apache.catalina.core.StandardService   : Starting service [Tomcat]
2024-05-23T17:11:44.721-04:00  INFO 11736 --- [CashCard] [    Test worker] o.apache.catalina.core.StandardEngine    : Starting Servlet engine: [Apache Tomcat/10.1.20]
2024-05-23T17:11:44.734-04:00  INFO 11736 --- [CashCard] [    Test worker] o.a.c.c.C.[Tomcat].[localhost].[/]       : Initializing Spring embedded WebApplicationContext
2024-05-23T17:11:44.735-04:00  INFO 11736 --- [CashCard] [    Test worker] w.s.c.ServletWebServerApplicationContext : Root WebApplicationContext: initialization completed in 223 ms
2024-05-23T17:11:44.759-04:00  INFO 11736 --- [CashCard] [    Test worker] o.s.j.d.e.EmbeddedDatabaseFactory        : Starting embedded database: url='jdbc:h2:mem:ce9f429f-5b69-4a0b-b2de-1f16616d24c9;DB_CLOSE_DELAY=-1;DB_CLOSE_ON_EXIT=false', username='sa'
2024-05-23T17:11:44.981-04:00  INFO 11736 --- [CashCard] [    Test worker] o.s.b.a.e.web.EndpointLinksResolver      : Exposing 1 endpoint(s) beneath base path '/actuator'
2024-05-23T17:11:44.985-04:00  INFO 11736 --- [CashCard] [    Test worker] o.s.s.web.DefaultSecurityFilterChain     : Will secure any request with [org.springframework.security.web.session.DisableEncodeUrlFilter@36117f63, org.springframework.security.web.context.request.async.WebAsyncManagerIntegrationFilter@1227862a, org.springframework.security.web.context.SecurityContextHolderFilter@536d153b, org.springframework.security.web.header.HeaderWriterFilter@7f5ba1bf, org.springframework.web.filter.CorsFilter@55ed76e6, org.springframework.security.web.authentication.logout.LogoutFilter@6f823df7, org.springframework.security.web.authentication.www.BasicAuthenticationFilter@48028e11, org.springframework.security.web.savedrequest.RequestCacheAwareFilter@25e01756, org.springframework.security.web.servletapi.SecurityContextHolderAwareRequestFilter@76093fa9, org.springframework.security.web.authentication.AnonymousAuthenticationFilter@943184c, org.springframework.security.web.access.ExceptionTranslationFilter@324c3ed5, org.springframework.security.web.access.intercept.AuthorizationFilter@75364777]
2024-05-23T17:11:45.017-04:00  INFO 11736 --- [CashCard] [    Test worker] o.s.b.w.embedded.tomcat.TomcatWebServer  : Tomcat started on port 6434 (http) with context path ''
2024-05-23T17:11:45.019-04:00  INFO 11736 --- [CashCard] [    Test worker] e.cashcard.CashCardApplicationTests      : Started CashCardApplicationTests in 0.522 seconds (process running for 9.387)
2024-05-23T17:11:45.026-04:00  INFO 11736 --- [CashCard] [o-auto-4-exec-1] o.a.c.c.C.[Tomcat].[localhost].[/]       : Initializing Spring DispatcherServlet 'dispatcherServlet'
2024-05-23T17:11:45.027-04:00  INFO 11736 --- [CashCard] [o-auto-4-exec-1] o.s.web.servlet.DispatcherServlet        : Initializing Servlet 'dispatcherServlet'
2024-05-23T17:11:45.027-04:00  INFO 11736 --- [CashCard] [o-auto-4-exec-1] o.s.web.servlet.DispatcherServlet        : Completed initialization in 0 ms
]]></system-out>
  <system-err><![CDATA[WARNING: A Java agent has been loaded dynamically (C:\Users\Dmers\.gradle\caches\modules-2\files-2.1\net.bytebuddy\byte-buddy-agent\1.14.13\979ce25f7d3096a2e82214ba7dc972a05ce7a171\byte-buddy-agent-1.14.13.jar)
WARNING: If a serviceability tool is in use, please run with -XX:+EnableDynamicAgentLoading to hide this warning
WARNING: If a serviceability tool is not in use, please run with -Djdk.instrument.traceUsage for more information
WARNING: Dynamic loading of agents will be disallowed by default in a future release
]]></system-err>
</testsuite>
