<?xml version="1.0" encoding="UTF-8"?>
<testsuite name="peep.xchange.CashCardApplicationTests" tests="16" skipped="0" failures="0" errors="0" timestamp="2024-06-01T22:39:38" hostname="DREW" time="4.681">
  <properties/>
  <testcase name="shouldReturnASortedPageOfCashCards()" classname="peep.xchange.CashCardApplicationTests" time="0.939"/>
  <testcase name="shouldNotAllowDeletionOfCashCardsTheyDoNotOwn()" classname="peep.xchange.CashCardApplicationTests" time="0.138"/>
  <testcase name="shouldDeleteAnExistingCashCard()" classname="peep.xchange.CashCardApplicationTests" time="0.147"/>
  <testcase name="shouldNotAllowAccessToCashCardsTheyDoNotOwn()" classname="peep.xchange.CashCardApplicationTests" time="0.114"/>
  <testcase name="shouldNotUpdateACashCardThatIsOwnedBySomeoneElse()" classname="peep.xchange.CashCardApplicationTests" time="0.079"/>
  <testcase name="shouldReturnACashCardWhenDataIsSaved()" classname="peep.xchange.CashCardApplicationTests" time="0.059"/>
  <testcase name="shouldNotDeleteACashCardThatDoesNotExist()" classname="peep.xchange.CashCardApplicationTests" time="0.06"/>
  <testcase name="shouldCreateANewCashCard()" classname="peep.xchange.CashCardApplicationTests" time="0.221"/>
  <testcase name="shouldRejectUsersWhoAreNotCardOwners()" classname="peep.xchange.CashCardApplicationTests" time="0.121"/>
  <testcase name="shouldReturnAPageOfCashCards()" classname="peep.xchange.CashCardApplicationTests" time="0.061"/>
  <testcase name="shouldUpdateAnExistingCashCard()" classname="peep.xchange.CashCardApplicationTests" time="0.13"/>
  <testcase name="shouldNotUpdateACashCardThatDoesNotExist()" classname="peep.xchange.CashCardApplicationTests" time="0.113"/>
  <testcase name="shouldNotReturnACashCardWhenUsingBadCredentials()" classname="peep.xchange.CashCardApplicationTests" time="0.111"/>
  <testcase name="shouldReturnAllCashCardsWhenListIsRequested()" classname="peep.xchange.CashCardApplicationTests" time="0.067"/>
  <testcase name="shouldReturnASortedPageOfCashCardsWithNoParametersAndUseDefaultValues()" classname="peep.xchange.CashCardApplicationTests" time="0.056"/>
  <testcase name="shouldNotReturnACashCardWithAnUnknownId()" classname="peep.xchange.CashCardApplicationTests" time="0.061"/>
  <system-out><![CDATA[  .   ____          _            __ _ _
 /\\ / ___'_ __ _ _(_)_ __  __ _ \ \ \ \
( ( )\___ | '_ | '_| | '_ \/ _` | \ \ \ \
 \\/  ___)| |_)| | | | | || (_| |  ) ) ) )
  '  |____| .__|_| |_|_| |_\__, | / / / /
 =========|_|==============|___/=/_/_/_/

 :: Spring Boot ::                (v3.3.0)

2024-06-01T18:39:31.842-04:00  INFO 24024 --- [    Test worker] peep.xchange.CashCardApplicationTests    : Starting CashCardApplicationTests using Java 21.0.3 with PID 24024 (started by Dmers in C:\Users\Dmers\Code\Spring\PeepMonopoly)
2024-06-01T18:39:31.844-04:00  INFO 24024 --- [    Test worker] peep.xchange.CashCardApplicationTests    : No active profile set, falling back to 1 default profile: "default"
2024-06-01T18:39:33.048-04:00  INFO 24024 --- [    Test worker] .s.d.r.c.RepositoryConfigurationDelegate : Bootstrapping Spring Data JDBC repositories in DEFAULT mode.
2024-06-01T18:39:33.093-04:00  INFO 24024 --- [    Test worker] .s.d.r.c.RepositoryConfigurationDelegate : Finished Spring Data repository scanning in 40 ms. Found 2 JDBC repository interfaces.
2024-06-01T18:39:33.877-04:00  INFO 24024 --- [    Test worker] o.s.b.w.embedded.tomcat.TomcatWebServer  : Tomcat initialized with port 0 (http)
2024-06-01T18:39:33.891-04:00  INFO 24024 --- [    Test worker] o.apache.catalina.core.StandardService   : Starting service [Tomcat]
2024-06-01T18:39:33.891-04:00  INFO 24024 --- [    Test worker] o.apache.catalina.core.StandardEngine    : Starting Servlet engine: [Apache Tomcat/10.1.24]
2024-06-01T18:39:33.962-04:00  INFO 24024 --- [    Test worker] o.a.c.c.C.[Tomcat].[localhost].[/]       : Initializing Spring embedded WebApplicationContext
2024-06-01T18:39:33.963-04:00  INFO 24024 --- [    Test worker] w.s.c.ServletWebServerApplicationContext : Root WebApplicationContext: initialization completed in 2093 ms
2024-06-01T18:39:34.505-04:00  INFO 24024 --- [    Test worker] com.zaxxer.hikari.HikariDataSource       : HikariPool-1 - Starting...
2024-06-01T18:39:34.834-04:00  INFO 24024 --- [    Test worker] com.zaxxer.hikari.pool.HikariPool        : HikariPool-1 - Added connection conn0: url=jdbc:h2:mem:ed63f958-675b-4789-b1ee-fbf6b791da3d user=SA
2024-06-01T18:39:34.841-04:00  INFO 24024 --- [    Test worker] com.zaxxer.hikari.HikariDataSource       : HikariPool-1 - Start completed.
2024-06-01T18:39:36.537-04:00  INFO 24024 --- [    Test worker] r$InitializeUserDetailsManagerConfigurer : Global AuthenticationManager configured with UserDetailsService bean with name testOnlyUsers
2024-06-01T18:39:36.733-04:00  INFO 24024 --- [    Test worker] o.s.b.a.w.s.WelcomePageHandlerMapping    : Adding welcome page: class path resource [static/index.html]
2024-06-01T18:39:37.367-04:00  INFO 24024 --- [    Test worker] o.s.b.a.e.web.EndpointLinksResolver      : Exposing 1 endpoint beneath base path '/actuator'
2024-06-01T18:39:37.521-04:00  INFO 24024 --- [    Test worker] o.s.s.web.DefaultSecurityFilterChain     : Will secure any request with [org.springframework.security.web.session.DisableEncodeUrlFilter@1669f4e5, org.springframework.security.web.context.request.async.WebAsyncManagerIntegrationFilter@6e6c8854, org.springframework.security.web.context.SecurityContextHolderFilter@1b994617, org.springframework.security.web.header.HeaderWriterFilter@1e01b195, org.springframework.web.filter.CorsFilter@4be1dce6, org.springframework.security.web.authentication.logout.LogoutFilter@10f10230, org.springframework.security.web.authentication.UsernamePasswordAuthenticationFilter@686fb58a, org.springframework.security.web.authentication.www.BasicAuthenticationFilter@2520010e, org.springframework.security.web.savedrequest.RequestCacheAwareFilter@4eb5764d, org.springframework.security.web.servletapi.SecurityContextHolderAwareRequestFilter@5016f1a, org.springframework.security.web.authentication.AnonymousAuthenticationFilter@206bd7a0, org.springframework.security.web.access.ExceptionTranslationFilter@342394b3, org.springframework.security.web.access.intercept.AuthorizationFilter@5dc9d25a]
2024-06-01T18:39:38.153-04:00  INFO 24024 --- [    Test worker] o.s.b.w.embedded.tomcat.TomcatWebServer  : Tomcat started on port 33388 (http) with context path '/'
2024-06-01T18:39:38.167-04:00  INFO 24024 --- [    Test worker] peep.xchange.CashCardApplicationTests    : Started CashCardApplicationTests in 6.574 seconds (process running for 7.627)
2024-06-01T18:39:38.878-04:00  INFO 24024 --- [o-auto-1-exec-1] o.a.c.c.C.[Tomcat].[localhost].[/]       : Initializing Spring DispatcherServlet 'dispatcherServlet'
2024-06-01T18:39:38.878-04:00  INFO 24024 --- [o-auto-1-exec-1] o.s.web.servlet.DispatcherServlet        : Initializing Servlet 'dispatcherServlet'
2024-06-01T18:39:38.879-04:00  INFO 24024 --- [o-auto-1-exec-1] o.s.web.servlet.DispatcherServlet        : Completed initialization in 1 ms
2024-06-01T18:39:39.481-04:00  INFO 24024 --- [    Test worker] com.zaxxer.hikari.HikariDataSource       : HikariPool-1 - Shutdown initiated...
2024-06-01T18:39:39.485-04:00  INFO 24024 --- [    Test worker] com.zaxxer.hikari.HikariDataSource       : HikariPool-1 - Shutdown completed.
  .   ____          _            __ _ _
 /\\ / ___'_ __ _ _(_)_ __  __ _ \ \ \ \
( ( )\___ | '_ | '_| | '_ \/ _` | \ \ \ \
 \\/  ___)| |_)| | | | | || (_| |  ) ) ) )
  '  |____| .__|_| |_|_| |_\__, | / / / /
 =========|_|==============|___/=/_/_/_/

 :: Spring Boot ::                (v3.3.0)

2024-06-01T18:39:39.510-04:00  INFO 24024 --- [    Test worker] peep.xchange.CashCardApplicationTests    : Starting CashCardApplicationTests using Java 21.0.3 with PID 24024 (started by Dmers in C:\Users\Dmers\Code\Spring\PeepMonopoly)
2024-06-01T18:39:39.510-04:00  INFO 24024 --- [    Test worker] peep.xchange.CashCardApplicationTests    : No active profile set, falling back to 1 default profile: "default"
2024-06-01T18:39:39.720-04:00  INFO 24024 --- [    Test worker] .s.d.r.c.RepositoryConfigurationDelegate : Bootstrapping Spring Data JDBC repositories in DEFAULT mode.
2024-06-01T18:39:39.729-04:00  INFO 24024 --- [    Test worker] .s.d.r.c.RepositoryConfigurationDelegate : Finished Spring Data repository scanning in 8 ms. Found 2 JDBC repository interfaces.
2024-06-01T18:39:39.783-04:00  INFO 24024 --- [    Test worker] o.s.b.w.embedded.tomcat.TomcatWebServer  : Tomcat initialized with port 0 (http)
2024-06-01T18:39:39.785-04:00  INFO 24024 --- [    Test worker] o.apache.catalina.core.StandardService   : Starting service [Tomcat]
2024-06-01T18:39:39.785-04:00  INFO 24024 --- [    Test worker] o.apache.catalina.core.StandardEngine    : Starting Servlet engine: [Apache Tomcat/10.1.24]
2024-06-01T18:39:39.804-04:00  INFO 24024 --- [    Test worker] o.a.c.c.C.[Tomcat].[localhost].[/]       : Initializing Spring embedded WebApplicationContext
2024-06-01T18:39:39.804-04:00  INFO 24024 --- [    Test worker] w.s.c.ServletWebServerApplicationContext : Root WebApplicationContext: initialization completed in 292 ms
2024-06-01T18:39:39.849-04:00  INFO 24024 --- [    Test worker] com.zaxxer.hikari.HikariDataSource       : HikariPool-2 - Starting...
2024-06-01T18:39:39.851-04:00  INFO 24024 --- [    Test worker] com.zaxxer.hikari.pool.HikariPool        : HikariPool-2 - Added connection conn10: url=jdbc:h2:mem:159200fb-fbce-49a6-9b7a-107331b7daf7 user=SA
2024-06-01T18:39:39.851-04:00  INFO 24024 --- [    Test worker] com.zaxxer.hikari.HikariDataSource       : HikariPool-2 - Start completed.
2024-06-01T18:39:40.152-04:00  INFO 24024 --- [    Test worker] r$InitializeUserDetailsManagerConfigurer : Global AuthenticationManager configured with UserDetailsService bean with name testOnlyUsers
2024-06-01T18:39:40.158-04:00  INFO 24024 --- [    Test worker] o.s.b.a.w.s.WelcomePageHandlerMapping    : Adding welcome page: class path resource [static/index.html]
2024-06-01T18:39:40.219-04:00  INFO 24024 --- [    Test worker] o.s.b.a.e.web.EndpointLinksResolver      : Exposing 1 endpoint beneath base path '/actuator'
2024-06-01T18:39:40.229-04:00  INFO 24024 --- [    Test worker] o.s.s.web.DefaultSecurityFilterChain     : Will secure any request with [org.springframework.security.web.session.DisableEncodeUrlFilter@581f1f40, org.springframework.security.web.context.request.async.WebAsyncManagerIntegrationFilter@52b2c255, org.springframework.security.web.context.SecurityContextHolderFilter@1455a374, org.springframework.security.web.header.HeaderWriterFilter@11b234aa, org.springframework.web.filter.CorsFilter@4a9b4d4e, org.springframework.security.web.authentication.logout.LogoutFilter@6d21a69f, org.springframework.security.web.authentication.UsernamePasswordAuthenticationFilter@2bd67cf9, org.springframework.security.web.authentication.www.BasicAuthenticationFilter@4ba32242, org.springframework.security.web.savedrequest.RequestCacheAwareFilter@cfb462, org.springframework.security.web.servletapi.SecurityContextHolderAwareRequestFilter@54418834, org.springframework.security.web.authentication.AnonymousAuthenticationFilter@18f8c76d, org.springframework.security.web.access.ExceptionTranslationFilter@9abbe39, org.springframework.security.web.access.intercept.AuthorizationFilter@48e859f7]
2024-06-01T18:39:40.275-04:00  INFO 24024 --- [    Test worker] o.s.b.w.embedded.tomcat.TomcatWebServer  : Tomcat started on port 33394 (http) with context path '/'
2024-06-01T18:39:40.287-04:00  INFO 24024 --- [    Test worker] peep.xchange.CashCardApplicationTests    : Started CashCardApplicationTests in 0.795 seconds (process running for 9.746)
2024-06-01T18:39:40.293-04:00  INFO 24024 --- [o-auto-2-exec-1] o.a.c.c.C.[Tomcat].[localhost].[/]       : Initializing Spring DispatcherServlet 'dispatcherServlet'
2024-06-01T18:39:40.293-04:00  INFO 24024 --- [o-auto-2-exec-1] o.s.web.servlet.DispatcherServlet        : Initializing Servlet 'dispatcherServlet'
2024-06-01T18:39:40.293-04:00  INFO 24024 --- [o-auto-2-exec-1] o.s.web.servlet.DispatcherServlet        : Completed initialization in 0 ms
2024-06-01T18:39:40.818-04:00  INFO 24024 --- [    Test worker] com.zaxxer.hikari.HikariDataSource       : HikariPool-2 - Shutdown initiated...
2024-06-01T18:39:40.820-04:00  INFO 24024 --- [    Test worker] com.zaxxer.hikari.HikariDataSource       : HikariPool-2 - Shutdown completed.
  .   ____          _            __ _ _
 /\\ / ___'_ __ _ _(_)_ __  __ _ \ \ \ \
( ( )\___ | '_ | '_| | '_ \/ _` | \ \ \ \
 \\/  ___)| |_)| | | | | || (_| |  ) ) ) )
  '  |____| .__|_| |_|_| |_\__, | / / / /
 =========|_|==============|___/=/_/_/_/

 :: Spring Boot ::                (v3.3.0)

2024-06-01T18:39:40.842-04:00  INFO 24024 --- [    Test worker] peep.xchange.CashCardApplicationTests    : Starting CashCardApplicationTests using Java 21.0.3 with PID 24024 (started by Dmers in C:\Users\Dmers\Code\Spring\PeepMonopoly)
2024-06-01T18:39:40.842-04:00  INFO 24024 --- [    Test worker] peep.xchange.CashCardApplicationTests    : No active profile set, falling back to 1 default profile: "default"
2024-06-01T18:39:41.042-04:00  INFO 24024 --- [    Test worker] .s.d.r.c.RepositoryConfigurationDelegate : Bootstrapping Spring Data JDBC repositories in DEFAULT mode.
2024-06-01T18:39:41.048-04:00  INFO 24024 --- [    Test worker] .s.d.r.c.RepositoryConfigurationDelegate : Finished Spring Data repository scanning in 6 ms. Found 2 JDBC repository interfaces.
2024-06-01T18:39:41.091-04:00  INFO 24024 --- [    Test worker] o.s.b.w.embedded.tomcat.TomcatWebServer  : Tomcat initialized with port 0 (http)
2024-06-01T18:39:41.092-04:00  INFO 24024 --- [    Test worker] o.apache.catalina.core.StandardService   : Starting service [Tomcat]
2024-06-01T18:39:41.093-04:00  INFO 24024 --- [    Test worker] o.apache.catalina.core.StandardEngine    : Starting Servlet engine: [Apache Tomcat/10.1.24]
2024-06-01T18:39:41.108-04:00  INFO 24024 --- [    Test worker] o.a.c.c.C.[Tomcat].[localhost].[/]       : Initializing Spring embedded WebApplicationContext
2024-06-01T18:39:41.109-04:00  INFO 24024 --- [    Test worker] w.s.c.ServletWebServerApplicationContext : Root WebApplicationContext: initialization completed in 264 ms
2024-06-01T18:39:41.143-04:00  INFO 24024 --- [    Test worker] com.zaxxer.hikari.HikariDataSource       : HikariPool-3 - Starting...
2024-06-01T18:39:41.145-04:00  INFO 24024 --- [    Test worker] com.zaxxer.hikari.pool.HikariPool        : HikariPool-3 - Added connection conn20: url=jdbc:h2:mem:28bddc0d-0de1-42e0-85d2-02329d1db71a user=SA
2024-06-01T18:39:41.146-04:00  INFO 24024 --- [    Test worker] com.zaxxer.hikari.HikariDataSource       : HikariPool-3 - Start completed.
2024-06-01T18:39:41.436-04:00  INFO 24024 --- [    Test worker] r$InitializeUserDetailsManagerConfigurer : Global AuthenticationManager configured with UserDetailsService bean with name testOnlyUsers
2024-06-01T18:39:41.441-04:00  INFO 24024 --- [    Test worker] o.s.b.a.w.s.WelcomePageHandlerMapping    : Adding welcome page: class path resource [static/index.html]
2024-06-01T18:39:41.494-04:00  INFO 24024 --- [    Test worker] o.s.b.a.e.web.EndpointLinksResolver      : Exposing 1 endpoint beneath base path '/actuator'
2024-06-01T18:39:41.501-04:00  INFO 24024 --- [    Test worker] o.s.s.web.DefaultSecurityFilterChain     : Will secure any request with [org.springframework.security.web.session.DisableEncodeUrlFilter@567412db, org.springframework.security.web.context.request.async.WebAsyncManagerIntegrationFilter@4addfb95, org.springframework.security.web.context.SecurityContextHolderFilter@14cf30b3, org.springframework.security.web.header.HeaderWriterFilter@7b6d88d1, org.springframework.web.filter.CorsFilter@2d3bb293, org.springframework.security.web.authentication.logout.LogoutFilter@4ca6e265, org.springframework.security.web.authentication.UsernamePasswordAuthenticationFilter@2e89310c, org.springframework.security.web.authentication.www.BasicAuthenticationFilter@55c75b72, org.springframework.security.web.savedrequest.RequestCacheAwareFilter@38159192, org.springframework.security.web.servletapi.SecurityContextHolderAwareRequestFilter@363d3958, org.springframework.security.web.authentication.AnonymousAuthenticationFilter@4248608d, org.springframework.security.web.access.ExceptionTranslationFilter@4a2891d1, org.springframework.security.web.access.intercept.AuthorizationFilter@70376c6]
2024-06-01T18:39:41.539-04:00  INFO 24024 --- [    Test worker] o.s.b.w.embedded.tomcat.TomcatWebServer  : Tomcat started on port 33398 (http) with context path '/'
2024-06-01T18:39:41.547-04:00  INFO 24024 --- [    Test worker] peep.xchange.CashCardApplicationTests    : Started CashCardApplicationTests in 0.722 seconds (process running for 11.007)
2024-06-01T18:39:41.553-04:00  INFO 24024 --- [o-auto-3-exec-1] o.a.c.c.C.[Tomcat].[localhost].[/]       : Initializing Spring DispatcherServlet 'dispatcherServlet'
2024-06-01T18:39:41.553-04:00  INFO 24024 --- [o-auto-3-exec-1] o.s.web.servlet.DispatcherServlet        : Initializing Servlet 'dispatcherServlet'
2024-06-01T18:39:41.554-04:00  INFO 24024 --- [o-auto-3-exec-1] o.s.web.servlet.DispatcherServlet        : Completed initialization in 1 ms
2024-06-01T18:39:41.859-04:00  INFO 24024 --- [    Test worker] com.zaxxer.hikari.HikariDataSource       : HikariPool-3 - Shutdown initiated...
2024-06-01T18:39:41.861-04:00  INFO 24024 --- [    Test worker] com.zaxxer.hikari.HikariDataSource       : HikariPool-3 - Shutdown completed.
  .   ____          _            __ _ _
 /\\ / ___'_ __ _ _(_)_ __  __ _ \ \ \ \
( ( )\___ | '_ | '_| | '_ \/ _` | \ \ \ \
 \\/  ___)| |_)| | | | | || (_| |  ) ) ) )
  '  |____| .__|_| |_|_| |_\__, | / / / /
 =========|_|==============|___/=/_/_/_/

 :: Spring Boot ::                (v3.3.0)

2024-06-01T18:39:41.876-04:00  INFO 24024 --- [    Test worker] peep.xchange.CashCardApplicationTests    : Starting CashCardApplicationTests using Java 21.0.3 with PID 24024 (started by Dmers in C:\Users\Dmers\Code\Spring\PeepMonopoly)
2024-06-01T18:39:41.876-04:00  INFO 24024 --- [    Test worker] peep.xchange.CashCardApplicationTests    : No active profile set, falling back to 1 default profile: "default"
2024-06-01T18:39:42.045-04:00  INFO 24024 --- [    Test worker] .s.d.r.c.RepositoryConfigurationDelegate : Bootstrapping Spring Data JDBC repositories in DEFAULT mode.
2024-06-01T18:39:42.051-04:00  INFO 24024 --- [    Test worker] .s.d.r.c.RepositoryConfigurationDelegate : Finished Spring Data repository scanning in 6 ms. Found 2 JDBC repository interfaces.
2024-06-01T18:39:42.089-04:00  INFO 24024 --- [    Test worker] o.s.b.w.embedded.tomcat.TomcatWebServer  : Tomcat initialized with port 0 (http)
2024-06-01T18:39:42.090-04:00  INFO 24024 --- [    Test worker] o.apache.catalina.core.StandardService   : Starting service [Tomcat]
2024-06-01T18:39:42.091-04:00  INFO 24024 --- [    Test worker] o.apache.catalina.core.StandardEngine    : Starting Servlet engine: [Apache Tomcat/10.1.24]
2024-06-01T18:39:42.105-04:00  INFO 24024 --- [    Test worker] o.a.c.c.C.[Tomcat].[localhost].[/]       : Initializing Spring embedded WebApplicationContext
2024-06-01T18:39:42.105-04:00  INFO 24024 --- [    Test worker] w.s.c.ServletWebServerApplicationContext : Root WebApplicationContext: initialization completed in 228 ms
2024-06-01T18:39:42.139-04:00  INFO 24024 --- [    Test worker] com.zaxxer.hikari.HikariDataSource       : HikariPool-4 - Starting...
2024-06-01T18:39:42.141-04:00  INFO 24024 --- [    Test worker] com.zaxxer.hikari.pool.HikariPool        : HikariPool-4 - Added connection conn30: url=jdbc:h2:mem:c6a48bbb-1b40-414d-82c3-c9b913093c80 user=SA
2024-06-01T18:39:42.142-04:00  INFO 24024 --- [    Test worker] com.zaxxer.hikari.HikariDataSource       : HikariPool-4 - Start completed.
2024-06-01T18:39:42.433-04:00  INFO 24024 --- [    Test worker] r$InitializeUserDetailsManagerConfigurer : Global AuthenticationManager configured with UserDetailsService bean with name testOnlyUsers
2024-06-01T18:39:42.436-04:00  INFO 24024 --- [    Test worker] o.s.b.a.w.s.WelcomePageHandlerMapping    : Adding welcome page: class path resource [static/index.html]
2024-06-01T18:39:42.472-04:00  INFO 24024 --- [    Test worker] o.s.b.a.e.web.EndpointLinksResolver      : Exposing 1 endpoint beneath base path '/actuator'
2024-06-01T18:39:42.479-04:00  INFO 24024 --- [    Test worker] o.s.s.web.DefaultSecurityFilterChain     : Will secure any request with [org.springframework.security.web.session.DisableEncodeUrlFilter@13d7d1a8, org.springframework.security.web.context.request.async.WebAsyncManagerIntegrationFilter@60035f1e, org.springframework.security.web.context.SecurityContextHolderFilter@3d0c88f4, org.springframework.security.web.header.HeaderWriterFilter@4a03c4bc, org.springframework.web.filter.CorsFilter@5827908c, org.springframework.security.web.authentication.logout.LogoutFilter@5d41b929, org.springframework.security.web.authentication.UsernamePasswordAuthenticationFilter@292237cd, org.springframework.security.web.authentication.www.BasicAuthenticationFilter@797a5b31, org.springframework.security.web.savedrequest.RequestCacheAwareFilter@5aad4194, org.springframework.security.web.servletapi.SecurityContextHolderAwareRequestFilter@50a1c2f3, org.springframework.security.web.authentication.AnonymousAuthenticationFilter@732ffb6a, org.springframework.security.web.access.ExceptionTranslationFilter@11736ebc, org.springframework.security.web.access.intercept.AuthorizationFilter@333813e7]
2024-06-01T18:39:42.530-04:00  INFO 24024 --- [    Test worker] o.s.b.w.embedded.tomcat.TomcatWebServer  : Tomcat started on port 33401 (http) with context path '/'
2024-06-01T18:39:42.533-04:00  INFO 24024 --- [    Test worker] peep.xchange.CashCardApplicationTests    : Started CashCardApplicationTests in 0.669 seconds (process running for 11.993)
2024-06-01T18:39:42.540-04:00  INFO 24024 --- [o-auto-4-exec-1] o.a.c.c.C.[Tomcat].[localhost].[/]       : Initializing Spring DispatcherServlet 'dispatcherServlet'
2024-06-01T18:39:42.540-04:00  INFO 24024 --- [o-auto-4-exec-1] o.s.web.servlet.DispatcherServlet        : Initializing Servlet 'dispatcherServlet'
2024-06-01T18:39:42.541-04:00  INFO 24024 --- [o-auto-4-exec-1] o.s.web.servlet.DispatcherServlet        : Completed initialization in 1 ms
]]></system-out>
  <system-err><![CDATA[WARNING: A Java agent has been loaded dynamically (C:\Users\Dmers\.gradle\caches\modules-2\files-2.1\net.bytebuddy\byte-buddy-agent\1.14.16\4a451ee6484abac3a498df0f3b33ed00a6fced4d\byte-buddy-agent-1.14.16.jar)
WARNING: If a serviceability tool is in use, please run with -XX:+EnableDynamicAgentLoading to hide this warning
WARNING: If a serviceability tool is not in use, please run with -Djdk.instrument.traceUsage for more information
WARNING: Dynamic loading of agents will be disallowed by default in a future release
]]></system-err>
</testsuite>
