<?xml version="1.0" encoding="UTF-8"?>
<testsuite name="peep.xchange.Users.UserControllerTests" tests="5" skipped="0" failures="0" errors="0" timestamp="2024-06-02T01:10:25" hostname="DREW" time="0.369">
  <properties/>
  <testcase name="testGetAllUsers()" classname="peep.xchange.Users.UserControllerTests" time="0.278"/>
  <testcase name="testUpdateUser()" classname="peep.xchange.Users.UserControllerTests" time="0.032"/>
  <testcase name="testCreateUser()" classname="peep.xchange.Users.UserControllerTests" time="0.016"/>
  <testcase name="testDeleteUser()" classname="peep.xchange.Users.UserControllerTests" time="0.022"/>
  <testcase name="testGetUserById()" classname="peep.xchange.Users.UserControllerTests" time="0.015"/>
  <system-out><![CDATA[2024-06-01T21:10:24.608-04:00  INFO 16484 --- [    Test worker] t.c.s.AnnotationConfigContextLoaderUtils : Could not detect default configuration classes for test class [peep.xchange.Users.UserControllerTests]: UserControllerTests does not declare any static, non-private, non-final, nested classes annotated with @Configuration.
2024-06-01T21:10:24.622-04:00  INFO 16484 --- [    Test worker] .b.t.c.SpringBootTestContextBootstrapper : Found @SpringBootConfiguration peep.xchange.CashCardApplication for test class peep.xchange.Users.UserControllerTests
  .   ____          _            __ _ _
 /\\ / ___'_ __ _ _(_)_ __  __ _ \ \ \ \
( ( )\___ | '_ | '_| | '_ \/ _` | \ \ \ \
 \\/  ___)| |_)| | | | | || (_| |  ) ) ) )
  '  |____| .__|_| |_|_| |_\__, | / / / /
 =========|_|==============|___/=/_/_/_/

 :: Spring Boot ::                (v3.3.0)

2024-06-01T21:10:24.637-04:00  INFO 16484 --- [    Test worker] peep.xchange.Users.UserControllerTests   : Starting UserControllerTests using Java 21.0.3 with PID 16484 (started by Dmers in C:\Users\Dmers\Code\Spring\PeepMonopoly)
2024-06-01T21:10:24.637-04:00  INFO 16484 --- [    Test worker] peep.xchange.Users.UserControllerTests   : No active profile set, falling back to 1 default profile: "default"
2024-06-01T21:10:25.088-04:00  INFO 16484 --- [    Test worker] o.s.b.a.w.s.WelcomePageHandlerMapping    : Adding welcome page: class path resource [static/index.html]
2024-06-01T21:10:25.241-04:00  WARN 16484 --- [    Test worker] .s.s.UserDetailsServiceAutoConfiguration : 

Using generated security password: 983c1246-e3a0-4daa-a3e7-2f6d6acf9b6f

This generated password is for development use only. Your security configuration must be updated before running your application in production.

2024-06-01T21:10:25.302-04:00  INFO 16484 --- [    Test worker] r$InitializeUserDetailsManagerConfigurer : Global AuthenticationManager configured with UserDetailsService bean with name inMemoryUserDetailsManager
2024-06-01T21:10:25.340-04:00  INFO 16484 --- [    Test worker] o.s.s.web.DefaultSecurityFilterChain     : Will secure any request with [org.springframework.security.web.session.DisableEncodeUrlFilter@7d07e6aa, org.springframework.security.web.context.request.async.WebAsyncManagerIntegrationFilter@68a4129d, org.springframework.security.web.context.SecurityContextHolderFilter@60b03599, org.springframework.security.web.header.HeaderWriterFilter@403230be, org.springframework.web.filter.CorsFilter@475ca2c6, org.springframework.security.web.csrf.CsrfFilter@2f0170e, org.springframework.security.web.authentication.logout.LogoutFilter@17765082, org.springframework.security.web.authentication.UsernamePasswordAuthenticationFilter@1946d235, org.springframework.security.web.authentication.ui.DefaultLoginPageGeneratingFilter@44f4c619, org.springframework.security.web.authentication.ui.DefaultLogoutPageGeneratingFilter@7064ae69, org.springframework.security.web.authentication.www.BasicAuthenticationFilter@3c9163df, org.springframework.security.web.savedrequest.RequestCacheAwareFilter@627a06e6, org.springframework.security.web.servletapi.SecurityContextHolderAwareRequestFilter@1592a3d5, org.springframework.security.web.authentication.AnonymousAuthenticationFilter@32142479, org.springframework.security.web.access.ExceptionTranslationFilter@3829e6ca, org.springframework.security.web.access.intercept.AuthorizationFilter@75dc1d5a]
2024-06-01T21:10:25.566-04:00  INFO 16484 --- [    Test worker] o.s.b.t.m.w.SpringBootMockServletContext : Initializing Spring TestDispatcherServlet ''
2024-06-01T21:10:25.567-04:00  INFO 16484 --- [    Test worker] o.s.t.web.servlet.TestDispatcherServlet  : Initializing Servlet ''
2024-06-01T21:10:25.568-04:00  INFO 16484 --- [    Test worker] o.s.t.web.servlet.TestDispatcherServlet  : Completed initialization in 1 ms
2024-06-01T21:10:25.609-04:00  INFO 16484 --- [    Test worker] peep.xchange.Users.UserControllerTests   : Started UserControllerTests in 0.983 seconds (process running for 12.924)
2024-06-01T21:10:25.774-04:00  INFO 16484 --- [    Test worker] o.s.mock.web.MockServletContext          : Initializing Spring TestDispatcherServlet ''
2024-06-01T21:10:25.774-04:00  INFO 16484 --- [    Test worker] o.s.t.web.servlet.TestDispatcherServlet  : Initializing Servlet ''
2024-06-01T21:10:25.774-04:00  INFO 16484 --- [    Test worker] o.s.t.web.servlet.TestDispatcherServlet  : Completed initialization in 0 ms
2024-06-01T21:10:25.923-04:00  INFO 16484 --- [    Test worker] o.s.mock.web.MockServletContext          : Initializing Spring TestDispatcherServlet ''
2024-06-01T21:10:25.923-04:00  INFO 16484 --- [    Test worker] o.s.t.web.servlet.TestDispatcherServlet  : Initializing Servlet ''
2024-06-01T21:10:25.923-04:00  INFO 16484 --- [    Test worker] o.s.t.web.servlet.TestDispatcherServlet  : Completed initialization in 0 ms
2024-06-01T21:10:25.955-04:00  INFO 16484 --- [    Test worker] o.s.mock.web.MockServletContext          : Initializing Spring TestDispatcherServlet ''
2024-06-01T21:10:25.956-04:00  INFO 16484 --- [    Test worker] o.s.t.web.servlet.TestDispatcherServlet  : Initializing Servlet ''
2024-06-01T21:10:25.956-04:00  INFO 16484 --- [    Test worker] o.s.t.web.servlet.TestDispatcherServlet  : Completed initialization in 0 ms
2024-06-01T21:10:25.972-04:00  INFO 16484 --- [    Test worker] o.s.mock.web.MockServletContext          : Initializing Spring TestDispatcherServlet ''
2024-06-01T21:10:25.972-04:00  INFO 16484 --- [    Test worker] o.s.t.web.servlet.TestDispatcherServlet  : Initializing Servlet ''
2024-06-01T21:10:25.972-04:00  INFO 16484 --- [    Test worker] o.s.t.web.servlet.TestDispatcherServlet  : Completed initialization in 0 ms
2024-06-01T21:10:25.994-04:00  INFO 16484 --- [    Test worker] o.s.mock.web.MockServletContext          : Initializing Spring TestDispatcherServlet ''
2024-06-01T21:10:25.994-04:00  INFO 16484 --- [    Test worker] o.s.t.web.servlet.TestDispatcherServlet  : Initializing Servlet ''
2024-06-01T21:10:25.994-04:00  INFO 16484 --- [    Test worker] o.s.t.web.servlet.TestDispatcherServlet  : Completed initialization in 0 ms
]]></system-out>
  <system-err><![CDATA[]]></system-err>
</testsuite>
