<?xml version="1.0" encoding="UTF-8"?>
<testsuite name="peep.xchange.Users.UsersJsonTest" tests="4" skipped="0" failures="1" errors="0" timestamp="2024-05-31T21:05:20" hostname="DREW" time="0.833">
  <properties/>
  <testcase name="userListSerializationTest()" classname="peep.xchange.Users.UsersJsonTest" time="0.749"/>
  <testcase name="userListDeserializationTest()" classname="peep.xchange.Users.UsersJsonTest" time="0.039"/>
  <testcase name="userSerializationTest()" classname="peep.xchange.Users.UsersJsonTest" time="0.018"/>
  <testcase name="userDeserializationTest()" classname="peep.xchange.Users.UsersJsonTest" time="0.016">
    <failure message="org.opentest4j.AssertionFailedError: &#13;&#10;expected: peep.xchange.Users.User@14de1901&#13;&#10; but was: peep.xchange.Users.User@50598a1a" type="org.opentest4j.AssertionFailedError">org.opentest4j.AssertionFailedError: 
expected: peep.xchange.Users.User@14de1901
 but was: peep.xchange.Users.User@50598a1a
	at java.base@21.0.3/jdk.internal.reflect.DirectConstructorHandleAccessor.newInstance(DirectConstructorHandleAccessor.java:62)
	at java.base@21.0.3/java.lang.reflect.Constructor.newInstanceWithCaller(Constructor.java:502)
	at app//peep.xchange.Users.UsersJsonTest.userDeserializationTest(UsersJsonTest.java:60)
	at java.base@21.0.3/java.lang.reflect.Method.invoke(Method.java:580)
	at java.base@21.0.3/java.util.ArrayList.forEach(ArrayList.java:1596)
	at java.base@21.0.3/java.util.ArrayList.forEach(ArrayList.java:1596)
</failure>
  </testcase>
  <system-out><![CDATA[17:05:19.503 [Test worker] INFO org.springframework.test.context.support.AnnotationConfigContextLoaderUtils -- Could not detect default configuration classes for test class [peep.xchange.Users.UsersJsonTest]: UsersJsonTest does not declare any static, non-private, non-final, nested classes annotated with @Configuration.
17:05:19.663 [Test worker] INFO org.springframework.boot.test.context.SpringBootTestContextBootstrapper -- Found @SpringBootConfiguration peep.xchange.CashCardApplication for test class peep.xchange.Users.UsersJsonTest
  .   ____          _            __ _ _
 /\\ / ___'_ __ _ _(_)_ __  __ _ \ \ \ \
( ( )\___ | '_ | '_| | '_ \/ _` | \ \ \ \
 \\/  ___)| |_)| | | | | || (_| |  ) ) ) )
  '  |____| .__|_| |_|_| |_\__, | / / / /
 =========|_|==============|___/=/_/_/_/

 :: Spring Boot ::                (v3.3.0)

2024-05-31T17:05:20.037-04:00  INFO 19152 --- [xchange] [    Test worker] peep.xchange.Users.UsersJsonTest         : Starting UsersJsonTest using Java 21.0.3 with PID 19152 (started by Dmers in C:\Users\Dmers\Code\Spring\PeepMonopoly)
2024-05-31T17:05:20.038-04:00  INFO 19152 --- [xchange] [    Test worker] peep.xchange.Users.UsersJsonTest         : No active profile set, falling back to 1 default profile: "default"
2024-05-31T17:05:20.492-04:00  INFO 19152 --- [xchange] [    Test worker] peep.xchange.Users.UsersJsonTest         : Started UsersJsonTest in 0.755 seconds (process running for 1.817)
]]></system-out>
  <system-err><![CDATA[WARNING: A Java agent has been loaded dynamically (C:\Users\Dmers\.gradle\caches\modules-2\files-2.1\net.bytebuddy\byte-buddy-agent\1.14.16\4a451ee6484abac3a498df0f3b33ed00a6fced4d\byte-buddy-agent-1.14.16.jar)
WARNING: If a serviceability tool is in use, please run with -XX:+EnableDynamicAgentLoading to hide this warning
WARNING: If a serviceability tool is not in use, please run with -Djdk.instrument.traceUsage for more information
WARNING: Dynamic loading of agents will be disallowed by default in a future release
]]></system-err>
</testsuite>
