<?xml version="1.0" encoding="UTF-8"?>
<testsuite name="peep.xchange.Users.UsersJsonTest" tests="4" skipped="0" failures="0" errors="0" timestamp="2024-06-01T01:06:49" hostname="DREW" time="0.018">
  <properties/>
  <testcase name="userListSerializationTest()" classname="peep.xchange.Users.UsersJsonTest" time="0.003"/>
  <testcase name="userListDeserializationTest()" classname="peep.xchange.Users.UsersJsonTest" time="0.008"/>
  <testcase name="userSerializationTest()" classname="peep.xchange.Users.UsersJsonTest" time="0.003"/>
  <testcase name="userDeserializationTest()" classname="peep.xchange.Users.UsersJsonTest" time="0.002"/>
  <system-out><![CDATA[2024-05-31T21:06:49.201-04:00  INFO 11960 --- [xchange] [    Test worker] t.c.s.AnnotationConfigContextLoaderUtils : Could not detect default configuration classes for test class [peep.xchange.Users.UsersJsonTest]: UsersJsonTest does not declare any static, non-private, non-final, nested classes annotated with @Configuration.
2024-05-31T21:06:49.210-04:00  INFO 11960 --- [xchange] [    Test worker] .b.t.c.SpringBootTestContextBootstrapper : Found @SpringBootConfiguration peep.xchange.CashCardApplication for test class peep.xchange.Users.UsersJsonTest
]]></system-out>
  <system-err><![CDATA[]]></system-err>
</testsuite>
