<?xml version="1.0" encoding="UTF-8"?>
<testsuite name="peep.xchange.Users.UsersJsonTest" tests="4" skipped="0" failures="0" errors="0" timestamp="2024-06-01T22:39:45" hostname="DREW" time="0.015">
  <properties/>
  <testcase name="userListSerializationTest()" classname="peep.xchange.Users.UsersJsonTest" time="0.003"/>
  <testcase name="userListDeserializationTest()" classname="peep.xchange.Users.UsersJsonTest" time="0.003"/>
  <testcase name="userSerializationTest()" classname="peep.xchange.Users.UsersJsonTest" time="0.004"/>
  <testcase name="userDeserializationTest()" classname="peep.xchange.Users.UsersJsonTest" time="0.002"/>
  <system-out><![CDATA[2024-06-01T18:39:45.249-04:00  INFO 24024 --- [    Test worker] t.c.s.AnnotationConfigContextLoaderUtils : Could not detect default configuration classes for test class [peep.xchange.Users.UsersJsonTest]: UsersJsonTest does not declare any static, non-private, non-final, nested classes annotated with @Configuration.
2024-06-01T18:39:45.255-04:00  INFO 24024 --- [    Test worker] .b.t.c.SpringBootTestContextBootstrapper : Found @SpringBootConfiguration peep.xchange.CashCardApplication for test class peep.xchange.Users.UsersJsonTest
]]></system-out>
  <system-err><![CDATA[]]></system-err>
</testsuite>
