<?xml version="1.0" encoding="UTF-8"?>
<testsuite name="peep.xchange.CashCardApplicationTests" tests="16" skipped="0" failures="0" errors="0" timestamp="2024-05-31T15:40:09" hostname="DREW" time="4.269">
  <properties/>
  <testcase name="shouldReturnASortedPageOfCashCards()" classname="peep.xchange.CashCardApplicationTests" time="0.934"/>
  <testcase name="shouldNotAllowDeletionOfCashCardsTheyDoNotOwn()" classname="peep.xchange.CashCardApplicationTests" time="0.138"/>
  <testcase name="shouldDeleteAnExistingCashCard()" classname="peep.xchange.CashCardApplicationTests" time="0.15"/>
  <testcase name="shouldNotAllowAccessToCashCardsTheyDoNotOwn()" classname="peep.xchange.CashCardApplicationTests" time="0.114"/>
  <testcase name="shouldNotUpdateACashCardThatIsOwnedBySomeoneElse()" classname="peep.xchange.CashCardApplicationTests" time="0.081"/>
  <testcase name="shouldReturnACashCardWhenDataIsSaved()" classname="peep.xchange.CashCardApplicationTests" time="0.059"/>
  <testcase name="shouldNotDeleteACashCardThatDoesNotExist()" classname="peep.xchange.CashCardApplicationTests" time="0.058"/>
  <testcase name="shouldCreateANewCashCard()" classname="peep.xchange.CashCardApplicationTests" time="0.156"/>
  <testcase name="shouldRejectUsersWhoAreNotCardOwners()" classname="peep.xchange.CashCardApplicationTests" time="0.115"/>
  <testcase name="shouldReturnAPageOfCashCards()" classname="peep.xchange.CashCardApplicationTests" time="0.061"/>
  <testcase name="shouldUpdateAnExistingCashCard()" classname="peep.xchange.CashCardApplicationTests" time="0.132"/>
  <testcase name="shouldNotUpdateACashCardThatDoesNotExist()" classname="peep.xchange.CashCardApplicationTests" time="0.112"/>
  <testcase name="shouldNotReturnACashCardWhenUsingBadCredentials()" classname="peep.xchange.CashCardApplicationTests" time="0.12"/>
  <testcase name="shouldReturnAllCashCardsWhenListIsRequested()" classname="peep.xchange.CashCardApplicationTests" time="0.069"/>
  <testcase name="shouldReturnASortedPageOfCashCardsWithNoParametersAndUseDefaultValues()" classname="peep.xchange.CashCardApplicationTests" time="0.06"/>
  <testcase name="shouldNotReturnACashCardWithAnUnknownId()" classname="peep.xchange.CashCardApplicationTests" time="0.06"/>
  <system-out><![CDATA[11:40:04.793 [Test worker] INFO org.springframework.test.context.support.AnnotationConfigContextLoaderUtils -- Could not detect default configuration classes for test class [peep.xchange.CashCardApplicationTests]: CashCardApplicationTests does not declare any static, non-private, non-final, nested classes annotated with @Configuration.
11:40:04.901 [Test worker] INFO org.springframework.boot.test.context.SpringBootTestContextBootstrapper -- Found @SpringBootConfiguration peep.xchange.CashCardApplication for test class peep.xchange.CashCardApplicationTests
  .   ____          _            __ _ _
 /\\ / ___'_ __ _ _(_)_ __  __ _ \ \ \ \
( ( )\___ | '_ | '_| | '_ \/ _` | \ \ \ \
 \\/  ___)| |_)| | | | | || (_| |  ) ) ) )
  '  |____| .__|_| |_|_| |_\__, | / / / /
 =========|_|==============|___/=/_/_/_/

 :: Spring Boot ::                (v3.3.0)

2024-05-31T11:40:05.335-04:00  INFO 5416 --- [xchange] [    Test worker] peep.xchange.CashCardApplicationTests    : Starting CashCardApplicationTests using Java 21.0.3 with PID 5416 (started by Dmers in C:\Users\Dmers\Code\Spring\PeepMonopoly)
2024-05-31T11:40:05.336-04:00  INFO 5416 --- [xchange] [    Test worker] peep.xchange.CashCardApplicationTests    : No active profile set, falling back to 1 default profile: "default"
2024-05-31T11:40:06.165-04:00  INFO 5416 --- [xchange] [    Test worker] .s.d.r.c.RepositoryConfigurationDelegate : Bootstrapping Spring Data JDBC repositories in DEFAULT mode.
2024-05-31T11:40:06.199-04:00  INFO 5416 --- [xchange] [    Test worker] .s.d.r.c.RepositoryConfigurationDelegate : Finished Spring Data repository scanning in 31 ms. Found 1 JDBC repository interface.
2024-05-31T11:40:06.946-04:00  INFO 5416 --- [xchange] [    Test worker] o.s.b.w.embedded.tomcat.TomcatWebServer  : Tomcat initialized with port 0 (http)
2024-05-31T11:40:06.960-04:00  INFO 5416 --- [xchange] [    Test worker] o.apache.catalina.core.StandardService   : Starting service [Tomcat]
2024-05-31T11:40:06.961-04:00  INFO 5416 --- [xchange] [    Test worker] o.apache.catalina.core.StandardEngine    : Starting Servlet engine: [Apache Tomcat/10.1.24]
2024-05-31T11:40:07.038-04:00  INFO 5416 --- [xchange] [    Test worker] o.a.c.c.C.[Tomcat].[localhost].[/]       : Initializing Spring embedded WebApplicationContext
2024-05-31T11:40:07.039-04:00  INFO 5416 --- [xchange] [    Test worker] w.s.c.ServletWebServerApplicationContext : Root WebApplicationContext: initialization completed in 1685 ms
2024-05-31T11:40:07.439-04:00  INFO 5416 --- [xchange] [    Test worker] o.s.j.d.e.EmbeddedDatabaseFactory        : Starting embedded database: url='jdbc:h2:mem:610bb8fb-52cc-4c1e-b2b7-23a417cce6fb;DB_CLOSE_DELAY=-1;DB_CLOSE_ON_EXIT=false', username='sa'
2024-05-31T11:40:08.643-04:00  INFO 5416 --- [xchange] [    Test worker] r$InitializeUserDetailsManagerConfigurer : Global AuthenticationManager configured with UserDetailsService bean with name testOnlyUsers
2024-05-31T11:40:08.726-04:00  INFO 5416 --- [xchange] [    Test worker] o.s.b.a.w.s.WelcomePageHandlerMapping    : Adding welcome page: class path resource [static/index.html]
2024-05-31T11:40:09.157-04:00  INFO 5416 --- [xchange] [    Test worker] o.s.b.a.e.web.EndpointLinksResolver      : Exposing 1 endpoint beneath base path '/actuator'
2024-05-31T11:40:09.277-04:00  INFO 5416 --- [xchange] [    Test worker] o.s.s.web.DefaultSecurityFilterChain     : Will secure any request with [org.springframework.security.web.session.DisableEncodeUrlFilter@7509226c, org.springframework.security.web.context.request.async.WebAsyncManagerIntegrationFilter@4c9cce17, org.springframework.security.web.context.SecurityContextHolderFilter@7bef7505, org.springframework.security.web.header.HeaderWriterFilter@25110bb9, org.springframework.web.filter.CorsFilter@73316a0a, org.springframework.security.web.authentication.logout.LogoutFilter@3e61cffd, org.springframework.security.web.authentication.www.BasicAuthenticationFilter@7a587e84, org.springframework.security.web.savedrequest.RequestCacheAwareFilter@36f05595, org.springframework.security.web.servletapi.SecurityContextHolderAwareRequestFilter@62a41279, org.springframework.security.web.authentication.AnonymousAuthenticationFilter@63a7af06, org.springframework.security.web.access.ExceptionTranslationFilter@48b09105, org.springframework.security.web.access.intercept.AuthorizationFilter@1dd247b]
2024-05-31T11:40:09.741-04:00  INFO 5416 --- [xchange] [    Test worker] o.s.b.w.embedded.tomcat.TomcatWebServer  : Tomcat started on port 4556 (http) with context path '/'
2024-05-31T11:40:09.753-04:00  INFO 5416 --- [xchange] [    Test worker] peep.xchange.CashCardApplicationTests    : Started CashCardApplicationTests in 4.693 seconds (process running for 5.729)
2024-05-31T11:40:10.478-04:00  INFO 5416 --- [xchange] [o-auto-1-exec-1] o.a.c.c.C.[Tomcat].[localhost].[/]       : Initializing Spring DispatcherServlet 'dispatcherServlet'
2024-05-31T11:40:10.478-04:00  INFO 5416 --- [xchange] [o-auto-1-exec-1] o.s.web.servlet.DispatcherServlet        : Initializing Servlet 'dispatcherServlet'
2024-05-31T11:40:10.479-04:00  INFO 5416 --- [xchange] [o-auto-1-exec-1] o.s.web.servlet.DispatcherServlet        : Completed initialization in 1 ms
2024-05-31T11:40:11.092-04:00  INFO 5416 --- [xchange] [    Test worker] o.s.j.d.e.EmbeddedDatabaseFactory        : Shutting down embedded database: url='jdbc:h2:mem:610bb8fb-52cc-4c1e-b2b7-23a417cce6fb;DB_CLOSE_DELAY=-1;DB_CLOSE_ON_EXIT=false'
  .   ____          _            __ _ _
 /\\ / ___'_ __ _ _(_)_ __  __ _ \ \ \ \
( ( )\___ | '_ | '_| | '_ \/ _` | \ \ \ \
 \\/  ___)| |_)| | | | | || (_| |  ) ) ) )
  '  |____| .__|_| |_|_| |_\__, | / / / /
 =========|_|==============|___/=/_/_/_/

 :: Spring Boot ::                (v3.3.0)

2024-05-31T11:40:11.121-04:00  INFO 5416 --- [xchange] [    Test worker] peep.xchange.CashCardApplicationTests    : Starting CashCardApplicationTests using Java 21.0.3 with PID 5416 (started by Dmers in C:\Users\Dmers\Code\Spring\PeepMonopoly)
2024-05-31T11:40:11.122-04:00  INFO 5416 --- [xchange] [    Test worker] peep.xchange.CashCardApplicationTests    : No active profile set, falling back to 1 default profile: "default"
2024-05-31T11:40:11.335-04:00  INFO 5416 --- [xchange] [    Test worker] .s.d.r.c.RepositoryConfigurationDelegate : Bootstrapping Spring Data JDBC repositories in DEFAULT mode.
2024-05-31T11:40:11.340-04:00  INFO 5416 --- [xchange] [    Test worker] .s.d.r.c.RepositoryConfigurationDelegate : Finished Spring Data repository scanning in 4 ms. Found 1 JDBC repository interface.
2024-05-31T11:40:11.387-04:00  INFO 5416 --- [xchange] [    Test worker] o.s.b.w.embedded.tomcat.TomcatWebServer  : Tomcat initialized with port 0 (http)
2024-05-31T11:40:11.389-04:00  INFO 5416 --- [xchange] [    Test worker] o.apache.catalina.core.StandardService   : Starting service [Tomcat]
2024-05-31T11:40:11.390-04:00  INFO 5416 --- [xchange] [    Test worker] o.apache.catalina.core.StandardEngine    : Starting Servlet engine: [Apache Tomcat/10.1.24]
2024-05-31T11:40:11.408-04:00  INFO 5416 --- [xchange] [    Test worker] o.a.c.c.C.[Tomcat].[localhost].[/]       : Initializing Spring embedded WebApplicationContext
2024-05-31T11:40:11.409-04:00  INFO 5416 --- [xchange] [    Test worker] w.s.c.ServletWebServerApplicationContext : Root WebApplicationContext: initialization completed in 285 ms
2024-05-31T11:40:11.467-04:00  INFO 5416 --- [xchange] [    Test worker] o.s.j.d.e.EmbeddedDatabaseFactory        : Starting embedded database: url='jdbc:h2:mem:5c159ae9-adde-494e-8a8c-cafec81e10d9;DB_CLOSE_DELAY=-1;DB_CLOSE_ON_EXIT=false', username='sa'
2024-05-31T11:40:11.667-04:00  INFO 5416 --- [xchange] [    Test worker] r$InitializeUserDetailsManagerConfigurer : Global AuthenticationManager configured with UserDetailsService bean with name testOnlyUsers
2024-05-31T11:40:11.672-04:00  INFO 5416 --- [xchange] [    Test worker] o.s.b.a.w.s.WelcomePageHandlerMapping    : Adding welcome page: class path resource [static/index.html]
2024-05-31T11:40:11.728-04:00  INFO 5416 --- [xchange] [    Test worker] o.s.b.a.e.web.EndpointLinksResolver      : Exposing 1 endpoint beneath base path '/actuator'
2024-05-31T11:40:11.734-04:00  INFO 5416 --- [xchange] [    Test worker] o.s.s.web.DefaultSecurityFilterChain     : Will secure any request with [org.springframework.security.web.session.DisableEncodeUrlFilter@5e89e527, org.springframework.security.web.context.request.async.WebAsyncManagerIntegrationFilter@41f84bb1, org.springframework.security.web.context.SecurityContextHolderFilter@6ca9ec77, org.springframework.security.web.header.HeaderWriterFilter@61b6f287, org.springframework.web.filter.CorsFilter@5013c6bc, org.springframework.security.web.authentication.logout.LogoutFilter@193710c3, org.springframework.security.web.authentication.www.BasicAuthenticationFilter@7f19430f, org.springframework.security.web.savedrequest.RequestCacheAwareFilter@360432d3, org.springframework.security.web.servletapi.SecurityContextHolderAwareRequestFilter@6c2a7c73, org.springframework.security.web.authentication.AnonymousAuthenticationFilter@6527f68a, org.springframework.security.web.access.ExceptionTranslationFilter@6c96dc5c, org.springframework.security.web.access.intercept.AuthorizationFilter@314407dd]
2024-05-31T11:40:11.781-04:00  INFO 5416 --- [xchange] [    Test worker] o.s.b.w.embedded.tomcat.TomcatWebServer  : Tomcat started on port 4559 (http) with context path '/'
2024-05-31T11:40:11.791-04:00  INFO 5416 --- [xchange] [    Test worker] peep.xchange.CashCardApplicationTests    : Started CashCardApplicationTests in 0.689 seconds (process running for 7.766)
2024-05-31T11:40:11.797-04:00  INFO 5416 --- [xchange] [o-auto-2-exec-1] o.a.c.c.C.[Tomcat].[localhost].[/]       : Initializing Spring DispatcherServlet 'dispatcherServlet'
2024-05-31T11:40:11.797-04:00  INFO 5416 --- [xchange] [o-auto-2-exec-1] o.s.web.servlet.DispatcherServlet        : Initializing Servlet 'dispatcherServlet'
2024-05-31T11:40:11.798-04:00  INFO 5416 --- [xchange] [o-auto-2-exec-1] o.s.web.servlet.DispatcherServlet        : Completed initialization in 1 ms
2024-05-31T11:40:12.258-04:00  INFO 5416 --- [xchange] [    Test worker] o.s.j.d.e.EmbeddedDatabaseFactory        : Shutting down embedded database: url='jdbc:h2:mem:5c159ae9-adde-494e-8a8c-cafec81e10d9;DB_CLOSE_DELAY=-1;DB_CLOSE_ON_EXIT=false'
  .   ____          _            __ _ _
 /\\ / ___'_ __ _ _(_)_ __  __ _ \ \ \ \
( ( )\___ | '_ | '_| | '_ \/ _` | \ \ \ \
 \\/  ___)| |_)| | | | | || (_| |  ) ) ) )
  '  |____| .__|_| |_|_| |_\__, | / / / /
 =========|_|==============|___/=/_/_/_/

 :: Spring Boot ::                (v3.3.0)

2024-05-31T11:40:12.279-04:00  INFO 5416 --- [xchange] [    Test worker] peep.xchange.CashCardApplicationTests    : Starting CashCardApplicationTests using Java 21.0.3 with PID 5416 (started by Dmers in C:\Users\Dmers\Code\Spring\PeepMonopoly)
2024-05-31T11:40:12.280-04:00  INFO 5416 --- [xchange] [    Test worker] peep.xchange.CashCardApplicationTests    : No active profile set, falling back to 1 default profile: "default"
2024-05-31T11:40:12.462-04:00  INFO 5416 --- [xchange] [    Test worker] .s.d.r.c.RepositoryConfigurationDelegate : Bootstrapping Spring Data JDBC repositories in DEFAULT mode.
2024-05-31T11:40:12.469-04:00  INFO 5416 --- [xchange] [    Test worker] .s.d.r.c.RepositoryConfigurationDelegate : Finished Spring Data repository scanning in 6 ms. Found 1 JDBC repository interface.
2024-05-31T11:40:12.513-04:00  INFO 5416 --- [xchange] [    Test worker] o.s.b.w.embedded.tomcat.TomcatWebServer  : Tomcat initialized with port 0 (http)
2024-05-31T11:40:12.514-04:00  INFO 5416 --- [xchange] [    Test worker] o.apache.catalina.core.StandardService   : Starting service [Tomcat]
2024-05-31T11:40:12.515-04:00  INFO 5416 --- [xchange] [    Test worker] o.apache.catalina.core.StandardEngine    : Starting Servlet engine: [Apache Tomcat/10.1.24]
2024-05-31T11:40:12.529-04:00  INFO 5416 --- [xchange] [    Test worker] o.a.c.c.C.[Tomcat].[localhost].[/]       : Initializing Spring embedded WebApplicationContext
2024-05-31T11:40:12.529-04:00  INFO 5416 --- [xchange] [    Test worker] w.s.c.ServletWebServerApplicationContext : Root WebApplicationContext: initialization completed in 248 ms
2024-05-31T11:40:12.564-04:00  INFO 5416 --- [xchange] [    Test worker] o.s.j.d.e.EmbeddedDatabaseFactory        : Starting embedded database: url='jdbc:h2:mem:8aa9f37f-b235-4ff7-9199-9d7dcf37e22d;DB_CLOSE_DELAY=-1;DB_CLOSE_ON_EXIT=false', username='sa'
2024-05-31T11:40:12.757-04:00  INFO 5416 --- [xchange] [    Test worker] r$InitializeUserDetailsManagerConfigurer : Global AuthenticationManager configured with UserDetailsService bean with name testOnlyUsers
2024-05-31T11:40:12.760-04:00  INFO 5416 --- [xchange] [    Test worker] o.s.b.a.w.s.WelcomePageHandlerMapping    : Adding welcome page: class path resource [static/index.html]
2024-05-31T11:40:12.808-04:00  INFO 5416 --- [xchange] [    Test worker] o.s.b.a.e.web.EndpointLinksResolver      : Exposing 1 endpoint beneath base path '/actuator'
2024-05-31T11:40:12.813-04:00  INFO 5416 --- [xchange] [    Test worker] o.s.s.web.DefaultSecurityFilterChain     : Will secure any request with [org.springframework.security.web.session.DisableEncodeUrlFilter@358bbbe2, org.springframework.security.web.context.request.async.WebAsyncManagerIntegrationFilter@7b9e7633, org.springframework.security.web.context.SecurityContextHolderFilter@67cc5a38, org.springframework.security.web.header.HeaderWriterFilter@2da7ef3e, org.springframework.web.filter.CorsFilter@1fbd0850, org.springframework.security.web.authentication.logout.LogoutFilter@181a6784, org.springframework.security.web.authentication.www.BasicAuthenticationFilter@7ee6d5fd, org.springframework.security.web.savedrequest.RequestCacheAwareFilter@23b62cc3, org.springframework.security.web.servletapi.SecurityContextHolderAwareRequestFilter@f4e235e, org.springframework.security.web.authentication.AnonymousAuthenticationFilter@57bc7f67, org.springframework.security.web.access.ExceptionTranslationFilter@472d7f34, org.springframework.security.web.access.intercept.AuthorizationFilter@747216b6]
2024-05-31T11:40:12.852-04:00  INFO 5416 --- [xchange] [    Test worker] o.s.b.w.embedded.tomcat.TomcatWebServer  : Tomcat started on port 4562 (http) with context path '/'
2024-05-31T11:40:12.861-04:00  INFO 5416 --- [xchange] [    Test worker] peep.xchange.CashCardApplicationTests    : Started CashCardApplicationTests in 0.599 seconds (process running for 8.837)
2024-05-31T11:40:12.868-04:00  INFO 5416 --- [xchange] [o-auto-3-exec-1] o.a.c.c.C.[Tomcat].[localhost].[/]       : Initializing Spring DispatcherServlet 'dispatcherServlet'
2024-05-31T11:40:12.868-04:00  INFO 5416 --- [xchange] [o-auto-3-exec-1] o.s.web.servlet.DispatcherServlet        : Initializing Servlet 'dispatcherServlet'
2024-05-31T11:40:12.869-04:00  INFO 5416 --- [xchange] [o-auto-3-exec-1] o.s.web.servlet.DispatcherServlet        : Completed initialization in 1 ms
2024-05-31T11:40:13.168-04:00  INFO 5416 --- [xchange] [    Test worker] o.s.j.d.e.EmbeddedDatabaseFactory        : Shutting down embedded database: url='jdbc:h2:mem:8aa9f37f-b235-4ff7-9199-9d7dcf37e22d;DB_CLOSE_DELAY=-1;DB_CLOSE_ON_EXIT=false'
  .   ____          _            __ _ _
 /\\ / ___'_ __ _ _(_)_ __  __ _ \ \ \ \
( ( )\___ | '_ | '_| | '_ \/ _` | \ \ \ \
 \\/  ___)| |_)| | | | | || (_| |  ) ) ) )
  '  |____| .__|_| |_|_| |_\__, | / / / /
 =========|_|==============|___/=/_/_/_/

 :: Spring Boot ::                (v3.3.0)

2024-05-31T11:40:13.188-04:00  INFO 5416 --- [xchange] [    Test worker] peep.xchange.CashCardApplicationTests    : Starting CashCardApplicationTests using Java 21.0.3 with PID 5416 (started by Dmers in C:\Users\Dmers\Code\Spring\PeepMonopoly)
2024-05-31T11:40:13.188-04:00  INFO 5416 --- [xchange] [    Test worker] peep.xchange.CashCardApplicationTests    : No active profile set, falling back to 1 default profile: "default"
2024-05-31T11:40:13.347-04:00  INFO 5416 --- [xchange] [    Test worker] .s.d.r.c.RepositoryConfigurationDelegate : Bootstrapping Spring Data JDBC repositories in DEFAULT mode.
2024-05-31T11:40:13.351-04:00  INFO 5416 --- [xchange] [    Test worker] .s.d.r.c.RepositoryConfigurationDelegate : Finished Spring Data repository scanning in 3 ms. Found 1 JDBC repository interface.
2024-05-31T11:40:13.389-04:00  INFO 5416 --- [xchange] [    Test worker] o.s.b.w.embedded.tomcat.TomcatWebServer  : Tomcat initialized with port 0 (http)
2024-05-31T11:40:13.390-04:00  INFO 5416 --- [xchange] [    Test worker] o.apache.catalina.core.StandardService   : Starting service [Tomcat]
2024-05-31T11:40:13.391-04:00  INFO 5416 --- [xchange] [    Test worker] o.apache.catalina.core.StandardEngine    : Starting Servlet engine: [Apache Tomcat/10.1.24]
2024-05-31T11:40:13.405-04:00  INFO 5416 --- [xchange] [    Test worker] o.a.c.c.C.[Tomcat].[localhost].[/]       : Initializing Spring embedded WebApplicationContext
2024-05-31T11:40:13.405-04:00  INFO 5416 --- [xchange] [    Test worker] w.s.c.ServletWebServerApplicationContext : Root WebApplicationContext: initialization completed in 215 ms
2024-05-31T11:40:13.435-04:00  INFO 5416 --- [xchange] [    Test worker] o.s.j.d.e.EmbeddedDatabaseFactory        : Starting embedded database: url='jdbc:h2:mem:a2a0c62a-3843-42c2-8ec6-a5ff6cd41554;DB_CLOSE_DELAY=-1;DB_CLOSE_ON_EXIT=false', username='sa'
2024-05-31T11:40:13.622-04:00  INFO 5416 --- [xchange] [    Test worker] r$InitializeUserDetailsManagerConfigurer : Global AuthenticationManager configured with UserDetailsService bean with name testOnlyUsers
2024-05-31T11:40:13.625-04:00  INFO 5416 --- [xchange] [    Test worker] o.s.b.a.w.s.WelcomePageHandlerMapping    : Adding welcome page: class path resource [static/index.html]
2024-05-31T11:40:13.670-04:00  INFO 5416 --- [xchange] [    Test worker] o.s.b.a.e.web.EndpointLinksResolver      : Exposing 1 endpoint beneath base path '/actuator'
2024-05-31T11:40:13.675-04:00  INFO 5416 --- [xchange] [    Test worker] o.s.s.web.DefaultSecurityFilterChain     : Will secure any request with [org.springframework.security.web.session.DisableEncodeUrlFilter@26aecf31, org.springframework.security.web.context.request.async.WebAsyncManagerIntegrationFilter@77fa509a, org.springframework.security.web.context.SecurityContextHolderFilter@77ef7b2b, org.springframework.security.web.header.HeaderWriterFilter@693f9ab5, org.springframework.web.filter.CorsFilter@5f92ef40, org.springframework.security.web.authentication.logout.LogoutFilter@26415b5e, org.springframework.security.web.authentication.www.BasicAuthenticationFilter@a19fe87, org.springframework.security.web.savedrequest.RequestCacheAwareFilter@373e09c7, org.springframework.security.web.servletapi.SecurityContextHolderAwareRequestFilter@3f04847e, org.springframework.security.web.authentication.AnonymousAuthenticationFilter@1abacff3, org.springframework.security.web.access.ExceptionTranslationFilter@60bd11f7, org.springframework.security.web.access.intercept.AuthorizationFilter@7aca4144]
2024-05-31T11:40:13.715-04:00  INFO 5416 --- [xchange] [    Test worker] o.s.b.w.embedded.tomcat.TomcatWebServer  : Tomcat started on port 4565 (http) with context path '/'
2024-05-31T11:40:13.719-04:00  INFO 5416 --- [xchange] [    Test worker] peep.xchange.CashCardApplicationTests    : Started CashCardApplicationTests in 0.546 seconds (process running for 9.694)
2024-05-31T11:40:13.725-04:00  INFO 5416 --- [xchange] [o-auto-4-exec-1] o.a.c.c.C.[Tomcat].[localhost].[/]       : Initializing Spring DispatcherServlet 'dispatcherServlet'
2024-05-31T11:40:13.725-04:00  INFO 5416 --- [xchange] [o-auto-4-exec-1] o.s.web.servlet.DispatcherServlet        : Initializing Servlet 'dispatcherServlet'
2024-05-31T11:40:13.726-04:00  INFO 5416 --- [xchange] [o-auto-4-exec-1] o.s.web.servlet.DispatcherServlet        : Completed initialization in 1 ms
]]></system-out>
  <system-err><![CDATA[WARNING: A Java agent has been loaded dynamically (C:\Users\Dmers\.gradle\caches\modules-2\files-2.1\net.bytebuddy\byte-buddy-agent\1.14.16\4a451ee6484abac3a498df0f3b33ed00a6fced4d\byte-buddy-agent-1.14.16.jar)
WARNING: If a serviceability tool is in use, please run with -XX:+EnableDynamicAgentLoading to hide this warning
WARNING: If a serviceability tool is not in use, please run with -Djdk.instrument.traceUsage for more information
WARNING: Dynamic loading of agents will be disallowed by default in a future release
]]></system-err>
</testsuite>
