<?xml version="1.0" encoding="UTF-8"?>
<testsuite name="peep.xchange.CashCardJsonTest" tests="4" skipped="0" failures="0" errors="0" timestamp="2024-05-31T19:48:22" hostname="DREW" time="0.048">
  <properties/>
  <testcase name="cashCardSerializationTest()" classname="peep.xchange.CashCardJsonTest" time="0.031"/>
  <testcase name="cashCardDeserializationTest()" classname="peep.xchange.CashCardJsonTest" time="0.004"/>
  <testcase name="cashCardListSerializationTest()" classname="peep.xchange.CashCardJsonTest" time="0.007"/>
  <testcase name="cashCardListDeserializationTest()" classname="peep.xchange.CashCardJsonTest" time="0.004"/>
  <system-out><![CDATA[2024-05-31T15:48:22.744-04:00  INFO 22856 --- [xchange] [    Test worker] t.c.s.AnnotationConfigContextLoaderUtils : Could not detect default configuration classes for test class [peep.xchange.CashCardJsonTest]: CashCardJsonTest does not declare any static, non-private, non-final, nested classes annotated with @Configuration.
2024-05-31T15:48:22.752-04:00  INFO 22856 --- [xchange] [    Test worker] .b.t.c.SpringBootTestContextBootstrapper : Found @SpringBootConfiguration peep.xchange.CashCardApplication for test class peep.xchange.CashCardJsonTest
  .   ____          _            __ _ _
 /\\ / ___'_ __ _ _(_)_ __  __ _ \ \ \ \
( ( )\___ | '_ | '_| | '_ \/ _` | \ \ \ \
 \\/  ___)| |_)| | | | | || (_| |  ) ) ) )
  '  |____| .__|_| |_|_| |_\__, | / / / /
 =========|_|==============|___/=/_/_/_/

 :: Spring Boot ::                (v3.3.0)

2024-05-31T15:48:22.781-04:00  INFO 22856 --- [xchange] [    Test worker] peep.xchange.CashCardJsonTest            : Starting CashCardJsonTest using Java 21.0.3 with PID 22856 (started by Dmers in C:\Users\Dmers\Code\Spring\PeepMonopoly)
2024-05-31T15:48:22.782-04:00  INFO 22856 --- [xchange] [    Test worker] peep.xchange.CashCardJsonTest            : No active profile set, falling back to 1 default profile: "default"
2024-05-31T15:48:22.831-04:00  INFO 22856 --- [xchange] [    Test worker] peep.xchange.CashCardJsonTest            : Started CashCardJsonTest in 0.076 seconds (process running for 11.771)
]]></system-out>
  <system-err><![CDATA[]]></system-err>
</testsuite>
