<?xml version="1.0" encoding="UTF-8"?>
<testsuite name="peep.xchange.Users.UserRepositoryTests" tests="5" skipped="0" failures="0" errors="0" timestamp="2024-06-01T20:00:55" hostname="DREW" time="0.854">
  <properties/>
  <testcase name="testSaveUser()" classname="peep.xchange.Users.UserRepositoryTests" time="0.768"/>
  <testcase name="testFindAll()" classname="peep.xchange.Users.UserRepositoryTests" time="0.041"/>
  <testcase name="testFindByUsername()" classname="peep.xchange.Users.UserRepositoryTests" time="0.019"/>
  <testcase name="testExistsByUsername()" classname="peep.xchange.Users.UserRepositoryTests" time="0.008"/>
  <testcase name="testDeleteUser()" classname="peep.xchange.Users.UserRepositoryTests" time="0.014"/>
  <system-out><![CDATA[  .   ____          _            __ _ _
 /\\ / ___'_ __ _ _(_)_ __  __ _ \ \ \ \
( ( )\___ | '_ | '_| | '_ \/ _` | \ \ \ \
 \\/  ___)| |_)| | | | | || (_| |  ) ) ) )
  '  |____| .__|_| |_|_| |_\__, | / / / /
 =========|_|==============|___/=/_/_/_/

 :: Spring Boot ::                (v3.3.0)

2024-06-01T16:00:54.241-04:00  INFO 10352 --- [    Test worker] peep.xchange.Users.UserRepositoryTests   : Starting UserRepositoryTests using Java 21.0.3 with PID 10352 (started by Dmers in C:\Users\Dmers\Code\Spring\PeepMonopoly)
2024-06-01T16:00:54.243-04:00  INFO 10352 --- [    Test worker] peep.xchange.Users.UserRepositoryTests   : No active profile set, falling back to 1 default profile: "default"
2024-06-01T16:00:54.597-04:00  INFO 10352 --- [    Test worker] .s.d.r.c.RepositoryConfigurationDelegate : Bootstrapping Spring Data JDBC repositories in DEFAULT mode.
2024-06-01T16:00:54.677-04:00  INFO 10352 --- [    Test worker] .s.d.r.c.RepositoryConfigurationDelegate : Finished Spring Data repository scanning in 61 ms. Found 1 JDBC repository interface.
2024-06-01T16:00:54.783-04:00  INFO 10352 --- [    Test worker] beddedDataSourceBeanFactoryPostProcessor : Replacing 'dataSource' DataSource bean with embedded version
2024-06-01T16:00:54.954-04:00  INFO 10352 --- [    Test worker] o.s.j.d.e.EmbeddedDatabaseFactory        : Starting embedded database: url='jdbc:h2:mem:522ededb-ebe9-46d9-a923-b22454d5d2cf;DB_CLOSE_DELAY=-1;DB_CLOSE_ON_EXIT=false', username='sa'
2024-06-01T16:00:55.421-04:00  INFO 10352 --- [    Test worker] peep.xchange.Users.UserRepositoryTests   : Started UserRepositoryTests in 1.463 seconds (process running for 2.438)
]]></system-out>
  <system-err><![CDATA[WARNING: A Java agent has been loaded dynamically (C:\Users\Dmers\.gradle\caches\modules-2\files-2.1\net.bytebuddy\byte-buddy-agent\1.14.16\4a451ee6484abac3a498df0f3b33ed00a6fced4d\byte-buddy-agent-1.14.16.jar)
WARNING: If a serviceability tool is in use, please run with -XX:+EnableDynamicAgentLoading to hide this warning
WARNING: If a serviceability tool is not in use, please run with -Djdk.instrument.traceUsage for more information
WARNING: Dynamic loading of agents will be disallowed by default in a future release
]]></system-err>
</testsuite>
