<?xml version="1.0" encoding="UTF-8"?>
<testsuite name="peep.xchange.Users.UserRepositoryTests" tests="5" skipped="0" failures="0" errors="0" timestamp="2024-06-01T21:20:07" hostname="DREW" time="0.082">
  <properties/>
  <testcase name="testSaveUser()" classname="peep.xchange.Users.UserRepositoryTests" time="0.031"/>
  <testcase name="testFindAll()" classname="peep.xchange.Users.UserRepositoryTests" time="0.03"/>
  <testcase name="testFindByUsername()" classname="peep.xchange.Users.UserRepositoryTests" time="0.005"/>
  <testcase name="testExistsByUsername()" classname="peep.xchange.Users.UserRepositoryTests" time="0.008"/>
  <testcase name="testDeleteUser()" classname="peep.xchange.Users.UserRepositoryTests" time="0.005"/>
  <system-out><![CDATA[  .   ____          _            __ _ _
 /\\ / ___'_ __ _ _(_)_ __  __ _ \ \ \ \
( ( )\___ | '_ | '_| | '_ \/ _` | \ \ \ \
 \\/  ___)| |_)| | | | | || (_| |  ) ) ) )
  '  |____| .__|_| |_|_| |_\__, | / / / /
 =========|_|==============|___/=/_/_/_/

 :: Spring Boot ::                (v3.3.0)

2024-06-01T17:20:07.183-04:00  INFO 7476 --- [    Test worker] peep.xchange.Users.UserRepositoryTests   : Starting UserRepositoryTests using Java 21.0.3 with PID 7476 (started by Dmers in C:\Users\Dmers\Code\Spring\PeepMonopoly)
2024-06-01T17:20:07.183-04:00  INFO 7476 --- [    Test worker] peep.xchange.Users.UserRepositoryTests   : No active profile set, falling back to 1 default profile: "default"
2024-06-01T17:20:07.288-04:00  INFO 7476 --- [    Test worker] .s.d.r.c.RepositoryConfigurationDelegate : Bootstrapping Spring Data JDBC repositories in DEFAULT mode.
2024-06-01T17:20:07.294-04:00  INFO 7476 --- [    Test worker] .s.d.r.c.RepositoryConfigurationDelegate : Finished Spring Data repository scanning in 5 ms. Found 1 JDBC repository interface.
2024-06-01T17:20:07.320-04:00  INFO 7476 --- [    Test worker] beddedDataSourceBeanFactoryPostProcessor : Replacing 'dataSource' DataSource bean with embedded version
2024-06-01T17:20:07.401-04:00  INFO 7476 --- [    Test worker] o.s.j.d.e.EmbeddedDatabaseFactory        : Starting embedded database: url='jdbc:h2:mem:ae8fe2b6-96b3-46d7-b728-0c4dad3fa57a;DB_CLOSE_DELAY=-1;DB_CLOSE_ON_EXIT=false', username='sa'
2024-06-01T17:20:07.492-04:00  INFO 7476 --- [    Test worker] peep.xchange.Users.UserRepositoryTests   : Started UserRepositoryTests in 0.338 seconds (process running for 13.208)
]]></system-out>
  <system-err><![CDATA[]]></system-err>
</testsuite>
