<?xml version="1.0" encoding="UTF-8"?>
<testsuite name="peep.xchange.Users.UserControllerTests" tests="5" skipped="0" failures="0" errors="0" timestamp="2024-06-01T22:39:44" hostname="DREW" time="0.35">
  <properties/>
  <testcase name="testGetAllUsers()" classname="peep.xchange.Users.UserControllerTests" time="0.269"/>
  <testcase name="testUpdateUser()" classname="peep.xchange.Users.UserControllerTests" time="0.029"/>
  <testcase name="testCreateUser()" classname="peep.xchange.Users.UserControllerTests" time="0.013"/>
  <testcase name="testDeleteUser()" classname="peep.xchange.Users.UserControllerTests" time="0.02"/>
  <testcase name="testGetUserById()" classname="peep.xchange.Users.UserControllerTests" time="0.014"/>
  <system-out><![CDATA[2024-06-01T18:39:43.098-04:00  INFO 24024 --- [    Test worker] t.c.s.AnnotationConfigContextLoaderUtils : Could not detect default configuration classes for test class [peep.xchange.Users.UserControllerTests]: UserControllerTests does not declare any static, non-private, non-final, nested classes annotated with @Configuration.
2024-06-01T18:39:43.114-04:00  INFO 24024 --- [    Test worker] .b.t.c.SpringBootTestContextBootstrapper : Found @SpringBootConfiguration peep.xchange.CashCardApplication for test class peep.xchange.Users.UserControllerTests
  .   ____          _            __ _ _
 /\\ / ___'_ __ _ _(_)_ __  __ _ \ \ \ \
( ( )\___ | '_ | '_| | '_ \/ _` | \ \ \ \
 \\/  ___)| |_)| | | | | || (_| |  ) ) ) )
  '  |____| .__|_| |_|_| |_\__, | / / / /
 =========|_|==============|___/=/_/_/_/

 :: Spring Boot ::                (v3.3.0)

2024-06-01T18:39:43.130-04:00  INFO 24024 --- [    Test worker] peep.xchange.Users.UserControllerTests   : Starting UserControllerTests using Java 21.0.3 with PID 24024 (started by Dmers in C:\Users\Dmers\Code\Spring\PeepMonopoly)
2024-06-01T18:39:43.130-04:00  INFO 24024 --- [    Test worker] peep.xchange.Users.UserControllerTests   : No active profile set, falling back to 1 default profile: "default"
2024-06-01T18:39:43.607-04:00  INFO 24024 --- [    Test worker] o.s.b.a.w.s.WelcomePageHandlerMapping    : Adding welcome page: class path resource [static/index.html]
2024-06-01T18:39:43.756-04:00  WARN 24024 --- [    Test worker] .s.s.UserDetailsServiceAutoConfiguration : 

Using generated security password: a6a4a676-9a34-435e-90cf-1522133d70f0

This generated password is for development use only. Your security configuration must be updated before running your application in production.

2024-06-01T18:39:43.819-04:00  INFO 24024 --- [    Test worker] r$InitializeUserDetailsManagerConfigurer : Global AuthenticationManager configured with UserDetailsService bean with name inMemoryUserDetailsManager
2024-06-01T18:39:43.857-04:00  INFO 24024 --- [    Test worker] o.s.s.web.DefaultSecurityFilterChain     : Will secure any request with [org.springframework.security.web.session.DisableEncodeUrlFilter@627a06e6, org.springframework.security.web.context.request.async.WebAsyncManagerIntegrationFilter@1592a3d5, org.springframework.security.web.context.SecurityContextHolderFilter@ea2f3a, org.springframework.security.web.header.HeaderWriterFilter@456a0e9e, org.springframework.web.filter.CorsFilter@44f4c619, org.springframework.security.web.csrf.CsrfFilter@7f6cf9b2, org.springframework.security.web.authentication.logout.LogoutFilter@72da5f0e, org.springframework.security.web.authentication.UsernamePasswordAuthenticationFilter@403230be, org.springframework.security.web.authentication.ui.DefaultLoginPageGeneratingFilter@24f3d208, org.springframework.security.web.authentication.ui.DefaultLogoutPageGeneratingFilter@25892fe3, org.springframework.security.web.authentication.www.BasicAuthenticationFilter@60b03599, org.springframework.security.web.savedrequest.RequestCacheAwareFilter@18d3e7fc, org.springframework.security.web.servletapi.SecurityContextHolderAwareRequestFilter@31782447, org.springframework.security.web.authentication.AnonymousAuthenticationFilter@17765082, org.springframework.security.web.access.ExceptionTranslationFilter@7d5caf3, org.springframework.security.web.access.intercept.AuthorizationFilter@3829e6ca]
2024-06-01T18:39:44.076-04:00  INFO 24024 --- [    Test worker] o.s.b.t.m.w.SpringBootMockServletContext : Initializing Spring TestDispatcherServlet ''
2024-06-01T18:39:44.076-04:00  INFO 24024 --- [    Test worker] o.s.t.web.servlet.TestDispatcherServlet  : Initializing Servlet ''
2024-06-01T18:39:44.078-04:00  INFO 24024 --- [    Test worker] o.s.t.web.servlet.TestDispatcherServlet  : Completed initialization in 2 ms
2024-06-01T18:39:44.122-04:00  INFO 24024 --- [    Test worker] peep.xchange.Users.UserControllerTests   : Started UserControllerTests in 1.003 seconds (process running for 13.582)
2024-06-01T18:39:44.274-04:00  INFO 24024 --- [    Test worker] o.s.mock.web.MockServletContext          : Initializing Spring TestDispatcherServlet ''
2024-06-01T18:39:44.274-04:00  INFO 24024 --- [    Test worker] o.s.t.web.servlet.TestDispatcherServlet  : Initializing Servlet ''
2024-06-01T18:39:44.275-04:00  INFO 24024 --- [    Test worker] o.s.t.web.servlet.TestDispatcherServlet  : Completed initialization in 1 ms
2024-06-01T18:39:44.421-04:00  INFO 24024 --- [    Test worker] o.s.mock.web.MockServletContext          : Initializing Spring TestDispatcherServlet ''
2024-06-01T18:39:44.421-04:00  INFO 24024 --- [    Test worker] o.s.t.web.servlet.TestDispatcherServlet  : Initializing Servlet ''
2024-06-01T18:39:44.421-04:00  INFO 24024 --- [    Test worker] o.s.t.web.servlet.TestDispatcherServlet  : Completed initialization in 0 ms
2024-06-01T18:39:44.451-04:00  INFO 24024 --- [    Test worker] o.s.mock.web.MockServletContext          : Initializing Spring TestDispatcherServlet ''
2024-06-01T18:39:44.451-04:00  INFO 24024 --- [    Test worker] o.s.t.web.servlet.TestDispatcherServlet  : Initializing Servlet ''
2024-06-01T18:39:44.451-04:00  INFO 24024 --- [    Test worker] o.s.t.web.servlet.TestDispatcherServlet  : Completed initialization in 0 ms
2024-06-01T18:39:44.465-04:00  INFO 24024 --- [    Test worker] o.s.mock.web.MockServletContext          : Initializing Spring TestDispatcherServlet ''
2024-06-01T18:39:44.466-04:00  INFO 24024 --- [    Test worker] o.s.t.web.servlet.TestDispatcherServlet  : Initializing Servlet ''
2024-06-01T18:39:44.466-04:00  INFO 24024 --- [    Test worker] o.s.t.web.servlet.TestDispatcherServlet  : Completed initialization in 0 ms
2024-06-01T18:39:44.487-04:00  INFO 24024 --- [    Test worker] o.s.mock.web.MockServletContext          : Initializing Spring TestDispatcherServlet ''
2024-06-01T18:39:44.487-04:00  INFO 24024 --- [    Test worker] o.s.t.web.servlet.TestDispatcherServlet  : Initializing Servlet ''
2024-06-01T18:39:44.487-04:00  INFO 24024 --- [    Test worker] o.s.t.web.servlet.TestDispatcherServlet  : Completed initialization in 0 ms
]]></system-out>
  <system-err><![CDATA[]]></system-err>
</testsuite>
