<?xml version="1.0" encoding="UTF-8"?>
<testsuite name="peep.xchange.CashCardApplicationTests" tests="16" skipped="0" failures="0" errors="0" timestamp="2024-05-31T19:48:18" hostname="DREW" time="4.428">
  <properties/>
  <testcase name="shouldReturnASortedPageOfCashCards()" classname="peep.xchange.CashCardApplicationTests" time="1.03"/>
  <testcase name="shouldNotAllowDeletionOfCashCardsTheyDoNotOwn()" classname="peep.xchange.CashCardApplicationTests" time="0.133"/>
  <testcase name="shouldDeleteAnExistingCashCard()" classname="peep.xchange.CashCardApplicationTests" time="0.154"/>
  <testcase name="shouldNotAllowAccessToCashCardsTheyDoNotOwn()" classname="peep.xchange.CashCardApplicationTests" time="0.115"/>
  <testcase name="shouldNotUpdateACashCardThatIsOwnedBySomeoneElse()" classname="peep.xchange.CashCardApplicationTests" time="0.087"/>
  <testcase name="shouldReturnACashCardWhenDataIsSaved()" classname="peep.xchange.CashCardApplicationTests" time="0.059"/>
  <testcase name="shouldNotDeleteACashCardThatDoesNotExist()" classname="peep.xchange.CashCardApplicationTests" time="0.058"/>
  <testcase name="shouldCreateANewCashCard()" classname="peep.xchange.CashCardApplicationTests" time="0.155"/>
  <testcase name="shouldRejectUsersWhoAreNotCardOwners()" classname="peep.xchange.CashCardApplicationTests" time="0.112"/>
  <testcase name="shouldReturnAPageOfCashCards()" classname="peep.xchange.CashCardApplicationTests" time="0.06"/>
  <testcase name="shouldUpdateAnExistingCashCard()" classname="peep.xchange.CashCardApplicationTests" time="0.134"/>
  <testcase name="shouldNotUpdateACashCardThatDoesNotExist()" classname="peep.xchange.CashCardApplicationTests" time="0.112"/>
  <testcase name="shouldNotReturnACashCardWhenUsingBadCredentials()" classname="peep.xchange.CashCardApplicationTests" time="0.125"/>
  <testcase name="shouldReturnAllCashCardsWhenListIsRequested()" classname="peep.xchange.CashCardApplicationTests" time="0.066"/>
  <testcase name="shouldReturnASortedPageOfCashCardsWithNoParametersAndUseDefaultValues()" classname="peep.xchange.CashCardApplicationTests" time="0.056"/>
  <testcase name="shouldNotReturnACashCardWithAnUnknownId()" classname="peep.xchange.CashCardApplicationTests" time="0.06"/>
  <system-out><![CDATA[15:48:11.881 [Test worker] INFO org.springframework.test.context.support.AnnotationConfigContextLoaderUtils -- Could not detect default configuration classes for test class [peep.xchange.CashCardApplicationTests]: CashCardApplicationTests does not declare any static, non-private, non-final, nested classes annotated with @Configuration.
15:48:12.022 [Test worker] INFO org.springframework.boot.test.context.SpringBootTestContextBootstrapper -- Found @SpringBootConfiguration peep.xchange.CashCardApplication for test class peep.xchange.CashCardApplicationTests
  .   ____          _            __ _ _
 /\\ / ___'_ __ _ _(_)_ __  __ _ \ \ \ \
( ( )\___ | '_ | '_| | '_ \/ _` | \ \ \ \
 \\/  ___)| |_)| | | | | || (_| |  ) ) ) )
  '  |____| .__|_| |_|_| |_\__, | / / / /
 =========|_|==============|___/=/_/_/_/

 :: Spring Boot ::                (v3.3.0)

2024-05-31T15:48:12.482-04:00  INFO 22856 --- [xchange] [    Test worker] peep.xchange.CashCardApplicationTests    : Starting CashCardApplicationTests using Java 21.0.3 with PID 22856 (started by Dmers in C:\Users\Dmers\Code\Spring\PeepMonopoly)
2024-05-31T15:48:12.483-04:00  INFO 22856 --- [xchange] [    Test worker] peep.xchange.CashCardApplicationTests    : No active profile set, falling back to 1 default profile: "default"
2024-05-31T15:48:13.398-04:00  INFO 22856 --- [xchange] [    Test worker] .s.d.r.c.RepositoryConfigurationDelegate : Bootstrapping Spring Data JDBC repositories in DEFAULT mode.
2024-05-31T15:48:13.433-04:00  INFO 22856 --- [xchange] [    Test worker] .s.d.r.c.RepositoryConfigurationDelegate : Finished Spring Data repository scanning in 30 ms. Found 2 JDBC repository interfaces.
2024-05-31T15:48:14.172-04:00  INFO 22856 --- [xchange] [    Test worker] o.s.b.w.embedded.tomcat.TomcatWebServer  : Tomcat initialized with port 0 (http)
2024-05-31T15:48:14.186-04:00  INFO 22856 --- [xchange] [    Test worker] o.apache.catalina.core.StandardService   : Starting service [Tomcat]
2024-05-31T15:48:14.186-04:00  INFO 22856 --- [xchange] [    Test worker] o.apache.catalina.core.StandardEngine    : Starting Servlet engine: [Apache Tomcat/10.1.24]
2024-05-31T15:48:14.251-04:00  INFO 22856 --- [xchange] [    Test worker] o.a.c.c.C.[Tomcat].[localhost].[/]       : Initializing Spring embedded WebApplicationContext
2024-05-31T15:48:14.251-04:00  INFO 22856 --- [xchange] [    Test worker] w.s.c.ServletWebServerApplicationContext : Root WebApplicationContext: initialization completed in 1751 ms
2024-05-31T15:48:14.595-04:00  INFO 22856 --- [xchange] [    Test worker] com.zaxxer.hikari.HikariDataSource       : HikariPool-1 - Starting...
2024-05-31T15:48:14.888-04:00  INFO 22856 --- [xchange] [    Test worker] com.zaxxer.hikari.pool.HikariPool        : HikariPool-1 - Added connection conn0: url=jdbc:h2:mem:fb59efd0-917e-4d09-9fd9-baf33072d588 user=SA
2024-05-31T15:48:14.893-04:00  INFO 22856 --- [xchange] [    Test worker] com.zaxxer.hikari.HikariDataSource       : HikariPool-1 - Start completed.
2024-05-31T15:48:16.343-04:00  INFO 22856 --- [xchange] [    Test worker] r$InitializeUserDetailsManagerConfigurer : Global AuthenticationManager configured with UserDetailsService bean with name testOnlyUsers
2024-05-31T15:48:16.564-04:00  INFO 22856 --- [xchange] [    Test worker] o.s.b.a.w.s.WelcomePageHandlerMapping    : Adding welcome page: class path resource [static/index.html]
2024-05-31T15:48:17.152-04:00  INFO 22856 --- [xchange] [    Test worker] o.s.b.a.e.web.EndpointLinksResolver      : Exposing 1 endpoint beneath base path '/actuator'
2024-05-31T15:48:17.297-04:00  INFO 22856 --- [xchange] [    Test worker] o.s.s.web.DefaultSecurityFilterChain     : Will secure any request with [org.springframework.security.web.session.DisableEncodeUrlFilter@749ee0e3, org.springframework.security.web.context.request.async.WebAsyncManagerIntegrationFilter@7891cf3, org.springframework.security.web.context.SecurityContextHolderFilter@6942ee48, org.springframework.security.web.header.HeaderWriterFilter@5981f2c6, org.springframework.web.filter.CorsFilter@6bfbab1c, org.springframework.security.web.authentication.logout.LogoutFilter@813ab53, org.springframework.security.web.authentication.www.BasicAuthenticationFilter@5614ae05, org.springframework.security.web.savedrequest.RequestCacheAwareFilter@6abd8bcd, org.springframework.security.web.servletapi.SecurityContextHolderAwareRequestFilter@7d90764a, org.springframework.security.web.authentication.AnonymousAuthenticationFilter@349aeec4, org.springframework.security.web.access.ExceptionTranslationFilter@30a791a6, org.springframework.security.web.access.intercept.AuthorizationFilter@776d8097]
2024-05-31T15:48:18.143-04:00  INFO 22856 --- [xchange] [    Test worker] o.s.b.w.embedded.tomcat.TomcatWebServer  : Tomcat started on port 15321 (http) with context path '/'
2024-05-31T15:48:18.157-04:00  INFO 22856 --- [xchange] [    Test worker] peep.xchange.CashCardApplicationTests    : Started CashCardApplicationTests in 5.971 seconds (process running for 7.097)
2024-05-31T15:48:18.994-04:00  INFO 22856 --- [xchange] [o-auto-1-exec-1] o.a.c.c.C.[Tomcat].[localhost].[/]       : Initializing Spring DispatcherServlet 'dispatcherServlet'
2024-05-31T15:48:18.994-04:00  INFO 22856 --- [xchange] [o-auto-1-exec-1] o.s.web.servlet.DispatcherServlet        : Initializing Servlet 'dispatcherServlet'
2024-05-31T15:48:18.995-04:00  INFO 22856 --- [xchange] [o-auto-1-exec-1] o.s.web.servlet.DispatcherServlet        : Completed initialization in 1 ms
2024-05-31T15:48:19.618-04:00  INFO 22856 --- [xchange] [    Test worker] com.zaxxer.hikari.HikariDataSource       : HikariPool-1 - Shutdown initiated...
2024-05-31T15:48:19.623-04:00  INFO 22856 --- [xchange] [    Test worker] com.zaxxer.hikari.HikariDataSource       : HikariPool-1 - Shutdown completed.
  .   ____          _            __ _ _
 /\\ / ___'_ __ _ _(_)_ __  __ _ \ \ \ \
( ( )\___ | '_ | '_| | '_ \/ _` | \ \ \ \
 \\/  ___)| |_)| | | | | || (_| |  ) ) ) )
  '  |____| .__|_| |_|_| |_\__, | / / / /
 =========|_|==============|___/=/_/_/_/

 :: Spring Boot ::                (v3.3.0)

2024-05-31T15:48:19.657-04:00  INFO 22856 --- [xchange] [    Test worker] peep.xchange.CashCardApplicationTests    : Starting CashCardApplicationTests using Java 21.0.3 with PID 22856 (started by Dmers in C:\Users\Dmers\Code\Spring\PeepMonopoly)
2024-05-31T15:48:19.657-04:00  INFO 22856 --- [xchange] [    Test worker] peep.xchange.CashCardApplicationTests    : No active profile set, falling back to 1 default profile: "default"
2024-05-31T15:48:19.864-04:00  INFO 22856 --- [xchange] [    Test worker] .s.d.r.c.RepositoryConfigurationDelegate : Bootstrapping Spring Data JDBC repositories in DEFAULT mode.
2024-05-31T15:48:19.870-04:00  INFO 22856 --- [xchange] [    Test worker] .s.d.r.c.RepositoryConfigurationDelegate : Finished Spring Data repository scanning in 4 ms. Found 2 JDBC repository interfaces.
2024-05-31T15:48:19.942-04:00  INFO 22856 --- [xchange] [    Test worker] o.s.b.w.embedded.tomcat.TomcatWebServer  : Tomcat initialized with port 0 (http)
2024-05-31T15:48:19.943-04:00  INFO 22856 --- [xchange] [    Test worker] o.apache.catalina.core.StandardService   : Starting service [Tomcat]
2024-05-31T15:48:19.944-04:00  INFO 22856 --- [xchange] [    Test worker] o.apache.catalina.core.StandardEngine    : Starting Servlet engine: [Apache Tomcat/10.1.24]
2024-05-31T15:48:19.963-04:00  INFO 22856 --- [xchange] [    Test worker] o.a.c.c.C.[Tomcat].[localhost].[/]       : Initializing Spring embedded WebApplicationContext
2024-05-31T15:48:19.963-04:00  INFO 22856 --- [xchange] [    Test worker] w.s.c.ServletWebServerApplicationContext : Root WebApplicationContext: initialization completed in 304 ms
2024-05-31T15:48:20.021-04:00  INFO 22856 --- [xchange] [    Test worker] com.zaxxer.hikari.HikariDataSource       : HikariPool-2 - Starting...
2024-05-31T15:48:20.025-04:00  INFO 22856 --- [xchange] [    Test worker] com.zaxxer.hikari.pool.HikariPool        : HikariPool-2 - Added connection conn10: url=jdbc:h2:mem:a3d4468c-51c7-4ad2-bf39-ef7678d1220e user=SA
2024-05-31T15:48:20.025-04:00  INFO 22856 --- [xchange] [    Test worker] com.zaxxer.hikari.HikariDataSource       : HikariPool-2 - Start completed.
2024-05-31T15:48:20.225-04:00  INFO 22856 --- [xchange] [    Test worker] r$InitializeUserDetailsManagerConfigurer : Global AuthenticationManager configured with UserDetailsService bean with name testOnlyUsers
2024-05-31T15:48:20.229-04:00  INFO 22856 --- [xchange] [    Test worker] o.s.b.a.w.s.WelcomePageHandlerMapping    : Adding welcome page: class path resource [static/index.html]
2024-05-31T15:48:20.285-04:00  INFO 22856 --- [xchange] [    Test worker] o.s.b.a.e.web.EndpointLinksResolver      : Exposing 1 endpoint beneath base path '/actuator'
2024-05-31T15:48:20.292-04:00  INFO 22856 --- [xchange] [    Test worker] o.s.s.web.DefaultSecurityFilterChain     : Will secure any request with [org.springframework.security.web.session.DisableEncodeUrlFilter@2605433, org.springframework.security.web.context.request.async.WebAsyncManagerIntegrationFilter@40a2fdd2, org.springframework.security.web.context.SecurityContextHolderFilter@68fec965, org.springframework.security.web.header.HeaderWriterFilter@17a89cb1, org.springframework.web.filter.CorsFilter@392af2e0, org.springframework.security.web.authentication.logout.LogoutFilter@729eef5f, org.springframework.security.web.authentication.www.BasicAuthenticationFilter@701a79b, org.springframework.security.web.savedrequest.RequestCacheAwareFilter@7af5ce66, org.springframework.security.web.servletapi.SecurityContextHolderAwareRequestFilter@3f2bf80d, org.springframework.security.web.authentication.AnonymousAuthenticationFilter@331da721, org.springframework.security.web.access.ExceptionTranslationFilter@1d4b0a07, org.springframework.security.web.access.intercept.AuthorizationFilter@46c7e6c0]
2024-05-31T15:48:20.342-04:00  INFO 22856 --- [xchange] [    Test worker] o.s.b.w.embedded.tomcat.TomcatWebServer  : Tomcat started on port 15326 (http) with context path '/'
2024-05-31T15:48:20.350-04:00  INFO 22856 --- [xchange] [    Test worker] peep.xchange.CashCardApplicationTests    : Started CashCardApplicationTests in 0.717 seconds (process running for 9.292)
2024-05-31T15:48:20.357-04:00  INFO 22856 --- [xchange] [o-auto-2-exec-1] o.a.c.c.C.[Tomcat].[localhost].[/]       : Initializing Spring DispatcherServlet 'dispatcherServlet'
2024-05-31T15:48:20.358-04:00  INFO 22856 --- [xchange] [o-auto-2-exec-1] o.s.web.servlet.DispatcherServlet        : Initializing Servlet 'dispatcherServlet'
2024-05-31T15:48:20.358-04:00  INFO 22856 --- [xchange] [o-auto-2-exec-1] o.s.web.servlet.DispatcherServlet        : Completed initialization in 0 ms
2024-05-31T15:48:20.824-04:00  INFO 22856 --- [xchange] [    Test worker] com.zaxxer.hikari.HikariDataSource       : HikariPool-2 - Shutdown initiated...
2024-05-31T15:48:20.825-04:00  INFO 22856 --- [xchange] [    Test worker] com.zaxxer.hikari.HikariDataSource       : HikariPool-2 - Shutdown completed.
  .   ____          _            __ _ _
 /\\ / ___'_ __ _ _(_)_ __  __ _ \ \ \ \
( ( )\___ | '_ | '_| | '_ \/ _` | \ \ \ \
 \\/  ___)| |_)| | | | | || (_| |  ) ) ) )
  '  |____| .__|_| |_|_| |_\__, | / / / /
 =========|_|==============|___/=/_/_/_/

 :: Spring Boot ::                (v3.3.0)

2024-05-31T15:48:20.847-04:00  INFO 22856 --- [xchange] [    Test worker] peep.xchange.CashCardApplicationTests    : Starting CashCardApplicationTests using Java 21.0.3 with PID 22856 (started by Dmers in C:\Users\Dmers\Code\Spring\PeepMonopoly)
2024-05-31T15:48:20.847-04:00  INFO 22856 --- [xchange] [    Test worker] peep.xchange.CashCardApplicationTests    : No active profile set, falling back to 1 default profile: "default"
2024-05-31T15:48:21.052-04:00  INFO 22856 --- [xchange] [    Test worker] .s.d.r.c.RepositoryConfigurationDelegate : Bootstrapping Spring Data JDBC repositories in DEFAULT mode.
2024-05-31T15:48:21.058-04:00  INFO 22856 --- [xchange] [    Test worker] .s.d.r.c.RepositoryConfigurationDelegate : Finished Spring Data repository scanning in 5 ms. Found 2 JDBC repository interfaces.
2024-05-31T15:48:21.099-04:00  INFO 22856 --- [xchange] [    Test worker] o.s.b.w.embedded.tomcat.TomcatWebServer  : Tomcat initialized with port 0 (http)
2024-05-31T15:48:21.100-04:00  INFO 22856 --- [xchange] [    Test worker] o.apache.catalina.core.StandardService   : Starting service [Tomcat]
2024-05-31T15:48:21.101-04:00  INFO 22856 --- [xchange] [    Test worker] o.apache.catalina.core.StandardEngine    : Starting Servlet engine: [Apache Tomcat/10.1.24]
2024-05-31T15:48:21.116-04:00  INFO 22856 --- [xchange] [    Test worker] o.a.c.c.C.[Tomcat].[localhost].[/]       : Initializing Spring embedded WebApplicationContext
2024-05-31T15:48:21.117-04:00  INFO 22856 --- [xchange] [    Test worker] w.s.c.ServletWebServerApplicationContext : Root WebApplicationContext: initialization completed in 266 ms
2024-05-31T15:48:21.155-04:00  INFO 22856 --- [xchange] [    Test worker] com.zaxxer.hikari.HikariDataSource       : HikariPool-3 - Starting...
2024-05-31T15:48:21.157-04:00  INFO 22856 --- [xchange] [    Test worker] com.zaxxer.hikari.pool.HikariPool        : HikariPool-3 - Added connection conn20: url=jdbc:h2:mem:5d1e90be-56d1-46f5-9fb0-1b7427f59b4c user=SA
2024-05-31T15:48:21.157-04:00  INFO 22856 --- [xchange] [    Test worker] com.zaxxer.hikari.HikariDataSource       : HikariPool-3 - Start completed.
2024-05-31T15:48:21.350-04:00  INFO 22856 --- [xchange] [    Test worker] r$InitializeUserDetailsManagerConfigurer : Global AuthenticationManager configured with UserDetailsService bean with name testOnlyUsers
2024-05-31T15:48:21.353-04:00  INFO 22856 --- [xchange] [    Test worker] o.s.b.a.w.s.WelcomePageHandlerMapping    : Adding welcome page: class path resource [static/index.html]
2024-05-31T15:48:21.401-04:00  INFO 22856 --- [xchange] [    Test worker] o.s.b.a.e.web.EndpointLinksResolver      : Exposing 1 endpoint beneath base path '/actuator'
2024-05-31T15:48:21.406-04:00  INFO 22856 --- [xchange] [    Test worker] o.s.s.web.DefaultSecurityFilterChain     : Will secure any request with [org.springframework.security.web.session.DisableEncodeUrlFilter@2e587292, org.springframework.security.web.context.request.async.WebAsyncManagerIntegrationFilter@36c763cd, org.springframework.security.web.context.SecurityContextHolderFilter@3986b56, org.springframework.security.web.header.HeaderWriterFilter@e36a4c1, org.springframework.web.filter.CorsFilter@97842a0, org.springframework.security.web.authentication.logout.LogoutFilter@3e966e67, org.springframework.security.web.authentication.www.BasicAuthenticationFilter@2330c5c5, org.springframework.security.web.savedrequest.RequestCacheAwareFilter@7d90d4c6, org.springframework.security.web.servletapi.SecurityContextHolderAwareRequestFilter@453fcce2, org.springframework.security.web.authentication.AnonymousAuthenticationFilter@2cc3b0a7, org.springframework.security.web.access.ExceptionTranslationFilter@21132086, org.springframework.security.web.access.intercept.AuthorizationFilter@7e383712]
2024-05-31T15:48:21.463-04:00  INFO 22856 --- [xchange] [    Test worker] o.s.b.w.embedded.tomcat.TomcatWebServer  : Tomcat started on port 15329 (http) with context path '/'
2024-05-31T15:48:21.466-04:00  INFO 22856 --- [xchange] [    Test worker] peep.xchange.CashCardApplicationTests    : Started CashCardApplicationTests in 0.637 seconds (process running for 10.407)
2024-05-31T15:48:21.473-04:00  INFO 22856 --- [xchange] [o-auto-3-exec-1] o.a.c.c.C.[Tomcat].[localhost].[/]       : Initializing Spring DispatcherServlet 'dispatcherServlet'
2024-05-31T15:48:21.473-04:00  INFO 22856 --- [xchange] [o-auto-3-exec-1] o.s.web.servlet.DispatcherServlet        : Initializing Servlet 'dispatcherServlet'
2024-05-31T15:48:21.473-04:00  INFO 22856 --- [xchange] [o-auto-3-exec-1] o.s.web.servlet.DispatcherServlet        : Completed initialization in 0 ms
2024-05-31T15:48:21.772-04:00  INFO 22856 --- [xchange] [    Test worker] com.zaxxer.hikari.HikariDataSource       : HikariPool-3 - Shutdown initiated...
2024-05-31T15:48:21.774-04:00  INFO 22856 --- [xchange] [    Test worker] com.zaxxer.hikari.HikariDataSource       : HikariPool-3 - Shutdown completed.
  .   ____          _            __ _ _
 /\\ / ___'_ __ _ _(_)_ __  __ _ \ \ \ \
( ( )\___ | '_ | '_| | '_ \/ _` | \ \ \ \
 \\/  ___)| |_)| | | | | || (_| |  ) ) ) )
  '  |____| .__|_| |_|_| |_\__, | / / / /
 =========|_|==============|___/=/_/_/_/

 :: Spring Boot ::                (v3.3.0)

2024-05-31T15:48:21.794-04:00  INFO 22856 --- [xchange] [    Test worker] peep.xchange.CashCardApplicationTests    : Starting CashCardApplicationTests using Java 21.0.3 with PID 22856 (started by Dmers in C:\Users\Dmers\Code\Spring\PeepMonopoly)
2024-05-31T15:48:21.794-04:00  INFO 22856 --- [xchange] [    Test worker] peep.xchange.CashCardApplicationTests    : No active profile set, falling back to 1 default profile: "default"
2024-05-31T15:48:21.951-04:00  INFO 22856 --- [xchange] [    Test worker] .s.d.r.c.RepositoryConfigurationDelegate : Bootstrapping Spring Data JDBC repositories in DEFAULT mode.
2024-05-31T15:48:21.955-04:00  INFO 22856 --- [xchange] [    Test worker] .s.d.r.c.RepositoryConfigurationDelegate : Finished Spring Data repository scanning in 4 ms. Found 2 JDBC repository interfaces.
2024-05-31T15:48:21.992-04:00  INFO 22856 --- [xchange] [    Test worker] o.s.b.w.embedded.tomcat.TomcatWebServer  : Tomcat initialized with port 0 (http)
2024-05-31T15:48:21.993-04:00  INFO 22856 --- [xchange] [    Test worker] o.apache.catalina.core.StandardService   : Starting service [Tomcat]
2024-05-31T15:48:21.994-04:00  INFO 22856 --- [xchange] [    Test worker] o.apache.catalina.core.StandardEngine    : Starting Servlet engine: [Apache Tomcat/10.1.24]
2024-05-31T15:48:22.009-04:00  INFO 22856 --- [xchange] [    Test worker] o.a.c.c.C.[Tomcat].[localhost].[/]       : Initializing Spring embedded WebApplicationContext
2024-05-31T15:48:22.010-04:00  INFO 22856 --- [xchange] [    Test worker] w.s.c.ServletWebServerApplicationContext : Root WebApplicationContext: initialization completed in 214 ms
2024-05-31T15:48:22.042-04:00  INFO 22856 --- [xchange] [    Test worker] com.zaxxer.hikari.HikariDataSource       : HikariPool-4 - Starting...
2024-05-31T15:48:22.044-04:00  INFO 22856 --- [xchange] [    Test worker] com.zaxxer.hikari.pool.HikariPool        : HikariPool-4 - Added connection conn30: url=jdbc:h2:mem:dc809b62-2764-42d6-ba51-23cb792bc605 user=SA
2024-05-31T15:48:22.044-04:00  INFO 22856 --- [xchange] [    Test worker] com.zaxxer.hikari.HikariDataSource       : HikariPool-4 - Start completed.
2024-05-31T15:48:22.229-04:00  INFO 22856 --- [xchange] [    Test worker] r$InitializeUserDetailsManagerConfigurer : Global AuthenticationManager configured with UserDetailsService bean with name testOnlyUsers
2024-05-31T15:48:22.233-04:00  INFO 22856 --- [xchange] [    Test worker] o.s.b.a.w.s.WelcomePageHandlerMapping    : Adding welcome page: class path resource [static/index.html]
2024-05-31T15:48:22.272-04:00  INFO 22856 --- [xchange] [    Test worker] o.s.b.a.e.web.EndpointLinksResolver      : Exposing 1 endpoint beneath base path '/actuator'
2024-05-31T15:48:22.277-04:00  INFO 22856 --- [xchange] [    Test worker] o.s.s.web.DefaultSecurityFilterChain     : Will secure any request with [org.springframework.security.web.session.DisableEncodeUrlFilter@5e16e521, org.springframework.security.web.context.request.async.WebAsyncManagerIntegrationFilter@51a4472d, org.springframework.security.web.context.SecurityContextHolderFilter@f9b97dc, org.springframework.security.web.header.HeaderWriterFilter@6f9d1785, org.springframework.web.filter.CorsFilter@5930a229, org.springframework.security.web.authentication.logout.LogoutFilter@1d3aefd, org.springframework.security.web.authentication.www.BasicAuthenticationFilter@42ae0fcf, org.springframework.security.web.savedrequest.RequestCacheAwareFilter@25ea3a5f, org.springframework.security.web.servletapi.SecurityContextHolderAwareRequestFilter@5503e208, org.springframework.security.web.authentication.AnonymousAuthenticationFilter@6bd21eb7, org.springframework.security.web.access.ExceptionTranslationFilter@71702d3f, org.springframework.security.web.access.intercept.AuthorizationFilter@3f46fb53]
2024-05-31T15:48:22.315-04:00  INFO 22856 --- [xchange] [    Test worker] o.s.b.w.embedded.tomcat.TomcatWebServer  : Tomcat started on port 15333 (http) with context path '/'
2024-05-31T15:48:22.317-04:00  INFO 22856 --- [xchange] [    Test worker] peep.xchange.CashCardApplicationTests    : Started CashCardApplicationTests in 0.54 seconds (process running for 11.258)
2024-05-31T15:48:22.323-04:00  INFO 22856 --- [xchange] [o-auto-4-exec-1] o.a.c.c.C.[Tomcat].[localhost].[/]       : Initializing Spring DispatcherServlet 'dispatcherServlet'
2024-05-31T15:48:22.323-04:00  INFO 22856 --- [xchange] [o-auto-4-exec-1] o.s.web.servlet.DispatcherServlet        : Initializing Servlet 'dispatcherServlet'
2024-05-31T15:48:22.324-04:00  INFO 22856 --- [xchange] [o-auto-4-exec-1] o.s.web.servlet.DispatcherServlet        : Completed initialization in 1 ms
]]></system-out>
  <system-err><![CDATA[WARNING: A Java agent has been loaded dynamically (C:\Users\Dmers\.gradle\caches\modules-2\files-2.1\net.bytebuddy\byte-buddy-agent\1.14.16\4a451ee6484abac3a498df0f3b33ed00a6fced4d\byte-buddy-agent-1.14.16.jar)
WARNING: If a serviceability tool is in use, please run with -XX:+EnableDynamicAgentLoading to hide this warning
WARNING: If a serviceability tool is not in use, please run with -Djdk.instrument.traceUsage for more information
WARNING: Dynamic loading of agents will be disallowed by default in a future release
]]></system-err>
</testsuite>
