<?xml version="1.0" encoding="UTF-8"?>
<testsuite name="peep.xchange.Users.UsersJsonTest" tests="4" skipped="0" failures="0" errors="0" timestamp="2024-06-02T01:13:35" hostname="DREW" time="0.017">
  <properties/>
  <testcase name="userListSerializationTest()" classname="peep.xchange.Users.UsersJsonTest" time="0.004"/>
  <testcase name="userListDeserializationTest()" classname="peep.xchange.Users.UsersJsonTest" time="0.003"/>
  <testcase name="userSerializationTest()" classname="peep.xchange.Users.UsersJsonTest" time="0.004"/>
  <testcase name="userDeserializationTest()" classname="peep.xchange.Users.UsersJsonTest" time="0.003"/>
  <system-out><![CDATA[2024-06-01T21:13:35.653-04:00  INFO 6364 --- [    Test worker] t.c.s.AnnotationConfigContextLoaderUtils : Could not detect default configuration classes for test class [peep.xchange.Users.UsersJsonTest]: UsersJsonTest does not declare any static, non-private, non-final, nested classes annotated with @Configuration.
2024-06-01T21:13:35.659-04:00  INFO 6364 --- [    Test worker] .b.t.c.SpringBootTestContextBootstrapper : Found @SpringBootConfiguration peep.xchange.CashCardApplication for test class peep.xchange.Users.UsersJsonTest
]]></system-out>
  <system-err><![CDATA[]]></system-err>
</testsuite>
