<?xml version="1.0" encoding="UTF-8"?>
<testsuite name="peep.xchange.Users.UserControllerTests" tests="5" skipped="0" failures="0" errors="0" timestamp="2024-06-01T21:20:06" hostname="DREW" time="0.438">
  <properties/>
  <testcase name="testGetAllUsers()" classname="peep.xchange.Users.UserControllerTests" time="0.359"/>
  <testcase name="testUpdateUser()" classname="peep.xchange.Users.UserControllerTests" time="0.028"/>
  <testcase name="testCreateUser()" classname="peep.xchange.Users.UserControllerTests" time="0.013"/>
  <testcase name="testDeleteUser()" classname="peep.xchange.Users.UserControllerTests" time="0.02"/>
  <testcase name="testGetUserById()" classname="peep.xchange.Users.UserControllerTests" time="0.013"/>
  <system-out><![CDATA[2024-06-01T17:20:05.838-04:00  INFO 7476 --- [    Test worker] t.c.s.AnnotationConfigContextLoaderUtils : Could not detect default configuration classes for test class [peep.xchange.Users.UserControllerTests]: UserControllerTests does not declare any static, non-private, non-final, nested classes annotated with @Configuration.
2024-06-01T17:20:05.852-04:00  INFO 7476 --- [    Test worker] .b.t.c.SpringBootTestContextBootstrapper : Found @SpringBootConfiguration peep.xchange.CashCardApplication for test class peep.xchange.Users.UserControllerTests
  .   ____          _            __ _ _
 /\\ / ___'_ __ _ _(_)_ __  __ _ \ \ \ \
( ( )\___ | '_ | '_| | '_ \/ _` | \ \ \ \
 \\/  ___)| |_)| | | | | || (_| |  ) ) ) )
  '  |____| .__|_| |_|_| |_\__, | / / / /
 =========|_|==============|___/=/_/_/_/

 :: Spring Boot ::                (v3.3.0)

2024-06-01T17:20:05.874-04:00  INFO 7476 --- [    Test worker] peep.xchange.Users.UserControllerTests   : Starting UserControllerTests using Java 21.0.3 with PID 7476 (started by Dmers in C:\Users\Dmers\Code\Spring\PeepMonopoly)
2024-06-01T17:20:05.874-04:00  INFO 7476 --- [    Test worker] peep.xchange.Users.UserControllerTests   : No active profile set, falling back to 1 default profile: "default"
2024-06-01T17:20:06.245-04:00  INFO 7476 --- [    Test worker] o.s.b.a.w.s.WelcomePageHandlerMapping    : Adding welcome page: class path resource [static/index.html]
2024-06-01T17:20:06.404-04:00  WARN 7476 --- [    Test worker] .s.s.UserDetailsServiceAutoConfiguration : 

Using generated security password: 17192cfe-75cc-40ef-8fae-fe19ac59321d

This generated password is for development use only. Your security configuration must be updated before running your application in production.

2024-06-01T17:20:06.472-04:00  INFO 7476 --- [    Test worker] r$InitializeUserDetailsManagerConfigurer : Global AuthenticationManager configured with UserDetailsService bean with name inMemoryUserDetailsManager
2024-06-01T17:20:06.512-04:00  INFO 7476 --- [    Test worker] o.s.s.web.DefaultSecurityFilterChain     : Will secure any request with [org.springframework.security.web.session.DisableEncodeUrlFilter@4db65fac, org.springframework.security.web.context.request.async.WebAsyncManagerIntegrationFilter@3d7c76af, org.springframework.security.web.context.SecurityContextHolderFilter@66cb7a21, org.springframework.security.web.header.HeaderWriterFilter@793c2cde, org.springframework.web.filter.CorsFilter@5cfadadc, org.springframework.security.web.csrf.CsrfFilter@42eb459d, org.springframework.security.web.authentication.logout.LogoutFilter@3298e1d, org.springframework.security.web.authentication.UsernamePasswordAuthenticationFilter@7f83cc90, org.springframework.security.web.authentication.ui.DefaultLoginPageGeneratingFilter@6022cf7e, org.springframework.security.web.authentication.ui.DefaultLogoutPageGeneratingFilter@4310007c, org.springframework.security.web.authentication.www.BasicAuthenticationFilter@3015fc1b, org.springframework.security.web.savedrequest.RequestCacheAwareFilter@7e941cc8, org.springframework.security.web.servletapi.SecurityContextHolderAwareRequestFilter@78605670, org.springframework.security.web.authentication.AnonymousAuthenticationFilter@3c247c8d, org.springframework.security.web.access.ExceptionTranslationFilter@608ccfcd, org.springframework.security.web.access.intercept.AuthorizationFilter@faff2bf]
2024-06-01T17:20:06.615-04:00  INFO 7476 --- [    Test worker] o.s.b.t.m.w.SpringBootMockServletContext : Initializing Spring TestDispatcherServlet ''
2024-06-01T17:20:06.616-04:00  INFO 7476 --- [    Test worker] o.s.t.web.servlet.TestDispatcherServlet  : Initializing Servlet ''
2024-06-01T17:20:06.617-04:00  INFO 7476 --- [    Test worker] o.s.t.web.servlet.TestDispatcherServlet  : Completed initialization in 1 ms
2024-06-01T17:20:06.666-04:00  INFO 7476 --- [    Test worker] peep.xchange.Users.UserControllerTests   : Started UserControllerTests in 0.803 seconds (process running for 12.382)
2024-06-01T17:20:06.817-04:00  INFO 7476 --- [    Test worker] o.s.mock.web.MockServletContext          : Initializing Spring TestDispatcherServlet ''
2024-06-01T17:20:06.817-04:00  INFO 7476 --- [    Test worker] o.s.t.web.servlet.TestDispatcherServlet  : Initializing Servlet ''
2024-06-01T17:20:06.817-04:00  INFO 7476 --- [    Test worker] o.s.t.web.servlet.TestDispatcherServlet  : Completed initialization in 0 ms
2024-06-01T17:20:07.056-04:00  INFO 7476 --- [    Test worker] o.s.mock.web.MockServletContext          : Initializing Spring TestDispatcherServlet ''
2024-06-01T17:20:07.056-04:00  INFO 7476 --- [    Test worker] o.s.t.web.servlet.TestDispatcherServlet  : Initializing Servlet ''
2024-06-01T17:20:07.056-04:00  INFO 7476 --- [    Test worker] o.s.t.web.servlet.TestDispatcherServlet  : Completed initialization in 0 ms
2024-06-01T17:20:07.084-04:00  INFO 7476 --- [    Test worker] o.s.mock.web.MockServletContext          : Initializing Spring TestDispatcherServlet ''
2024-06-01T17:20:07.084-04:00  INFO 7476 --- [    Test worker] o.s.t.web.servlet.TestDispatcherServlet  : Initializing Servlet ''
2024-06-01T17:20:07.085-04:00  INFO 7476 --- [    Test worker] o.s.t.web.servlet.TestDispatcherServlet  : Completed initialization in 0 ms
2024-06-01T17:20:07.099-04:00  INFO 7476 --- [    Test worker] o.s.mock.web.MockServletContext          : Initializing Spring TestDispatcherServlet ''
2024-06-01T17:20:07.099-04:00  INFO 7476 --- [    Test worker] o.s.t.web.servlet.TestDispatcherServlet  : Initializing Servlet ''
2024-06-01T17:20:07.099-04:00  INFO 7476 --- [    Test worker] o.s.t.web.servlet.TestDispatcherServlet  : Completed initialization in 0 ms
2024-06-01T17:20:07.118-04:00  INFO 7476 --- [    Test worker] o.s.mock.web.MockServletContext          : Initializing Spring TestDispatcherServlet ''
2024-06-01T17:20:07.119-04:00  INFO 7476 --- [    Test worker] o.s.t.web.servlet.TestDispatcherServlet  : Initializing Servlet ''
2024-06-01T17:20:07.119-04:00  INFO 7476 --- [    Test worker] o.s.t.web.servlet.TestDispatcherServlet  : Completed initialization in 0 ms
]]></system-out>
  <system-err><![CDATA[]]></system-err>
</testsuite>
