<?xml version="1.0" encoding="UTF-8"?>
<testsuite name="peep.xchange.CashCardApplicationTests" tests="16" skipped="0" failures="0" errors="0" timestamp="2024-06-02T01:10:19" hostname="DREW" time="4.679">
  <properties/>
  <testcase name="shouldReturnASortedPageOfCashCards()" classname="peep.xchange.CashCardApplicationTests" time="0.996"/>
  <testcase name="shouldNotAllowDeletionOfCashCardsTheyDoNotOwn()" classname="peep.xchange.CashCardApplicationTests" time="0.137"/>
  <testcase name="shouldDeleteAnExistingCashCard()" classname="peep.xchange.CashCardApplicationTests" time="0.157"/>
  <testcase name="shouldNotAllowAccessToCashCardsTheyDoNotOwn()" classname="peep.xchange.CashCardApplicationTests" time="0.115"/>
  <testcase name="shouldNotUpdateACashCardThatIsOwnedBySomeoneElse()" classname="peep.xchange.CashCardApplicationTests" time="0.08"/>
  <testcase name="shouldReturnACashCardWhenDataIsSaved()" classname="peep.xchange.CashCardApplicationTests" time="0.06"/>
  <testcase name="shouldNotDeleteACashCardThatDoesNotExist()" classname="peep.xchange.CashCardApplicationTests" time="0.059"/>
  <testcase name="shouldCreateANewCashCard()" classname="peep.xchange.CashCardApplicationTests" time="0.158"/>
  <testcase name="shouldRejectUsersWhoAreNotCardOwners()" classname="peep.xchange.CashCardApplicationTests" time="0.12"/>
  <testcase name="shouldReturnAPageOfCashCards()" classname="peep.xchange.CashCardApplicationTests" time="0.061"/>
  <testcase name="shouldUpdateAnExistingCashCard()" classname="peep.xchange.CashCardApplicationTests" time="0.131"/>
  <testcase name="shouldNotUpdateACashCardThatDoesNotExist()" classname="peep.xchange.CashCardApplicationTests" time="0.112"/>
  <testcase name="shouldNotReturnACashCardWhenUsingBadCredentials()" classname="peep.xchange.CashCardApplicationTests" time="0.11"/>
  <testcase name="shouldReturnAllCashCardsWhenListIsRequested()" classname="peep.xchange.CashCardApplicationTests" time="0.068"/>
  <testcase name="shouldReturnASortedPageOfCashCardsWithNoParametersAndUseDefaultValues()" classname="peep.xchange.CashCardApplicationTests" time="0.06"/>
  <testcase name="shouldNotReturnACashCardWithAnUnknownId()" classname="peep.xchange.CashCardApplicationTests" time="0.059"/>
  <system-out><![CDATA[  .   ____          _            __ _ _
 /\\ / ___'_ __ _ _(_)_ __  __ _ \ \ \ \
( ( )\___ | '_ | '_| | '_ \/ _` | \ \ \ \
 \\/  ___)| |_)| | | | | || (_| |  ) ) ) )
  '  |____| .__|_| |_|_| |_\__, | / / / /
 =========|_|==============|___/=/_/_/_/

 :: Spring Boot ::                (v3.3.0)

2024-06-01T21:10:13.984-04:00  INFO 16484 --- [    Test worker] peep.xchange.CashCardApplicationTests    : Starting CashCardApplicationTests using Java 21.0.3 with PID 16484 (started by Dmers in C:\Users\Dmers\Code\Spring\PeepMonopoly)
2024-06-01T21:10:13.986-04:00  INFO 16484 --- [    Test worker] peep.xchange.CashCardApplicationTests    : No active profile set, falling back to 1 default profile: "default"
2024-06-01T21:10:14.997-04:00  INFO 16484 --- [    Test worker] .s.d.r.c.RepositoryConfigurationDelegate : Bootstrapping Spring Data JDBC repositories in DEFAULT mode.
2024-06-01T21:10:15.044-04:00  INFO 16484 --- [    Test worker] .s.d.r.c.RepositoryConfigurationDelegate : Finished Spring Data repository scanning in 40 ms. Found 2 JDBC repository interfaces.
2024-06-01T21:10:15.625-04:00  INFO 16484 --- [    Test worker] o.s.b.w.embedded.tomcat.TomcatWebServer  : Tomcat initialized with port 0 (http)
2024-06-01T21:10:15.638-04:00  INFO 16484 --- [    Test worker] o.apache.catalina.core.StandardService   : Starting service [Tomcat]
2024-06-01T21:10:15.638-04:00  INFO 16484 --- [    Test worker] o.apache.catalina.core.StandardEngine    : Starting Servlet engine: [Apache Tomcat/10.1.24]
2024-06-01T21:10:15.696-04:00  INFO 16484 --- [    Test worker] o.a.c.c.C.[Tomcat].[localhost].[/]       : Initializing Spring embedded WebApplicationContext
2024-06-01T21:10:15.697-04:00  INFO 16484 --- [    Test worker] w.s.c.ServletWebServerApplicationContext : Root WebApplicationContext: initialization completed in 1692 ms
2024-06-01T21:10:16.085-04:00  INFO 16484 --- [    Test worker] com.zaxxer.hikari.HikariDataSource       : HikariPool-1 - Starting...
2024-06-01T21:10:16.404-04:00  INFO 16484 --- [    Test worker] com.zaxxer.hikari.pool.HikariPool        : HikariPool-1 - Added connection conn0: url=jdbc:h2:mem:b2d1ea1a-c140-4718-a320-2c9048be99d5 user=SA
2024-06-01T21:10:16.410-04:00  INFO 16484 --- [    Test worker] com.zaxxer.hikari.HikariDataSource       : HikariPool-1 - Start completed.
2024-06-01T21:10:18.001-04:00  INFO 16484 --- [    Test worker] r$InitializeUserDetailsManagerConfigurer : Global AuthenticationManager configured with UserDetailsService bean with name testOnlyUsers
2024-06-01T21:10:18.187-04:00  INFO 16484 --- [    Test worker] o.s.b.a.w.s.WelcomePageHandlerMapping    : Adding welcome page: class path resource [static/index.html]
2024-06-01T21:10:18.739-04:00  INFO 16484 --- [    Test worker] o.s.b.a.e.web.EndpointLinksResolver      : Exposing 1 endpoint beneath base path '/actuator'
2024-06-01T21:10:18.905-04:00  INFO 16484 --- [    Test worker] o.s.s.web.DefaultSecurityFilterChain     : Will secure any request with [org.springframework.security.web.session.DisableEncodeUrlFilter@350e3fb4, org.springframework.security.web.context.request.async.WebAsyncManagerIntegrationFilter@13ddaffb, org.springframework.security.web.context.SecurityContextHolderFilter@2a73a64f, org.springframework.security.web.header.HeaderWriterFilter@8afce3, org.springframework.web.filter.CorsFilter@5a31abe9, org.springframework.security.web.authentication.logout.LogoutFilter@20163008, peep.xchange.Filter.JwtAuthorizationFilter@2dacda9a, org.springframework.security.web.authentication.UsernamePasswordAuthenticationFilter@206bd7a0, org.springframework.security.web.authentication.www.BasicAuthenticationFilter@363fe35a, org.springframework.security.web.savedrequest.RequestCacheAwareFilter@2419a5db, org.springframework.security.web.servletapi.SecurityContextHolderAwareRequestFilter@654db80b, org.springframework.security.web.authentication.AnonymousAuthenticationFilter@699bb304, org.springframework.security.web.access.ExceptionTranslationFilter@30333941, org.springframework.security.web.access.intercept.AuthorizationFilter@4be1dce6]
2024-06-01T21:10:19.676-04:00  INFO 16484 --- [    Test worker] o.s.b.w.embedded.tomcat.TomcatWebServer  : Tomcat started on port 42746 (http) with context path '/'
2024-06-01T21:10:19.690-04:00  INFO 16484 --- [    Test worker] peep.xchange.CashCardApplicationTests    : Started CashCardApplicationTests in 5.962 seconds (process running for 7.005)
2024-06-01T21:10:20.436-04:00  INFO 16484 --- [o-auto-1-exec-1] o.a.c.c.C.[Tomcat].[localhost].[/]       : Initializing Spring DispatcherServlet 'dispatcherServlet'
2024-06-01T21:10:20.437-04:00  INFO 16484 --- [o-auto-1-exec-1] o.s.web.servlet.DispatcherServlet        : Initializing Servlet 'dispatcherServlet'
2024-06-01T21:10:20.438-04:00  INFO 16484 --- [o-auto-1-exec-1] o.s.web.servlet.DispatcherServlet        : Completed initialization in 1 ms
2024-06-01T21:10:21.080-04:00  INFO 16484 --- [    Test worker] com.zaxxer.hikari.HikariDataSource       : HikariPool-1 - Shutdown initiated...
2024-06-01T21:10:21.085-04:00  INFO 16484 --- [    Test worker] com.zaxxer.hikari.HikariDataSource       : HikariPool-1 - Shutdown completed.
  .   ____          _            __ _ _
 /\\ / ___'_ __ _ _(_)_ __  __ _ \ \ \ \
( ( )\___ | '_ | '_| | '_ \/ _` | \ \ \ \
 \\/  ___)| |_)| | | | | || (_| |  ) ) ) )
  '  |____| .__|_| |_|_| |_\__, | / / / /
 =========|_|==============|___/=/_/_/_/

 :: Spring Boot ::                (v3.3.0)

2024-06-01T21:10:21.114-04:00  INFO 16484 --- [    Test worker] peep.xchange.CashCardApplicationTests    : Starting CashCardApplicationTests using Java 21.0.3 with PID 16484 (started by Dmers in C:\Users\Dmers\Code\Spring\PeepMonopoly)
2024-06-01T21:10:21.114-04:00  INFO 16484 --- [    Test worker] peep.xchange.CashCardApplicationTests    : No active profile set, falling back to 1 default profile: "default"
2024-06-01T21:10:21.359-04:00  INFO 16484 --- [    Test worker] .s.d.r.c.RepositoryConfigurationDelegate : Bootstrapping Spring Data JDBC repositories in DEFAULT mode.
2024-06-01T21:10:21.369-04:00  INFO 16484 --- [    Test worker] .s.d.r.c.RepositoryConfigurationDelegate : Finished Spring Data repository scanning in 9 ms. Found 2 JDBC repository interfaces.
2024-06-01T21:10:21.446-04:00  INFO 16484 --- [    Test worker] o.s.b.w.embedded.tomcat.TomcatWebServer  : Tomcat initialized with port 0 (http)
2024-06-01T21:10:21.447-04:00  INFO 16484 --- [    Test worker] o.apache.catalina.core.StandardService   : Starting service [Tomcat]
2024-06-01T21:10:21.448-04:00  INFO 16484 --- [    Test worker] o.apache.catalina.core.StandardEngine    : Starting Servlet engine: [Apache Tomcat/10.1.24]
2024-06-01T21:10:21.467-04:00  INFO 16484 --- [    Test worker] o.a.c.c.C.[Tomcat].[localhost].[/]       : Initializing Spring embedded WebApplicationContext
2024-06-01T21:10:21.467-04:00  INFO 16484 --- [    Test worker] w.s.c.ServletWebServerApplicationContext : Root WebApplicationContext: initialization completed in 351 ms
2024-06-01T21:10:21.514-04:00  INFO 16484 --- [    Test worker] com.zaxxer.hikari.HikariDataSource       : HikariPool-2 - Starting...
2024-06-01T21:10:21.516-04:00  INFO 16484 --- [    Test worker] com.zaxxer.hikari.pool.HikariPool        : HikariPool-2 - Added connection conn10: url=jdbc:h2:mem:988ead7a-e156-49e9-9ca1-3043c077c1f2 user=SA
2024-06-01T21:10:21.516-04:00  INFO 16484 --- [    Test worker] com.zaxxer.hikari.HikariDataSource       : HikariPool-2 - Start completed.
2024-06-01T21:10:21.812-04:00  INFO 16484 --- [    Test worker] r$InitializeUserDetailsManagerConfigurer : Global AuthenticationManager configured with UserDetailsService bean with name testOnlyUsers
2024-06-01T21:10:21.816-04:00  INFO 16484 --- [    Test worker] o.s.b.a.w.s.WelcomePageHandlerMapping    : Adding welcome page: class path resource [static/index.html]
2024-06-01T21:10:21.864-04:00  INFO 16484 --- [    Test worker] o.s.b.a.e.web.EndpointLinksResolver      : Exposing 1 endpoint beneath base path '/actuator'
2024-06-01T21:10:21.873-04:00  INFO 16484 --- [    Test worker] o.s.s.web.DefaultSecurityFilterChain     : Will secure any request with [org.springframework.security.web.session.DisableEncodeUrlFilter@50cadbae, org.springframework.security.web.context.request.async.WebAsyncManagerIntegrationFilter@7d583602, org.springframework.security.web.context.SecurityContextHolderFilter@581f1f40, org.springframework.security.web.header.HeaderWriterFilter@4ba32242, org.springframework.web.filter.CorsFilter@65689000, org.springframework.security.web.authentication.logout.LogoutFilter@383d2e2d, peep.xchange.Filter.JwtAuthorizationFilter@441d3ddf, org.springframework.security.web.authentication.UsernamePasswordAuthenticationFilter@32a541a8, org.springframework.security.web.authentication.www.BasicAuthenticationFilter@63b85d97, org.springframework.security.web.savedrequest.RequestCacheAwareFilter@52b2c255, org.springframework.security.web.servletapi.SecurityContextHolderAwareRequestFilter@4a9b4d4e, org.springframework.security.web.authentication.AnonymousAuthenticationFilter@420c9959, org.springframework.security.web.access.ExceptionTranslationFilter@2bd67cf9, org.springframework.security.web.access.intercept.AuthorizationFilter@6c3830ed]
2024-06-01T21:10:21.922-04:00  INFO 16484 --- [    Test worker] o.s.b.w.embedded.tomcat.TomcatWebServer  : Tomcat started on port 42749 (http) with context path '/'
2024-06-01T21:10:21.931-04:00  INFO 16484 --- [    Test worker] peep.xchange.CashCardApplicationTests    : Started CashCardApplicationTests in 0.839 seconds (process running for 9.245)
2024-06-01T21:10:21.938-04:00  INFO 16484 --- [o-auto-2-exec-1] o.a.c.c.C.[Tomcat].[localhost].[/]       : Initializing Spring DispatcherServlet 'dispatcherServlet'
2024-06-01T21:10:21.938-04:00  INFO 16484 --- [o-auto-2-exec-1] o.s.web.servlet.DispatcherServlet        : Initializing Servlet 'dispatcherServlet'
2024-06-01T21:10:21.939-04:00  INFO 16484 --- [o-auto-2-exec-1] o.s.web.servlet.DispatcherServlet        : Completed initialization in 1 ms
2024-06-01T21:10:22.403-04:00  INFO 16484 --- [    Test worker] com.zaxxer.hikari.HikariDataSource       : HikariPool-2 - Shutdown initiated...
2024-06-01T21:10:22.405-04:00  INFO 16484 --- [    Test worker] com.zaxxer.hikari.HikariDataSource       : HikariPool-2 - Shutdown completed.
  .   ____          _            __ _ _
 /\\ / ___'_ __ _ _(_)_ __  __ _ \ \ \ \
( ( )\___ | '_ | '_| | '_ \/ _` | \ \ \ \
 \\/  ___)| |_)| | | | | || (_| |  ) ) ) )
  '  |____| .__|_| |_|_| |_\__, | / / / /
 =========|_|==============|___/=/_/_/_/

 :: Spring Boot ::                (v3.3.0)

2024-06-01T21:10:22.425-04:00  INFO 16484 --- [    Test worker] peep.xchange.CashCardApplicationTests    : Starting CashCardApplicationTests using Java 21.0.3 with PID 16484 (started by Dmers in C:\Users\Dmers\Code\Spring\PeepMonopoly)
2024-06-01T21:10:22.425-04:00  INFO 16484 --- [    Test worker] peep.xchange.CashCardApplicationTests    : No active profile set, falling back to 1 default profile: "default"
2024-06-01T21:10:22.610-04:00  INFO 16484 --- [    Test worker] .s.d.r.c.RepositoryConfigurationDelegate : Bootstrapping Spring Data JDBC repositories in DEFAULT mode.
2024-06-01T21:10:22.618-04:00  INFO 16484 --- [    Test worker] .s.d.r.c.RepositoryConfigurationDelegate : Finished Spring Data repository scanning in 7 ms. Found 2 JDBC repository interfaces.
2024-06-01T21:10:22.659-04:00  INFO 16484 --- [    Test worker] o.s.b.w.embedded.tomcat.TomcatWebServer  : Tomcat initialized with port 0 (http)
2024-06-01T21:10:22.660-04:00  INFO 16484 --- [    Test worker] o.apache.catalina.core.StandardService   : Starting service [Tomcat]
2024-06-01T21:10:22.661-04:00  INFO 16484 --- [    Test worker] o.apache.catalina.core.StandardEngine    : Starting Servlet engine: [Apache Tomcat/10.1.24]
2024-06-01T21:10:22.676-04:00  INFO 16484 --- [    Test worker] o.a.c.c.C.[Tomcat].[localhost].[/]       : Initializing Spring embedded WebApplicationContext
2024-06-01T21:10:22.676-04:00  INFO 16484 --- [    Test worker] w.s.c.ServletWebServerApplicationContext : Root WebApplicationContext: initialization completed in 248 ms
2024-06-01T21:10:22.713-04:00  INFO 16484 --- [    Test worker] com.zaxxer.hikari.HikariDataSource       : HikariPool-3 - Starting...
2024-06-01T21:10:22.716-04:00  INFO 16484 --- [    Test worker] com.zaxxer.hikari.pool.HikariPool        : HikariPool-3 - Added connection conn20: url=jdbc:h2:mem:fea8f03f-264a-496d-94e6-14f61be91ae1 user=SA
2024-06-01T21:10:22.716-04:00  INFO 16484 --- [    Test worker] com.zaxxer.hikari.HikariDataSource       : HikariPool-3 - Start completed.
2024-06-01T21:10:23.006-04:00  INFO 16484 --- [    Test worker] r$InitializeUserDetailsManagerConfigurer : Global AuthenticationManager configured with UserDetailsService bean with name testOnlyUsers
2024-06-01T21:10:23.009-04:00  INFO 16484 --- [    Test worker] o.s.b.a.w.s.WelcomePageHandlerMapping    : Adding welcome page: class path resource [static/index.html]
2024-06-01T21:10:23.049-04:00  INFO 16484 --- [    Test worker] o.s.b.a.e.web.EndpointLinksResolver      : Exposing 1 endpoint beneath base path '/actuator'
2024-06-01T21:10:23.056-04:00  INFO 16484 --- [    Test worker] o.s.s.web.DefaultSecurityFilterChain     : Will secure any request with [org.springframework.security.web.session.DisableEncodeUrlFilter@35cc5b75, org.springframework.security.web.context.request.async.WebAsyncManagerIntegrationFilter@466a5b80, org.springframework.security.web.context.SecurityContextHolderFilter@34dc40d5, org.springframework.security.web.header.HeaderWriterFilter@4248608d, org.springframework.web.filter.CorsFilter@f6921b7, org.springframework.security.web.authentication.logout.LogoutFilter@36e6e59f, peep.xchange.Filter.JwtAuthorizationFilter@19cee7ed, org.springframework.security.web.authentication.UsernamePasswordAuthenticationFilter@c88a842, org.springframework.security.web.authentication.www.BasicAuthenticationFilter@d436e51, org.springframework.security.web.savedrequest.RequestCacheAwareFilter@11f81488, org.springframework.security.web.servletapi.SecurityContextHolderAwareRequestFilter@61a7930e, org.springframework.security.web.authentication.AnonymousAuthenticationFilter@4e8e0052, org.springframework.security.web.access.ExceptionTranslationFilter@2d3bb293, org.springframework.security.web.access.intercept.AuthorizationFilter@3a892b9f]
2024-06-01T21:10:23.107-04:00  INFO 16484 --- [    Test worker] o.s.b.w.embedded.tomcat.TomcatWebServer  : Tomcat started on port 42752 (http) with context path '/'
2024-06-01T21:10:23.110-04:00  INFO 16484 --- [    Test worker] peep.xchange.CashCardApplicationTests    : Started CashCardApplicationTests in 0.702 seconds (process running for 10.425)
2024-06-01T21:10:23.116-04:00  INFO 16484 --- [o-auto-3-exec-1] o.a.c.c.C.[Tomcat].[localhost].[/]       : Initializing Spring DispatcherServlet 'dispatcherServlet'
2024-06-01T21:10:23.116-04:00  INFO 16484 --- [o-auto-3-exec-1] o.s.web.servlet.DispatcherServlet        : Initializing Servlet 'dispatcherServlet'
2024-06-01T21:10:23.117-04:00  INFO 16484 --- [o-auto-3-exec-1] o.s.web.servlet.DispatcherServlet        : Completed initialization in 1 ms
2024-06-01T21:10:23.422-04:00  INFO 16484 --- [    Test worker] com.zaxxer.hikari.HikariDataSource       : HikariPool-3 - Shutdown initiated...
2024-06-01T21:10:23.425-04:00  INFO 16484 --- [    Test worker] com.zaxxer.hikari.HikariDataSource       : HikariPool-3 - Shutdown completed.
  .   ____          _            __ _ _
 /\\ / ___'_ __ _ _(_)_ __  __ _ \ \ \ \
( ( )\___ | '_ | '_| | '_ \/ _` | \ \ \ \
 \\/  ___)| |_)| | | | | || (_| |  ) ) ) )
  '  |____| .__|_| |_|_| |_\__, | / / / /
 =========|_|==============|___/=/_/_/_/

 :: Spring Boot ::                (v3.3.0)

2024-06-01T21:10:23.440-04:00  INFO 16484 --- [    Test worker] peep.xchange.CashCardApplicationTests    : Starting CashCardApplicationTests using Java 21.0.3 with PID 16484 (started by Dmers in C:\Users\Dmers\Code\Spring\PeepMonopoly)
2024-06-01T21:10:23.440-04:00  INFO 16484 --- [    Test worker] peep.xchange.CashCardApplicationTests    : No active profile set, falling back to 1 default profile: "default"
2024-06-01T21:10:23.592-04:00  INFO 16484 --- [    Test worker] .s.d.r.c.RepositoryConfigurationDelegate : Bootstrapping Spring Data JDBC repositories in DEFAULT mode.
2024-06-01T21:10:23.599-04:00  INFO 16484 --- [    Test worker] .s.d.r.c.RepositoryConfigurationDelegate : Finished Spring Data repository scanning in 7 ms. Found 2 JDBC repository interfaces.
2024-06-01T21:10:23.639-04:00  INFO 16484 --- [    Test worker] o.s.b.w.embedded.tomcat.TomcatWebServer  : Tomcat initialized with port 0 (http)
2024-06-01T21:10:23.640-04:00  INFO 16484 --- [    Test worker] o.apache.catalina.core.StandardService   : Starting service [Tomcat]
2024-06-01T21:10:23.640-04:00  INFO 16484 --- [    Test worker] o.apache.catalina.core.StandardEngine    : Starting Servlet engine: [Apache Tomcat/10.1.24]
2024-06-01T21:10:23.654-04:00  INFO 16484 --- [    Test worker] o.a.c.c.C.[Tomcat].[localhost].[/]       : Initializing Spring embedded WebApplicationContext
2024-06-01T21:10:23.654-04:00  INFO 16484 --- [    Test worker] w.s.c.ServletWebServerApplicationContext : Root WebApplicationContext: initialization completed in 213 ms
2024-06-01T21:10:23.683-04:00  INFO 16484 --- [    Test worker] com.zaxxer.hikari.HikariDataSource       : HikariPool-4 - Starting...
2024-06-01T21:10:23.685-04:00  INFO 16484 --- [    Test worker] com.zaxxer.hikari.pool.HikariPool        : HikariPool-4 - Added connection conn30: url=jdbc:h2:mem:6b48a640-d965-4d0d-9fd5-e420cbe39b5b user=SA
2024-06-01T21:10:23.685-04:00  INFO 16484 --- [    Test worker] com.zaxxer.hikari.HikariDataSource       : HikariPool-4 - Start completed.
2024-06-01T21:10:23.965-04:00  INFO 16484 --- [    Test worker] r$InitializeUserDetailsManagerConfigurer : Global AuthenticationManager configured with UserDetailsService bean with name testOnlyUsers
2024-06-01T21:10:23.968-04:00  INFO 16484 --- [    Test worker] o.s.b.a.w.s.WelcomePageHandlerMapping    : Adding welcome page: class path resource [static/index.html]
2024-06-01T21:10:24.008-04:00  INFO 16484 --- [    Test worker] o.s.b.a.e.web.EndpointLinksResolver      : Exposing 1 endpoint beneath base path '/actuator'
2024-06-01T21:10:24.016-04:00  INFO 16484 --- [    Test worker] o.s.s.web.DefaultSecurityFilterChain     : Will secure any request with [org.springframework.security.web.session.DisableEncodeUrlFilter@7f9083b4, org.springframework.security.web.context.request.async.WebAsyncManagerIntegrationFilter@40f40221, org.springframework.security.web.context.SecurityContextHolderFilter@5ed83e36, org.springframework.security.web.header.HeaderWriterFilter@732ffb6a, org.springframework.web.filter.CorsFilter@16441c13, org.springframework.security.web.authentication.logout.LogoutFilter@53d0cf4d, peep.xchange.Filter.JwtAuthorizationFilter@6d3b59e2, org.springframework.security.web.authentication.UsernamePasswordAuthenticationFilter@72e4905c, org.springframework.security.web.authentication.www.BasicAuthenticationFilter@279b83ea, org.springframework.security.web.savedrequest.RequestCacheAwareFilter@2459715c, org.springframework.security.web.servletapi.SecurityContextHolderAwareRequestFilter@401e36ab, org.springframework.security.web.authentication.AnonymousAuthenticationFilter@164dfad2, org.springframework.security.web.access.ExceptionTranslationFilter@5827908c, org.springframework.security.web.access.intercept.AuthorizationFilter@d7645b2]
2024-06-01T21:10:24.060-04:00  INFO 16484 --- [    Test worker] o.s.b.w.embedded.tomcat.TomcatWebServer  : Tomcat started on port 42755 (http) with context path '/'
2024-06-01T21:10:24.063-04:00  INFO 16484 --- [    Test worker] peep.xchange.CashCardApplicationTests    : Started CashCardApplicationTests in 0.636 seconds (process running for 11.378)
2024-06-01T21:10:24.070-04:00  INFO 16484 --- [o-auto-4-exec-1] o.a.c.c.C.[Tomcat].[localhost].[/]       : Initializing Spring DispatcherServlet 'dispatcherServlet'
2024-06-01T21:10:24.070-04:00  INFO 16484 --- [o-auto-4-exec-1] o.s.web.servlet.DispatcherServlet        : Initializing Servlet 'dispatcherServlet'
2024-06-01T21:10:24.071-04:00  INFO 16484 --- [o-auto-4-exec-1] o.s.web.servlet.DispatcherServlet        : Completed initialization in 1 ms
]]></system-out>
  <system-err><![CDATA[WARNING: A Java agent has been loaded dynamically (C:\Users\Dmers\.gradle\caches\modules-2\files-2.1\net.bytebuddy\byte-buddy-agent\1.14.16\4a451ee6484abac3a498df0f3b33ed00a6fced4d\byte-buddy-agent-1.14.16.jar)
WARNING: If a serviceability tool is in use, please run with -XX:+EnableDynamicAgentLoading to hide this warning
WARNING: If a serviceability tool is not in use, please run with -Djdk.instrument.traceUsage for more information
WARNING: Dynamic loading of agents will be disallowed by default in a future release
]]></system-err>
</testsuite>
