<?xml version="1.0" encoding="UTF-8"?>
<testsuite name="peep.xchange.CashCardApplicationTests" tests="16" skipped="0" failures="0" errors="0" timestamp="2024-06-01T01:51:23" hostname="DREW" time="4.312">
  <properties/>
  <testcase name="shouldReturnASortedPageOfCashCards()" classname="peep.xchange.CashCardApplicationTests" time="0.95"/>
  <testcase name="shouldNotAllowDeletionOfCashCardsTheyDoNotOwn()" classname="peep.xchange.CashCardApplicationTests" time="0.13"/>
  <testcase name="shouldDeleteAnExistingCashCard()" classname="peep.xchange.CashCardApplicationTests" time="0.154"/>
  <testcase name="shouldNotAllowAccessToCashCardsTheyDoNotOwn()" classname="peep.xchange.CashCardApplicationTests" time="0.112"/>
  <testcase name="shouldNotUpdateACashCardThatIsOwnedBySomeoneElse()" classname="peep.xchange.CashCardApplicationTests" time="0.084"/>
  <testcase name="shouldReturnACashCardWhenDataIsSaved()" classname="peep.xchange.CashCardApplicationTests" time="0.058"/>
  <testcase name="shouldNotDeleteACashCardThatDoesNotExist()" classname="peep.xchange.CashCardApplicationTests" time="0.057"/>
  <testcase name="shouldCreateANewCashCard()" classname="peep.xchange.CashCardApplicationTests" time="0.149"/>
  <testcase name="shouldRejectUsersWhoAreNotCardOwners()" classname="peep.xchange.CashCardApplicationTests" time="0.111"/>
  <testcase name="shouldReturnAPageOfCashCards()" classname="peep.xchange.CashCardApplicationTests" time="0.06"/>
  <testcase name="shouldUpdateAnExistingCashCard()" classname="peep.xchange.CashCardApplicationTests" time="0.127"/>
  <testcase name="shouldNotUpdateACashCardThatDoesNotExist()" classname="peep.xchange.CashCardApplicationTests" time="0.112"/>
  <testcase name="shouldNotReturnACashCardWhenUsingBadCredentials()" classname="peep.xchange.CashCardApplicationTests" time="0.121"/>
  <testcase name="shouldReturnAllCashCardsWhenListIsRequested()" classname="peep.xchange.CashCardApplicationTests" time="0.07"/>
  <testcase name="shouldReturnASortedPageOfCashCardsWithNoParametersAndUseDefaultValues()" classname="peep.xchange.CashCardApplicationTests" time="0.058"/>
  <testcase name="shouldNotReturnACashCardWithAnUnknownId()" classname="peep.xchange.CashCardApplicationTests" time="0.06"/>
  <system-out><![CDATA[21:51:20.020 [Test worker] INFO org.springframework.test.context.support.AnnotationConfigContextLoaderUtils -- Could not detect default configuration classes for test class [peep.xchange.CashCardApplicationTests]: CashCardApplicationTests does not declare any static, non-private, non-final, nested classes annotated with @Configuration.
21:51:20.126 [Test worker] INFO org.springframework.boot.test.context.SpringBootTestContextBootstrapper -- Found @SpringBootConfiguration peep.xchange.CashCardApplication for test class peep.xchange.CashCardApplicationTests
  .   ____          _            __ _ _
 /\\ / ___'_ __ _ _(_)_ __  __ _ \ \ \ \
( ( )\___ | '_ | '_| | '_ \/ _` | \ \ \ \
 \\/  ___)| |_)| | | | | || (_| |  ) ) ) )
  '  |____| .__|_| |_|_| |_\__, | / / / /
 =========|_|==============|___/=/_/_/_/

 :: Spring Boot ::                (v3.3.0)

2024-05-31T21:51:20.461-04:00  INFO 3680 --- [    Test worker] peep.xchange.CashCardApplicationTests    : Starting CashCardApplicationTests using Java 21.0.3 with PID 3680 (started by Dmers in C:\Users\Dmers\Code\Spring\PeepMonopoly)
2024-05-31T21:51:20.462-04:00  INFO 3680 --- [    Test worker] peep.xchange.CashCardApplicationTests    : No active profile set, falling back to 1 default profile: "default"
2024-05-31T21:51:21.234-04:00  INFO 3680 --- [    Test worker] .s.d.r.c.RepositoryConfigurationDelegate : Bootstrapping Spring Data JDBC repositories in DEFAULT mode.
2024-05-31T21:51:21.270-04:00  INFO 3680 --- [    Test worker] .s.d.r.c.RepositoryConfigurationDelegate : Finished Spring Data repository scanning in 32 ms. Found 2 JDBC repository interfaces.
2024-05-31T21:51:21.883-04:00  INFO 3680 --- [    Test worker] o.s.b.w.embedded.tomcat.TomcatWebServer  : Tomcat initialized with port 0 (http)
2024-05-31T21:51:21.896-04:00  INFO 3680 --- [    Test worker] o.apache.catalina.core.StandardService   : Starting service [Tomcat]
2024-05-31T21:51:21.896-04:00  INFO 3680 --- [    Test worker] o.apache.catalina.core.StandardEngine    : Starting Servlet engine: [Apache Tomcat/10.1.24]
2024-05-31T21:51:21.954-04:00  INFO 3680 --- [    Test worker] o.a.c.c.C.[Tomcat].[localhost].[/]       : Initializing Spring embedded WebApplicationContext
2024-05-31T21:51:21.955-04:00  INFO 3680 --- [    Test worker] w.s.c.ServletWebServerApplicationContext : Root WebApplicationContext: initialization completed in 1476 ms
2024-05-31T21:51:22.272-04:00  INFO 3680 --- [    Test worker] com.zaxxer.hikari.HikariDataSource       : HikariPool-1 - Starting...
2024-05-31T21:51:22.464-04:00  INFO 3680 --- [    Test worker] com.zaxxer.hikari.pool.HikariPool        : HikariPool-1 - Added connection conn0: url=jdbc:h2:mem:0724d631-bb1b-4608-83c7-e5f7b228ab18 user=SA
2024-05-31T21:51:22.465-04:00  INFO 3680 --- [    Test worker] com.zaxxer.hikari.HikariDataSource       : HikariPool-1 - Start completed.
2024-05-31T21:51:23.243-04:00  INFO 3680 --- [    Test worker] r$InitializeUserDetailsManagerConfigurer : Global AuthenticationManager configured with UserDetailsService bean with name testOnlyUsers
2024-05-31T21:51:23.292-04:00  INFO 3680 --- [    Test worker] o.s.b.a.w.s.WelcomePageHandlerMapping    : Adding welcome page: class path resource [static/index.html]
2024-05-31T21:51:23.544-04:00  INFO 3680 --- [    Test worker] o.s.b.a.e.web.EndpointLinksResolver      : Exposing 1 endpoint beneath base path '/actuator'
2024-05-31T21:51:23.584-04:00  INFO 3680 --- [    Test worker] o.s.s.web.DefaultSecurityFilterChain     : Will secure any request with [org.springframework.security.web.session.DisableEncodeUrlFilter@6f2a3b37, org.springframework.security.web.context.request.async.WebAsyncManagerIntegrationFilter@323b0632, org.springframework.security.web.context.SecurityContextHolderFilter@69d902f9, org.springframework.security.web.header.HeaderWriterFilter@2ff8d39b, org.springframework.web.filter.CorsFilter@7cd8831c, org.springframework.security.web.authentication.logout.LogoutFilter@6247c08c, org.springframework.security.web.authentication.www.BasicAuthenticationFilter@39ac8c0c, org.springframework.security.web.savedrequest.RequestCacheAwareFilter@3ca3eba2, org.springframework.security.web.servletapi.SecurityContextHolderAwareRequestFilter@102ecb61, org.springframework.security.web.authentication.AnonymousAuthenticationFilter@146db8a6, org.springframework.security.web.access.ExceptionTranslationFilter@10a064bd, org.springframework.security.web.access.intercept.AuthorizationFilter@6b278b17]
2024-05-31T21:51:23.898-04:00  INFO 3680 --- [    Test worker] o.s.b.w.embedded.tomcat.TomcatWebServer  : Tomcat started on port 32411 (http) with context path '/'
2024-05-31T21:51:23.909-04:00  INFO 3680 --- [    Test worker] peep.xchange.CashCardApplicationTests    : Started CashCardApplicationTests in 3.667 seconds (process running for 4.614)
2024-05-31T21:51:24.585-04:00  INFO 3680 --- [o-auto-1-exec-1] o.a.c.c.C.[Tomcat].[localhost].[/]       : Initializing Spring DispatcherServlet 'dispatcherServlet'
2024-05-31T21:51:24.585-04:00  INFO 3680 --- [o-auto-1-exec-1] o.s.web.servlet.DispatcherServlet        : Initializing Servlet 'dispatcherServlet'
2024-05-31T21:51:24.586-04:00  INFO 3680 --- [o-auto-1-exec-1] o.s.web.servlet.DispatcherServlet        : Completed initialization in 1 ms
2024-05-31T21:51:25.209-04:00  INFO 3680 --- [    Test worker] com.zaxxer.hikari.HikariDataSource       : HikariPool-1 - Shutdown initiated...
2024-05-31T21:51:25.212-04:00  INFO 3680 --- [    Test worker] com.zaxxer.hikari.HikariDataSource       : HikariPool-1 - Shutdown completed.
  .   ____          _            __ _ _
 /\\ / ___'_ __ _ _(_)_ __  __ _ \ \ \ \
( ( )\___ | '_ | '_| | '_ \/ _` | \ \ \ \
 \\/  ___)| |_)| | | | | || (_| |  ) ) ) )
  '  |____| .__|_| |_|_| |_\__, | / / / /
 =========|_|==============|___/=/_/_/_/

 :: Spring Boot ::                (v3.3.0)

2024-05-31T21:51:25.238-04:00  INFO 3680 --- [    Test worker] peep.xchange.CashCardApplicationTests    : Starting CashCardApplicationTests using Java 21.0.3 with PID 3680 (started by Dmers in C:\Users\Dmers\Code\Spring\PeepMonopoly)
2024-05-31T21:51:25.238-04:00  INFO 3680 --- [    Test worker] peep.xchange.CashCardApplicationTests    : No active profile set, falling back to 1 default profile: "default"
2024-05-31T21:51:25.449-04:00  INFO 3680 --- [    Test worker] .s.d.r.c.RepositoryConfigurationDelegate : Bootstrapping Spring Data JDBC repositories in DEFAULT mode.
2024-05-31T21:51:25.456-04:00  INFO 3680 --- [    Test worker] .s.d.r.c.RepositoryConfigurationDelegate : Finished Spring Data repository scanning in 6 ms. Found 2 JDBC repository interfaces.
2024-05-31T21:51:25.515-04:00  INFO 3680 --- [    Test worker] o.s.b.w.embedded.tomcat.TomcatWebServer  : Tomcat initialized with port 0 (http)
2024-05-31T21:51:25.516-04:00  INFO 3680 --- [    Test worker] o.apache.catalina.core.StandardService   : Starting service [Tomcat]
2024-05-31T21:51:25.516-04:00  INFO 3680 --- [    Test worker] o.apache.catalina.core.StandardEngine    : Starting Servlet engine: [Apache Tomcat/10.1.24]
2024-05-31T21:51:25.542-04:00  INFO 3680 --- [    Test worker] o.a.c.c.C.[Tomcat].[localhost].[/]       : Initializing Spring embedded WebApplicationContext
2024-05-31T21:51:25.542-04:00  INFO 3680 --- [    Test worker] w.s.c.ServletWebServerApplicationContext : Root WebApplicationContext: initialization completed in 303 ms
2024-05-31T21:51:25.587-04:00  INFO 3680 --- [    Test worker] com.zaxxer.hikari.HikariDataSource       : HikariPool-2 - Starting...
2024-05-31T21:51:25.590-04:00  INFO 3680 --- [    Test worker] com.zaxxer.hikari.pool.HikariPool        : HikariPool-2 - Added connection conn10: url=jdbc:h2:mem:c0036bd7-a13e-4714-98de-c16ee2b2faf9 user=SA
2024-05-31T21:51:25.590-04:00  INFO 3680 --- [    Test worker] com.zaxxer.hikari.HikariDataSource       : HikariPool-2 - Start completed.
2024-05-31T21:51:25.837-04:00  INFO 3680 --- [    Test worker] r$InitializeUserDetailsManagerConfigurer : Global AuthenticationManager configured with UserDetailsService bean with name testOnlyUsers
2024-05-31T21:51:25.844-04:00  INFO 3680 --- [    Test worker] o.s.b.a.w.s.WelcomePageHandlerMapping    : Adding welcome page: class path resource [static/index.html]
2024-05-31T21:51:25.881-04:00  INFO 3680 --- [    Test worker] o.s.b.a.e.web.EndpointLinksResolver      : Exposing 1 endpoint beneath base path '/actuator'
2024-05-31T21:51:25.886-04:00  INFO 3680 --- [    Test worker] o.s.s.web.DefaultSecurityFilterChain     : Will secure any request with [org.springframework.security.web.session.DisableEncodeUrlFilter@708f238f, org.springframework.security.web.context.request.async.WebAsyncManagerIntegrationFilter@509d999c, org.springframework.security.web.context.SecurityContextHolderFilter@76ac8c3d, org.springframework.security.web.header.HeaderWriterFilter@396a4dea, org.springframework.web.filter.CorsFilter@12544a50, org.springframework.security.web.authentication.logout.LogoutFilter@3c8c5513, org.springframework.security.web.authentication.www.BasicAuthenticationFilter@2ef5df8f, org.springframework.security.web.savedrequest.RequestCacheAwareFilter@6b5c4b75, org.springframework.security.web.servletapi.SecurityContextHolderAwareRequestFilter@453de9d0, org.springframework.security.web.authentication.AnonymousAuthenticationFilter@125df632, org.springframework.security.web.access.ExceptionTranslationFilter@5ace902e, org.springframework.security.web.access.intercept.AuthorizationFilter@1fdbba0d]
2024-05-31T21:51:25.924-04:00  INFO 3680 --- [    Test worker] o.s.b.w.embedded.tomcat.TomcatWebServer  : Tomcat started on port 32416 (http) with context path '/'
2024-05-31T21:51:25.928-04:00  INFO 3680 --- [    Test worker] peep.xchange.CashCardApplicationTests    : Started CashCardApplicationTests in 0.71 seconds (process running for 6.634)
2024-05-31T21:51:25.934-04:00  INFO 3680 --- [o-auto-2-exec-1] o.a.c.c.C.[Tomcat].[localhost].[/]       : Initializing Spring DispatcherServlet 'dispatcherServlet'
2024-05-31T21:51:25.934-04:00  INFO 3680 --- [o-auto-2-exec-1] o.s.web.servlet.DispatcherServlet        : Initializing Servlet 'dispatcherServlet'
2024-05-31T21:51:25.934-04:00  INFO 3680 --- [o-auto-2-exec-1] o.s.web.servlet.DispatcherServlet        : Completed initialization in 0 ms
2024-05-31T21:51:26.391-04:00  INFO 3680 --- [    Test worker] com.zaxxer.hikari.HikariDataSource       : HikariPool-2 - Shutdown initiated...
2024-05-31T21:51:26.393-04:00  INFO 3680 --- [    Test worker] com.zaxxer.hikari.HikariDataSource       : HikariPool-2 - Shutdown completed.
  .   ____          _            __ _ _
 /\\ / ___'_ __ _ _(_)_ __  __ _ \ \ \ \
( ( )\___ | '_ | '_| | '_ \/ _` | \ \ \ \
 \\/  ___)| |_)| | | | | || (_| |  ) ) ) )
  '  |____| .__|_| |_|_| |_\__, | / / / /
 =========|_|==============|___/=/_/_/_/

 :: Spring Boot ::                (v3.3.0)

2024-05-31T21:51:26.410-04:00  INFO 3680 --- [    Test worker] peep.xchange.CashCardApplicationTests    : Starting CashCardApplicationTests using Java 21.0.3 with PID 3680 (started by Dmers in C:\Users\Dmers\Code\Spring\PeepMonopoly)
2024-05-31T21:51:26.410-04:00  INFO 3680 --- [    Test worker] peep.xchange.CashCardApplicationTests    : No active profile set, falling back to 1 default profile: "default"
2024-05-31T21:51:26.583-04:00  INFO 3680 --- [    Test worker] .s.d.r.c.RepositoryConfigurationDelegate : Bootstrapping Spring Data JDBC repositories in DEFAULT mode.
2024-05-31T21:51:26.590-04:00  INFO 3680 --- [    Test worker] .s.d.r.c.RepositoryConfigurationDelegate : Finished Spring Data repository scanning in 6 ms. Found 2 JDBC repository interfaces.
2024-05-31T21:51:26.625-04:00  INFO 3680 --- [    Test worker] o.s.b.w.embedded.tomcat.TomcatWebServer  : Tomcat initialized with port 0 (http)
2024-05-31T21:51:26.625-04:00  INFO 3680 --- [    Test worker] o.apache.catalina.core.StandardService   : Starting service [Tomcat]
2024-05-31T21:51:26.625-04:00  INFO 3680 --- [    Test worker] o.apache.catalina.core.StandardEngine    : Starting Servlet engine: [Apache Tomcat/10.1.24]
2024-05-31T21:51:26.639-04:00  INFO 3680 --- [    Test worker] o.a.c.c.C.[Tomcat].[localhost].[/]       : Initializing Spring embedded WebApplicationContext
2024-05-31T21:51:26.639-04:00  INFO 3680 --- [    Test worker] w.s.c.ServletWebServerApplicationContext : Root WebApplicationContext: initialization completed in 227 ms
2024-05-31T21:51:26.670-04:00  INFO 3680 --- [    Test worker] com.zaxxer.hikari.HikariDataSource       : HikariPool-3 - Starting...
2024-05-31T21:51:26.672-04:00  INFO 3680 --- [    Test worker] com.zaxxer.hikari.pool.HikariPool        : HikariPool-3 - Added connection conn20: url=jdbc:h2:mem:79ca35f7-f56f-4758-a296-5114bb9420ab user=SA
2024-05-31T21:51:26.672-04:00  INFO 3680 --- [    Test worker] com.zaxxer.hikari.HikariDataSource       : HikariPool-3 - Start completed.
2024-05-31T21:51:26.903-04:00  INFO 3680 --- [    Test worker] r$InitializeUserDetailsManagerConfigurer : Global AuthenticationManager configured with UserDetailsService bean with name testOnlyUsers
2024-05-31T21:51:26.909-04:00  INFO 3680 --- [    Test worker] o.s.b.a.w.s.WelcomePageHandlerMapping    : Adding welcome page: class path resource [static/index.html]
2024-05-31T21:51:26.940-04:00  INFO 3680 --- [    Test worker] o.s.b.a.e.web.EndpointLinksResolver      : Exposing 1 endpoint beneath base path '/actuator'
2024-05-31T21:51:26.944-04:00  INFO 3680 --- [    Test worker] o.s.s.web.DefaultSecurityFilterChain     : Will secure any request with [org.springframework.security.web.session.DisableEncodeUrlFilter@1203c259, org.springframework.security.web.context.request.async.WebAsyncManagerIntegrationFilter@3bd552f7, org.springframework.security.web.context.SecurityContextHolderFilter@6193a9e2, org.springframework.security.web.header.HeaderWriterFilter@340f4723, org.springframework.web.filter.CorsFilter@ba4c99c, org.springframework.security.web.authentication.logout.LogoutFilter@21b508a0, org.springframework.security.web.authentication.www.BasicAuthenticationFilter@1bfa398e, org.springframework.security.web.savedrequest.RequestCacheAwareFilter@347074a9, org.springframework.security.web.servletapi.SecurityContextHolderAwareRequestFilter@136d1d58, org.springframework.security.web.authentication.AnonymousAuthenticationFilter@4158b72f, org.springframework.security.web.access.ExceptionTranslationFilter@1b9785aa, org.springframework.security.web.access.intercept.AuthorizationFilter@6dabad5c]
2024-05-31T21:51:26.977-04:00  INFO 3680 --- [    Test worker] o.s.b.w.embedded.tomcat.TomcatWebServer  : Tomcat started on port 32420 (http) with context path '/'
2024-05-31T21:51:26.979-04:00  INFO 3680 --- [    Test worker] peep.xchange.CashCardApplicationTests    : Started CashCardApplicationTests in 0.583 seconds (process running for 7.685)
2024-05-31T21:51:26.985-04:00  INFO 3680 --- [o-auto-3-exec-1] o.a.c.c.C.[Tomcat].[localhost].[/]       : Initializing Spring DispatcherServlet 'dispatcherServlet'
2024-05-31T21:51:26.986-04:00  INFO 3680 --- [o-auto-3-exec-1] o.s.web.servlet.DispatcherServlet        : Initializing Servlet 'dispatcherServlet'
2024-05-31T21:51:26.986-04:00  INFO 3680 --- [o-auto-3-exec-1] o.s.web.servlet.DispatcherServlet        : Completed initialization in 0 ms
2024-05-31T21:51:27.278-04:00  INFO 3680 --- [    Test worker] com.zaxxer.hikari.HikariDataSource       : HikariPool-3 - Shutdown initiated...
2024-05-31T21:51:27.279-04:00  INFO 3680 --- [    Test worker] com.zaxxer.hikari.HikariDataSource       : HikariPool-3 - Shutdown completed.
  .   ____          _            __ _ _
 /\\ / ___'_ __ _ _(_)_ __  __ _ \ \ \ \
( ( )\___ | '_ | '_| | '_ \/ _` | \ \ \ \
 \\/  ___)| |_)| | | | | || (_| |  ) ) ) )
  '  |____| .__|_| |_|_| |_\__, | / / / /
 =========|_|==============|___/=/_/_/_/

 :: Spring Boot ::                (v3.3.0)

2024-05-31T21:51:27.294-04:00  INFO 3680 --- [    Test worker] peep.xchange.CashCardApplicationTests    : Starting CashCardApplicationTests using Java 21.0.3 with PID 3680 (started by Dmers in C:\Users\Dmers\Code\Spring\PeepMonopoly)
2024-05-31T21:51:27.294-04:00  INFO 3680 --- [    Test worker] peep.xchange.CashCardApplicationTests    : No active profile set, falling back to 1 default profile: "default"
2024-05-31T21:51:27.441-04:00  INFO 3680 --- [    Test worker] .s.d.r.c.RepositoryConfigurationDelegate : Bootstrapping Spring Data JDBC repositories in DEFAULT mode.
2024-05-31T21:51:27.449-04:00  INFO 3680 --- [    Test worker] .s.d.r.c.RepositoryConfigurationDelegate : Finished Spring Data repository scanning in 6 ms. Found 2 JDBC repository interfaces.
2024-05-31T21:51:27.491-04:00  INFO 3680 --- [    Test worker] o.s.b.w.embedded.tomcat.TomcatWebServer  : Tomcat initialized with port 0 (http)
2024-05-31T21:51:27.491-04:00  INFO 3680 --- [    Test worker] o.apache.catalina.core.StandardService   : Starting service [Tomcat]
2024-05-31T21:51:27.492-04:00  INFO 3680 --- [    Test worker] o.apache.catalina.core.StandardEngine    : Starting Servlet engine: [Apache Tomcat/10.1.24]
2024-05-31T21:51:27.508-04:00  INFO 3680 --- [    Test worker] o.a.c.c.C.[Tomcat].[localhost].[/]       : Initializing Spring embedded WebApplicationContext
2024-05-31T21:51:27.508-04:00  INFO 3680 --- [    Test worker] w.s.c.ServletWebServerApplicationContext : Root WebApplicationContext: initialization completed in 213 ms
2024-05-31T21:51:27.537-04:00  INFO 3680 --- [    Test worker] com.zaxxer.hikari.HikariDataSource       : HikariPool-4 - Starting...
2024-05-31T21:51:27.539-04:00  INFO 3680 --- [    Test worker] com.zaxxer.hikari.pool.HikariPool        : HikariPool-4 - Added connection conn30: url=jdbc:h2:mem:39288d44-e0c8-4c2c-9704-28f2112ad473 user=SA
2024-05-31T21:51:27.539-04:00  INFO 3680 --- [    Test worker] com.zaxxer.hikari.HikariDataSource       : HikariPool-4 - Start completed.
2024-05-31T21:51:27.771-04:00  INFO 3680 --- [    Test worker] r$InitializeUserDetailsManagerConfigurer : Global AuthenticationManager configured with UserDetailsService bean with name testOnlyUsers
2024-05-31T21:51:27.775-04:00  INFO 3680 --- [    Test worker] o.s.b.a.w.s.WelcomePageHandlerMapping    : Adding welcome page: class path resource [static/index.html]
2024-05-31T21:51:27.815-04:00  INFO 3680 --- [    Test worker] o.s.b.a.e.web.EndpointLinksResolver      : Exposing 1 endpoint beneath base path '/actuator'
2024-05-31T21:51:27.822-04:00  INFO 3680 --- [    Test worker] o.s.s.web.DefaultSecurityFilterChain     : Will secure any request with [org.springframework.security.web.session.DisableEncodeUrlFilter@cf9223f, org.springframework.security.web.context.request.async.WebAsyncManagerIntegrationFilter@7a62e096, org.springframework.security.web.context.SecurityContextHolderFilter@67d4e8f7, org.springframework.security.web.header.HeaderWriterFilter@6208f81c, org.springframework.web.filter.CorsFilter@426d7d23, org.springframework.security.web.authentication.logout.LogoutFilter@346d441a, org.springframework.security.web.authentication.www.BasicAuthenticationFilter@526ae1fc, org.springframework.security.web.savedrequest.RequestCacheAwareFilter@3d5211ee, org.springframework.security.web.servletapi.SecurityContextHolderAwareRequestFilter@51535304, org.springframework.security.web.authentication.AnonymousAuthenticationFilter@478d1193, org.springframework.security.web.access.ExceptionTranslationFilter@1baef878, org.springframework.security.web.access.intercept.AuthorizationFilter@521d455c]
2024-05-31T21:51:27.866-04:00  INFO 3680 --- [    Test worker] o.s.b.w.embedded.tomcat.TomcatWebServer  : Tomcat started on port 32424 (http) with context path '/'
2024-05-31T21:51:27.869-04:00  INFO 3680 --- [    Test worker] peep.xchange.CashCardApplicationTests    : Started CashCardApplicationTests in 0.587 seconds (process running for 8.574)
2024-05-31T21:51:27.875-04:00  INFO 3680 --- [o-auto-4-exec-1] o.a.c.c.C.[Tomcat].[localhost].[/]       : Initializing Spring DispatcherServlet 'dispatcherServlet'
2024-05-31T21:51:27.875-04:00  INFO 3680 --- [o-auto-4-exec-1] o.s.web.servlet.DispatcherServlet        : Initializing Servlet 'dispatcherServlet'
2024-05-31T21:51:27.876-04:00  INFO 3680 --- [o-auto-4-exec-1] o.s.web.servlet.DispatcherServlet        : Completed initialization in 1 ms
]]></system-out>
  <system-err><![CDATA[WARNING: A Java agent has been loaded dynamically (C:\Users\Dmers\.gradle\caches\modules-2\files-2.1\net.bytebuddy\byte-buddy-agent\1.14.16\4a451ee6484abac3a498df0f3b33ed00a6fced4d\byte-buddy-agent-1.14.16.jar)
WARNING: If a serviceability tool is in use, please run with -XX:+EnableDynamicAgentLoading to hide this warning
WARNING: If a serviceability tool is not in use, please run with -Djdk.instrument.traceUsage for more information
WARNING: Dynamic loading of agents will be disallowed by default in a future release
]]></system-err>
</testsuite>
